# JRE version: Java(TM) SE Runtime Environment (8.0_144-b01) (build 1.8.0_144-b01)
# Java VM: Java HotSpot(TM) 64-Bit Server VM (25.144-b01 mixed mode bsd-amd64 compressed oops)
Heap:
 PSYoungGen      total 175104K, used 97804K [0x00000007b0000000, 0x00000007c0000000, 0x00000007c0000000)
  eden space 88064K, 96% used [0x00000007b0000000,0x00000007b52b73e8,0x00000007b5600000)
  from space 87040K, 15% used [0x00000007bab00000,0x00000007bb7cc010,0x00000007c0000000)
  to   space 87040K, 0% used [0x00000007b5600000,0x00000007b5600000,0x00000007bab00000)
 ParOldGen       total 451072K, used 305459K [0x0000000790000000, 0x00000007ab880000, 0x00000007b0000000)
  object space 451072K, 67% used [0x0000000790000000,0x00000007a2a4cc08,0x00000007ab880000)
 Metaspace       used 4390K, capacity 4960K, committed 5120K, reserved 1056768K
  class space    used 442K, capacity 464K, committed 512K, reserved 1048576K
GC Heap History (10 events):
Event: 7.866 GC heap before
{Heap before GC invocations=23 (full 2):
 PSYoungGen      total 171520K, used 166944K [0x00000007b0000000, 0x00000007c0000000, 0x00000007c0000000)
  eden space 88064K, 100% used [0x00000007b0000000,0x00000007b5600000,0x00000007b5600000)
  from space 83456K, 94% used [0x00000007bae80000,0x00000007bfb88010,0x00000007c0000000)
  to   space 87040K, 0% used [0x00000007b5600000,0x00000007b5600000,0x00000007bab00000)
 ParOldGen       total 302592K, used 199299K [0x0000000790000000, 0x00000007a2780000, 0x00000007b0000000)
  object space 302592K, 65% used [0x0000000790000000,0x000000079c2a0f48,0x00000007a2780000)
 Metaspace       used 3651K, capacity 4856K, committed 5120K, reserved 1056768K
  class space    used 366K, capacity 424K, committed 512K, reserved 1048576K
Event: 7.986 GC heap after
Heap after GC invocations=23 (full 2):
 PSYoungGen      total 175104K, used 69952K [0x00000007b0000000, 0x00000007c0000000, 0x00000007c0000000)
  eden space 88064K, 0% used [0x00000007b0000000,0x00000007b0000000,0x00000007b5600000)
  from space 87040K, 80% used [0x00000007b5600000,0x00000007b9a50010,0x00000007bab00000)
  to   space 87040K, 0% used [0x00000007bab00000,0x00000007bab00000,0x00000007c0000000)
 ParOldGen       total 302592K, used 218299K [0x0000000790000000, 0x00000007a2780000, 0x00000007b0000000)
  object space 302592K, 72% used [0x0000000790000000,0x000000079d52ef48,0x00000007a2780000)
 Metaspace       used 3651K, capacity 4856K, committed 5120K, reserved 1056768K
  class space    used 366K, capacity 424K, committed 512K, reserved 1048576K
}
Event: 8.072 GC heap before
{Heap before GC invocations=24 (full 2):
 PSYoungGen      total 175104K, used 158016K [0x00000007b0000000, 0x00000007c0000000, 0x00000007c0000000)
  eden space 88064K, 100% used [0x00000007b0000000,0x00000007b5600000,0x00000007b5600000)
  from space 87040K, 80% used [0x00000007b5600000,0x00000007b9a50010,0x00000007bab00000)
  to   space 87040K, 0% used [0x00000007bab00000,0x00000007bab00000,0x00000007c0000000)
 ParOldGen       total 302592K, used 218299K [0x0000000790000000, 0x00000007a2780000, 0x00000007b0000000)
  object space 302592K, 72% used [0x0000000790000000,0x000000079d52ef48,0x00000007a2780000)
 Metaspace       used 3651K, capacity 4856K, committed 5120K, reserved 1056768K
  class space    used 366K, capacity 424K, committed 512K, reserved 1048576K
Event: 8.149 GC heap after
Heap after GC invocations=24 (full 2):
 PSYoungGen      total 175104K, used 57216K [0x00000007b0000000, 0x00000007c0000000, 0x00000007c0000000)
  eden space 88064K, 0% used [0x00000007b0000000,0x00000007b0000000,0x00000007b5600000)
  from space 87040K, 65% used [0x00000007bab00000,0x00000007be2e0010,0x00000007c0000000)
  to   space 87040K, 0% used [0x00000007b5600000,0x00000007b5600000,0x00000007bab00000)
 ParOldGen       total 302592K, used 241427K [0x0000000790000000, 0x00000007a2780000, 0x00000007b0000000)
  object space 302592K, 79% used [0x0000000790000000,0x000000079ebc4f48,0x00000007a2780000)
 Metaspace       used 3651K, capacity 4856K, committed 5120K, reserved 1056768K
  class space    used 366K, capacity 424K, committed 512K, reserved 1048576K
}
Event: 8.246 GC heap before
{Heap before GC invocations=25 (full 2):
 PSYoungGen      total 175104K, used 145280K [0x00000007b0000000, 0x00000007c0000000, 0x00000007c0000000)
  eden space 88064K, 100% used [0x00000007b0000000,0x00000007b5600000,0x00000007b5600000)
  from space 87040K, 65% used [0x00000007bab00000,0x00000007be2e0010,0x00000007c0000000)
  to   space 87040K, 0% used [0x00000007b5600000,0x00000007b5600000,0x00000007bab00000)
 ParOldGen       total 302592K, used 241427K [0x0000000790000000, 0x00000007a2780000, 0x00000007b0000000)
  object space 302592K, 79% used [0x0000000790000000,0x000000079ebc4f48,0x00000007a2780000)
 Metaspace       used 3651K, capacity 4856K, committed 5120K, reserved 1056768K
  class space    used 366K, capacity 424K, committed 512K, reserved 1048576K
Event: 8.324 GC heap after
Heap after GC invocations=25 (full 2):
 PSYoungGen      total 175104K, used 43040K [0x00000007b0000000, 0x00000007c0000000, 0x00000007c0000000)
  eden space 88064K, 0% used [0x00000007b0000000,0x00000007b0000000,0x00000007b5600000)
  from space 87040K, 49% used [0x00000007b5600000,0x00000007b8008010,0x00000007bab00000)
  to   space 87040K, 0% used [0x00000007bab00000,0x00000007bab00000,0x00000007c0000000)
 ParOldGen       total 302592K, used 265859K [0x0000000790000000, 0x00000007a2780000, 0x00000007b0000000)
  object space 302592K, 87% used [0x0000000790000000,0x00000007a03a0f48,0x00000007a2780000)
 Metaspace       used 3651K, capacity 4856K, committed 5120K, reserved 1056768K
  class space    used 366K, capacity 424K, committed 512K, reserved 1048576K
}
Event: 8.324 GC heap before
{Heap before GC invocations=26 (full 3):
 PSYoungGen      total 175104K, used 43040K [0x00000007b0000000, 0x00000007c0000000, 0x00000007c0000000)
  eden space 88064K, 0% used [0x00000007b0000000,0x00000007b0000000,0x00000007b5600000)
  from space 87040K, 49% used [0x00000007b5600000,0x00000007b8008010,0x00000007bab00000)
  to   space 87040K, 0% used [0x00000007bab00000,0x00000007bab00000,0x00000007c0000000)
 ParOldGen       total 302592K, used 265859K [0x0000000790000000, 0x00000007a2780000, 0x00000007b0000000)
  object space 302592K, 87% used [0x0000000790000000,0x00000007a03a0f48,0x00000007a2780000)
 Metaspace       used 3651K, capacity 4856K, committed 5120K, reserved 1056768K
  class space    used 366K, capacity 424K, committed 512K, reserved 1048576K
Event: 10.086 GC heap after
Heap after GC invocations=26 (full 3):
 PSYoungGen      total 175104K, used 6128K [0x00000007b0000000, 0x00000007c0000000, 0x00000007c0000000)
  eden space 88064K, 0% used [0x00000007b0000000,0x00000007b0000000,0x00000007b5600000)
  from space 87040K, 7% used [0x00000007b5600000,0x00000007b5bfc360,0x00000007bab00000)
  to   space 87040K, 0% used [0x00000007bab00000,0x00000007bab00000,0x00000007c0000000)
 ParOldGen       total 451072K, used 302179K [0x0000000790000000, 0x00000007ab880000, 0x00000007b0000000)
  object space 451072K, 66% used [0x0000000790000000,0x00000007a2718c08,0x00000007ab880000)
 Metaspace       used 3651K, capacity 4856K, committed 5120K, reserved 1056768K
  class space    used 366K, capacity 424K, committed 512K, reserved 1048576K
}
Event: 10.241 GC heap before
{Heap before GC invocations=27 (full 3):
 PSYoungGen      total 175104K, used 94192K [0x00000007b0000000, 0x00000007c0000000, 0x00000007c0000000)
  eden space 88064K, 100% used [0x00000007b0000000,0x00000007b5600000,0x00000007b5600000)
  from space 87040K, 7% used [0x00000007b5600000,0x00000007b5bfc360,0x00000007bab00000)
  to   space 87040K, 0% used [0x00000007bab00000,0x00000007bab00000,0x00000007c0000000)
 ParOldGen       total 451072K, used 302179K [0x0000000790000000, 0x00000007ab880000, 0x00000007b0000000)
  object space 451072K, 66% used [0x0000000790000000,0x00000007a2718c08,0x00000007ab880000)
 Metaspace       used 3651K, capacity 4856K, committed 5120K, reserved 1056768K
  class space    used 366K, capacity 424K, committed 512K, reserved 1048576K
Event: 10.380 GC heap after
Heap after GC invocations=27 (full 3):
 PSYoungGen      total 175104K, used 13104K [0x00000007b0000000, 0x00000007c0000000, 0x00000007c0000000)
  eden space 88064K, 0% used [0x00000007b0000000,0x00000007b0000000,0x00000007b5600000)
  from space 87040K, 15% used [0x00000007bab00000,0x00000007bb7cc010,0x00000007c0000000)
  to   space 87040K, 0% used [0x00000007b5600000,0x00000007b5600000,0x00000007bab00000)
 ParOldGen       total 451072K, used 305459K [0x0000000790000000, 0x00000007ab880000, 0x00000007b0000000)
  object space 451072K, 67% used [0x0000000790000000,0x00000007a2a4cc08,0x00000007ab880000)
 Metaspace       used 3651K, capacity 4856K, committed 5120K, reserved 1056768K
  class space    used 366K, capacity 424K, committed 512K, reserved 1048576K
}

