# JRE version: Java(TM) SE Runtime Environment (8.0_144-b01) (build 1.8.0_144-b01)
# Java VM: Java HotSpot(TM) 64-Bit Server VM (25.144-b01 mixed mode bsd-amd64 compressed oops)
Heap:
 PSYoungGen      total 195072K, used 119907K [0x00000007b0000000, 0x00000007c0000000, 0x00000007c0000000)
  eden space 139264K, 46% used [0x00000007b0000000,0x00000007b3ebb0b8,0x00000007b8800000)
  from space 55808K, 99% used [0x00000007b8800000,0x00000007bbe5de08,0x00000007bbe80000)
  to   space 64000K, 0% used [0x00000007bc180000,0x00000007bc180000,0x00000007c0000000)
 ParOldGen       total 408576K, used 283823K [0x0000000790000000, 0x00000007a8f00000, 0x00000007b0000000)
  object space 408576K, 69% used [0x0000000790000000,0x00000007a152bef0,0x00000007a8f00000)
 Metaspace       used 10637K, capacity 10742K, committed 11136K, reserved 1058816K
  class space    used 1528K, capacity 1553K, committed 1664K, reserved 1048576K
GC Heap History (10 events):
Event: 7.333 GC heap before
{Heap before GC invocations=28 (full 3):
 PSYoungGen      total 194560K, used 170528K [0x00000007b0000000, 0x00000007bfc00000, 0x00000007c0000000)
  eden space 130048K, 100% used [0x00000007b0000000,0x00000007b7f00000,0x00000007b7f00000)
  from space 64512K, 62% used [0x00000007bbd00000,0x00000007be488010,0x00000007bfc00000)
  to   space 63488K, 0% used [0x00000007b7f00000,0x00000007b7f00000,0x00000007bbd00000)
 ParOldGen       total 408576K, used 283807K [0x0000000790000000, 0x00000007a8f00000, 0x00000007b0000000)
  object space 408576K, 69% used [0x0000000790000000,0x00000007a1527ef0,0x00000007a8f00000)
 Metaspace       used 4425K, capacity 4960K, committed 5120K, reserved 1056768K
  class space    used 443K, capacity 464K, committed 512K, reserved 1048576K
Event: 7.364 GC heap after
Heap after GC invocations=28 (full 3):
 PSYoungGen      total 193536K, used 40736K [0x00000007b0000000, 0x00000007bfd00000, 0x00000007c0000000)
  eden space 130048K, 0% used [0x00000007b0000000,0x00000007b0000000,0x00000007b7f00000)
  from space 63488K, 64% used [0x00000007b7f00000,0x00000007ba6c8010,0x00000007bbd00000)
  to   space 62464K, 0% used [0x00000007bc000000,0x00000007bc000000,0x00000007bfd00000)
 ParOldGen       total 408576K, used 283807K [0x0000000790000000, 0x00000007a8f00000, 0x00000007b0000000)
  object space 408576K, 69% used [0x0000000790000000,0x00000007a1527ef0,0x00000007a8f00000)
 Metaspace       used 4425K, capacity 4960K, committed 5120K, reserved 1056768K
  class space    used 443K, capacity 464K, committed 512K, reserved 1048576K
}
Event: 7.480 GC heap before
{Heap before GC invocations=29 (full 3):
 PSYoungGen      total 193536K, used 170784K [0x00000007b0000000, 0x00000007bfd00000, 0x00000007c0000000)
  eden space 130048K, 100% used [0x00000007b0000000,0x00000007b7f00000,0x00000007b7f00000)
  from space 63488K, 64% used [0x00000007b7f00000,0x00000007ba6c8010,0x00000007bbd00000)
  to   space 62464K, 0% used [0x00000007bc000000,0x00000007bc000000,0x00000007bfd00000)
 ParOldGen       total 408576K, used 283807K [0x0000000790000000, 0x00000007a8f00000, 0x00000007b0000000)
  object space 408576K, 69% used [0x0000000790000000,0x00000007a1527ef0,0x00000007a8f00000)
 Metaspace       used 4425K, capacity 4960K, committed 5120K, reserved 1056768K
  class space    used 443K, capacity 464K, committed 512K, reserved 1048576K
Event: 7.513 GC heap after
Heap after GC invocations=29 (full 3):
 PSYoungGen      total 197632K, used 40928K [0x00000007b0000000, 0x00000007bfd00000, 0x00000007c0000000)
  eden space 135168K, 0% used [0x00000007b0000000,0x00000007b0000000,0x00000007b8400000)
  from space 62464K, 65% used [0x00000007bc000000,0x00000007be7f8010,0x00000007bfd00000)
  to   space 61440K, 0% used [0x00000007b8400000,0x00000007b8400000,0x00000007bc000000)
 ParOldGen       total 408576K, used 283815K [0x0000000790000000, 0x00000007a8f00000, 0x00000007b0000000)
  object space 408576K, 69% used [0x0000000790000000,0x00000007a1529ef0,0x00000007a8f00000)
 Metaspace       used 4425K, capacity 4960K, committed 5120K, reserved 1056768K
  class space    used 443K, capacity 464K, committed 512K, reserved 1048576K
}
Event: 7.670 GC heap before
{Heap before GC invocations=30 (full 3):
 PSYoungGen      total 197632K, used 176096K [0x00000007b0000000, 0x00000007bfd00000, 0x00000007c0000000)
  eden space 135168K, 100% used [0x00000007b0000000,0x00000007b8400000,0x00000007b8400000)
  from space 62464K, 65% used [0x00000007bc000000,0x00000007be7f8010,0x00000007bfd00000)
  to   space 61440K, 0% used [0x00000007b8400000,0x00000007b8400000,0x00000007bc000000)
 ParOldGen       total 408576K, used 283815K [0x0000000790000000, 0x00000007a8f00000, 0x00000007b0000000)
  object space 408576K, 69% used [0x0000000790000000,0x00000007a1529ef0,0x00000007a8f00000)
 Metaspace       used 4425K, capacity 4960K, committed 5120K, reserved 1056768K
  class space    used 444K, capacity 464K, committed 512K, reserved 1048576K
Event: 7.710 GC heap after
Heap after GC invocations=30 (full 3):
 PSYoungGen      total 196608K, used 41120K [0x00000007b0000000, 0x00000007bfd00000, 0x00000007c0000000)
  eden space 135168K, 0% used [0x00000007b0000000,0x00000007b0000000,0x00000007b8400000)
  from space 61440K, 66% used [0x00000007b8400000,0x00000007bac28010,0x00000007bc000000)
  to   space 60416K, 0% used [0x00000007bc200000,0x00000007bc200000,0x00000007bfd00000)
 ParOldGen       total 408576K, used 283815K [0x0000000790000000, 0x00000007a8f00000, 0x00000007b0000000)
  object space 408576K, 69% used [0x0000000790000000,0x00000007a1529ef0,0x00000007a8f00000)
 Metaspace       used 4425K, capacity 4960K, committed 5120K, reserved 1056768K
  class space    used 444K, capacity 464K, committed 512K, reserved 1048576K
}
Event: 7.888 GC heap before
{Heap before GC invocations=31 (full 3):
 PSYoungGen      total 196608K, used 176288K [0x00000007b0000000, 0x00000007bfd00000, 0x00000007c0000000)
  eden space 135168K, 100% used [0x00000007b0000000,0x00000007b8400000,0x00000007b8400000)
  from space 61440K, 66% used [0x00000007b8400000,0x00000007bac28010,0x00000007bc000000)
  to   space 60416K, 0% used [0x00000007bc200000,0x00000007bc200000,0x00000007bfd00000)
 ParOldGen       total 408576K, used 283815K [0x0000000790000000, 0x00000007a8f00000, 0x00000007b0000000)
  object space 408576K, 69% used [0x0000000790000000,0x00000007a1529ef0,0x00000007a8f00000)
 Metaspace       used 4425K, capacity 4960K, committed 5120K, reserved 1056768K
  class space    used 444K, capacity 464K, committed 512K, reserved 1048576K
Event: 7.932 GC heap after
Heap after GC invocations=31 (full 3):
 PSYoungGen      total 199680K, used 41248K [0x00000007b0000000, 0x00000007bfd00000, 0x00000007c0000000)
  eden space 139264K, 0% used [0x00000007b0000000,0x00000007b0000000,0x00000007b8800000)
  from space 60416K, 68% used [0x00000007bc200000,0x00000007bea48010,0x00000007bfd00000)
  to   space 59392K, 0% used [0x00000007b8800000,0x00000007b8800000,0x00000007bc200000)
 ParOldGen       total 408576K, used 283815K [0x0000000790000000, 0x00000007a8f00000, 0x00000007b0000000)
  object space 408576K, 69% used [0x0000000790000000,0x00000007a1529ef0,0x00000007a8f00000)
 Metaspace       used 4425K, capacity 4960K, committed 5120K, reserved 1056768K
  class space    used 444K, capacity 464K, committed 512K, reserved 1048576K
}
Event: 8.817 GC heap before
{Heap before GC invocations=32 (full 3):
 PSYoungGen      total 199680K, used 180512K [0x00000007b0000000, 0x00000007bfd00000, 0x00000007c0000000)
  eden space 139264K, 100% used [0x00000007b0000000,0x00000007b8800000,0x00000007b8800000)
  from space 60416K, 68% used [0x00000007bc200000,0x00000007bea48010,0x00000007bfd00000)
  to   space 59392K, 0% used [0x00000007b8800000,0x00000007b8800000,0x00000007bc200000)
 ParOldGen       total 408576K, used 283815K [0x0000000790000000, 0x00000007a8f00000, 0x00000007b0000000)
  object space 408576K, 69% used [0x0000000790000000,0x00000007a1529ef0,0x00000007a8f00000)
 Metaspace       used 9888K, capacity 10000K, committed 10240K, reserved 1058816K
  class space    used 1423K, capacity 1456K, committed 1536K, reserved 1048576K
Event: 8.862 GC heap after
Heap after GC invocations=32 (full 3):
 PSYoungGen      total 195072K, used 55671K [0x00000007b0000000, 0x00000007c0000000, 0x00000007c0000000)
  eden space 139264K, 0% used [0x00000007b0000000,0x00000007b0000000,0x00000007b8800000)
  from space 55808K, 99% used [0x00000007b8800000,0x00000007bbe5de08,0x00000007bbe80000)
  to   space 64000K, 0% used [0x00000007bc180000,0x00000007bc180000,0x00000007c0000000)
 ParOldGen       total 408576K, used 283823K [0x0000000790000000, 0x00000007a8f00000, 0x00000007b0000000)
  object space 408576K, 69% used [0x0000000790000000,0x00000007a152bef0,0x00000007a8f00000)
 Metaspace       used 9888K, capacity 10000K, committed 10240K, reserved 1058816K
  class space    used 1423K, capacity 1456K, committed 1536K, reserved 1048576K
}

