# JRE version: Java(TM) SE Runtime Environment (8.0_144-b01) (build 1.8.0_144-b01)
# Java VM: Java HotSpot(TM) 64-Bit Server VM (25.144-b01 mixed mode bsd-amd64 compressed oops)
Heap:
 PSYoungGen      total 138240K, used 103096K [0x00000007b0000000, 0x00000007c0000000, 0x00000007c0000000)
  eden space 133120K, 73% used [0x00000007b0000000,0x00000007b5fb3478,0x00000007b8200000)
  from space 5120K, 99% used [0x00000007b8200000,0x00000007b86fac88,0x00000007b8700000)
  to   space 22016K, 0% used [0x00000007bea80000,0x00000007bea80000,0x00000007c0000000)
 ParOldGen       total 87552K, used 41910K [0x0000000790000000, 0x0000000795580000, 0x00000007b0000000)
  object space 87552K, 47% used [0x0000000790000000,0x00000007928eda88,0x0000000795580000)
 Metaspace       used 3444K, capacity 4728K, committed 4864K, reserved 1056768K
  class space    used 362K, capacity 424K, committed 512K, reserved 1048576K
GC Heap History (10 events):
Event: 0.771 GC heap before
{Heap before GC invocations=1 (full 0):
 PSYoungGen      total 38400K, used 33280K [0x00000007b0000000, 0x00000007b2a80000, 0x00000007c0000000)
  eden space 33280K, 100% used [0x00000007b0000000,0x00000007b2080000,0x00000007b2080000)
  from space 5120K, 0% used [0x00000007b2580000,0x00000007b2580000,0x00000007b2a80000)
  to   space 5120K, 0% used [0x00000007b2080000,0x00000007b2080000,0x00000007b2580000)
 ParOldGen       total 87552K, used 0K [0x0000000790000000, 0x0000000795580000, 0x00000007b0000000)
  object space 87552K, 0% used [0x0000000790000000,0x0000000790000000,0x0000000795580000)
 Metaspace       used 3404K, capacity 4728K, committed 4864K, reserved 1056768K
  class space    used 362K, capacity 424K, committed 512K, reserved 1048576K
Event: 0.782 GC heap after
Heap after GC invocations=1 (full 0):
 PSYoungGen      total 38400K, used 5118K [0x00000007b0000000, 0x00000007b4b00000, 0x00000007c0000000)
  eden space 33280K, 0% used [0x00000007b0000000,0x00000007b0000000,0x00000007b2080000)
  from space 5120K, 99% used [0x00000007b2080000,0x00000007b257f870,0x00000007b2580000)
  to   space 5120K, 0% used [0x00000007b4600000,0x00000007b4600000,0x00000007b4b00000)
 ParOldGen       total 87552K, used 3475K [0x0000000790000000, 0x0000000795580000, 0x00000007b0000000)
  object space 87552K, 3% used [0x0000000790000000,0x0000000790364d68,0x0000000795580000)
 Metaspace       used 3404K, capacity 4728K, committed 4864K, reserved 1056768K
  class space    used 362K, capacity 424K, committed 512K, reserved 1048576K
}
Event: 0.858 GC heap before
{Heap before GC invocations=2 (full 0):
 PSYoungGen      total 38400K, used 38398K [0x00000007b0000000, 0x00000007b4b00000, 0x00000007c0000000)
  eden space 33280K, 100% used [0x00000007b0000000,0x00000007b2080000,0x00000007b2080000)
  from space 5120K, 99% used [0x00000007b2080000,0x00000007b257f870,0x00000007b2580000)
  to   space 5120K, 0% used [0x00000007b4600000,0x00000007b4600000,0x00000007b4b00000)
 ParOldGen       total 87552K, used 3475K [0x0000000790000000, 0x0000000795580000, 0x00000007b0000000)
  object space 87552K, 3% used [0x0000000790000000,0x0000000790364d68,0x0000000795580000)
 Metaspace       used 3425K, capacity 4728K, committed 4864K, reserved 1056768K
  class space    used 362K, capacity 424K, committed 512K, reserved 1048576K
Event: 0.867 GC heap after
Heap after GC invocations=2 (full 0):
 PSYoungGen      total 71680K, used 5111K [0x00000007b0000000, 0x00000007b4b00000, 0x00000007c0000000)
  eden space 66560K, 0% used [0x00000007b0000000,0x00000007b0000000,0x00000007b4100000)
  from space 5120K, 99% used [0x00000007b4600000,0x00000007b4afdd78,0x00000007b4b00000)
  to   space 5120K, 0% used [0x00000007b4100000,0x00000007b4100000,0x00000007b4600000)
 ParOldGen       total 87552K, used 7458K [0x0000000790000000, 0x0000000795580000, 0x00000007b0000000)
  object space 87552K, 8% used [0x0000000790000000,0x0000000790748a78,0x0000000795580000)
 Metaspace       used 3425K, capacity 4728K, committed 4864K, reserved 1056768K
  class space    used 362K, capacity 424K, committed 512K, reserved 1048576K
}
Event: 1.043 GC heap before
{Heap before GC invocations=3 (full 0):
 PSYoungGen      total 71680K, used 71671K [0x00000007b0000000, 0x00000007b4b00000, 0x00000007c0000000)
  eden space 66560K, 100% used [0x00000007b0000000,0x00000007b4100000,0x00000007b4100000)
  from space 5120K, 99% used [0x00000007b4600000,0x00000007b4afdd78,0x00000007b4b00000)
  to   space 5120K, 0% used [0x00000007b4100000,0x00000007b4100000,0x00000007b4600000)
 ParOldGen       total 87552K, used 7458K [0x0000000790000000, 0x0000000795580000, 0x00000007b0000000)
  object space 87552K, 8% used [0x0000000790000000,0x0000000790748a78,0x0000000795580000)
 Metaspace       used 3437K, capacity 4728K, committed 4864K, reserved 1056768K
  class space    used 362K, capacity 424K, committed 512K, reserved 1048576K
Event: 1.067 GC heap after
Heap after GC invocations=3 (full 0):
 PSYoungGen      total 71680K, used 5114K [0x00000007b0000000, 0x00000007b8c00000, 0x00000007c0000000)
  eden space 66560K, 0% used [0x00000007b0000000,0x00000007b0000000,0x00000007b4100000)
  from space 5120K, 99% used [0x00000007b4100000,0x00000007b45fe910,0x00000007b4600000)
  to   space 5120K, 0% used [0x00000007b8700000,0x00000007b8700000,0x00000007b8c00000)
 ParOldGen       total 87552K, used 17658K [0x0000000790000000, 0x0000000795580000, 0x00000007b0000000)
  object space 87552K, 20% used [0x0000000790000000,0x000000079113eaa8,0x0000000795580000)
 Metaspace       used 3437K, capacity 4728K, committed 4864K, reserved 1056768K
  class space    used 362K, capacity 424K, committed 512K, reserved 1048576K
}
Event: 1.180 GC heap before
{Heap before GC invocations=4 (full 0):
 PSYoungGen      total 71680K, used 71674K [0x00000007b0000000, 0x00000007b8c00000, 0x00000007c0000000)
  eden space 66560K, 100% used [0x00000007b0000000,0x00000007b4100000,0x00000007b4100000)
  from space 5120K, 99% used [0x00000007b4100000,0x00000007b45fe910,0x00000007b4600000)
  to   space 5120K, 0% used [0x00000007b8700000,0x00000007b8700000,0x00000007b8c00000)
 ParOldGen       total 87552K, used 17658K [0x0000000790000000, 0x0000000795580000, 0x00000007b0000000)
  object space 87552K, 20% used [0x0000000790000000,0x000000079113eaa8,0x0000000795580000)
 Metaspace       used 3441K, capacity 4728K, committed 4864K, reserved 1056768K
  class space    used 362K, capacity 424K, committed 512K, reserved 1048576K
Event: 1.204 GC heap after
Heap after GC invocations=4 (full 0):
 PSYoungGen      total 138240K, used 5099K [0x00000007b0000000, 0x00000007b8c00000, 0x00000007c0000000)
  eden space 133120K, 0% used [0x00000007b0000000,0x00000007b0000000,0x00000007b8200000)
  from space 5120K, 99% used [0x00000007b8700000,0x00000007b8bfac88,0x00000007b8c00000)
  to   space 5120K, 0% used [0x00000007b8200000,0x00000007b8200000,0x00000007b8700000)
 ParOldGen       total 87552K, used 26286K [0x0000000790000000, 0x0000000795580000, 0x00000007b0000000)
  object space 87552K, 30% used [0x0000000790000000,0x00000007919aba88,0x0000000795580000)
 Metaspace       used 3441K, capacity 4728K, committed 4864K, reserved 1056768K
  class space    used 362K, capacity 424K, committed 512K, reserved 1048576K
}
Event: 1.415 GC heap before
{Heap before GC invocations=5 (full 0):
 PSYoungGen      total 138240K, used 138219K [0x00000007b0000000, 0x00000007b8c00000, 0x00000007c0000000)
  eden space 133120K, 100% used [0x00000007b0000000,0x00000007b8200000,0x00000007b8200000)
  from space 5120K, 99% used [0x00000007b8700000,0x00000007b8bfac88,0x00000007b8c00000)
  to   space 5120K, 0% used [0x00000007b8200000,0x00000007b8200000,0x00000007b8700000)
 ParOldGen       total 87552K, used 26286K [0x0000000790000000, 0x0000000795580000, 0x00000007b0000000)
  object space 87552K, 30% used [0x0000000790000000,0x00000007919aba88,0x0000000795580000)
 Metaspace       used 3444K, capacity 4728K, committed 4864K, reserved 1056768K
  class space    used 362K, capacity 424K, committed 512K, reserved 1048576K
Event: 1.453 GC heap after
Heap after GC invocations=5 (full 0):
 PSYoungGen      total 138240K, used 5099K [0x00000007b0000000, 0x00000007c0000000, 0x00000007c0000000)
  eden space 133120K, 0% used [0x00000007b0000000,0x00000007b0000000,0x00000007b8200000)
  from space 5120K, 99% used [0x00000007b8200000,0x00000007b86fac88,0x00000007b8700000)
  to   space 22016K, 0% used [0x00000007bea80000,0x00000007bea80000,0x00000007c0000000)
 ParOldGen       total 87552K, used 41910K [0x0000000790000000, 0x0000000795580000, 0x00000007b0000000)
  object space 87552K, 47% used [0x0000000790000000,0x00000007928eda88,0x0000000795580000)
 Metaspace       used 3444K, capacity 4728K, committed 4864K, reserved 1056768K
  class space    used 362K, capacity 424K, committed 512K, reserved 1048576K
}

