# JRE version: Java(TM) SE Runtime Environment (8.0_144-b01) (build 1.8.0_144-b01)
# Java VM: Java HotSpot(TM) 64-Bit Server VM (25.144-b01 mixed mode bsd-amd64 compressed oops)
Heap:
 PSYoungGen      total 204288K, used 107748K [0x00000007b0000000, 0x00000007c0000000, 0x00000007c0000000)
  eden space 152576K, 39% used [0x00000007b0000000,0x00000007b3b7e550,0x00000007b9500000)
  from space 51712K, 90% used [0x00000007bcd80000,0x00000007bfb3ad60,0x00000007c0000000)
  to   space 54784K, 0% used [0x00000007b9500000,0x00000007b9500000,0x00000007bca80000)
 ParOldGen       total 392192K, used 292943K [0x0000000790000000, 0x00000007a7f00000, 0x00000007b0000000)
  object space 392192K, 74% used [0x0000000790000000,0x00000007a1e13e48,0x00000007a7f00000)
 Metaspace       used 10590K, capacity 10678K, committed 10880K, reserved 1058816K
  class space    used 1528K, capacity 1553K, committed 1664K, reserved 1048576K
GC Heap History (10 events):
Event: 7.966 GC heap before
{Heap before GC invocations=29 (full 3):
 PSYoungGen      total 191488K, used 160000K [0x00000007b0000000, 0x00000007bff80000, 0x00000007c0000000)
  eden space 128512K, 100% used [0x00000007b0000000,0x00000007b7d80000,0x00000007b7d80000)
  from space 62976K, 50% used [0x00000007b7d80000,0x00000007b9c40010,0x00000007bbb00000)
  to   space 60416K, 0% used [0x00000007bc480000,0x00000007bc480000,0x00000007bff80000)
 ParOldGen       total 392192K, used 292919K [0x0000000790000000, 0x00000007a7f00000, 0x00000007b0000000)
  object space 392192K, 74% used [0x0000000790000000,0x00000007a1e0de48,0x00000007a7f00000)
 Metaspace       used 4426K, capacity 4960K, committed 5120K, reserved 1056768K
  class space    used 443K, capacity 464K, committed 512K, reserved 1048576K
Event: 7.990 GC heap after
Heap after GC invocations=29 (full 3):
 PSYoungGen      total 192000K, used 31712K [0x00000007b0000000, 0x00000007bf880000, 0x00000007c0000000)
  eden space 138752K, 0% used [0x00000007b0000000,0x00000007b0000000,0x00000007b8780000)
  from space 53248K, 59% used [0x00000007bc480000,0x00000007be378010,0x00000007bf880000)
  to   space 57856K, 0% used [0x00000007b8780000,0x00000007b8780000,0x00000007bc000000)
 ParOldGen       total 392192K, used 292919K [0x0000000790000000, 0x00000007a7f00000, 0x00000007b0000000)
  object space 392192K, 74% used [0x0000000790000000,0x00000007a1e0de48,0x00000007a7f00000)
 Metaspace       used 4426K, capacity 4960K, committed 5120K, reserved 1056768K
  class space    used 443K, capacity 464K, committed 512K, reserved 1048576K
}
Event: 8.133 GC heap before
{Heap before GC invocations=30 (full 3):
 PSYoungGen      total 192000K, used 170464K [0x00000007b0000000, 0x00000007bf880000, 0x00000007c0000000)
  eden space 138752K, 100% used [0x00000007b0000000,0x00000007b8780000,0x00000007b8780000)
  from space 53248K, 59% used [0x00000007bc480000,0x00000007be378010,0x00000007bf880000)
  to   space 57856K, 0% used [0x00000007b8780000,0x00000007b8780000,0x00000007bc000000)
 ParOldGen       total 392192K, used 292919K [0x0000000790000000, 0x00000007a7f00000, 0x00000007b0000000)
  object space 392192K, 74% used [0x0000000790000000,0x00000007a1e0de48,0x00000007a7f00000)
 Metaspace       used 4426K, capacity 4960K, committed 5120K, reserved 1056768K
  class space    used 443K, capacity 464K, committed 512K, reserved 1048576K
Event: 8.160 GC heap after
Heap after GC invocations=30 (full 3):
 PSYoungGen      total 196608K, used 31904K [0x00000007b0000000, 0x00000007c0000000, 0x00000007c0000000)
  eden space 138752K, 0% used [0x00000007b0000000,0x00000007b0000000,0x00000007b8780000)
  from space 57856K, 55% used [0x00000007b8780000,0x00000007ba6a8010,0x00000007bc000000)
  to   space 55808K, 0% used [0x00000007bc980000,0x00000007bc980000,0x00000007c0000000)
 ParOldGen       total 392192K, used 292919K [0x0000000790000000, 0x00000007a7f00000, 0x00000007b0000000)
  object space 392192K, 74% used [0x0000000790000000,0x00000007a1e0de48,0x00000007a7f00000)
 Metaspace       used 4426K, capacity 4960K, committed 5120K, reserved 1056768K
  class space    used 443K, capacity 464K, committed 512K, reserved 1048576K
}
Event: 8.281 GC heap before
{Heap before GC invocations=31 (full 3):
 PSYoungGen      total 196608K, used 170656K [0x00000007b0000000, 0x00000007c0000000, 0x00000007c0000000)
  eden space 138752K, 100% used [0x00000007b0000000,0x00000007b8780000,0x00000007b8780000)
  from space 57856K, 55% used [0x00000007b8780000,0x00000007ba6a8010,0x00000007bc000000)
  to   space 55808K, 0% used [0x00000007bc980000,0x00000007bc980000,0x00000007c0000000)
 ParOldGen       total 392192K, used 292919K [0x0000000790000000, 0x00000007a7f00000, 0x00000007b0000000)
  object space 392192K, 74% used [0x0000000790000000,0x00000007a1e0de48,0x00000007a7f00000)
 Metaspace       used 4427K, capacity 4960K, committed 5120K, reserved 1056768K
  class space    used 444K, capacity 464K, committed 512K, reserved 1048576K
Event: 8.304 GC heap after
Heap after GC invocations=31 (full 3):
 PSYoungGen      total 198144K, used 32064K [0x00000007b0000000, 0x00000007bfa00000, 0x00000007c0000000)
  eden space 148480K, 0% used [0x00000007b0000000,0x00000007b0000000,0x00000007b9100000)
  from space 49664K, 64% used [0x00000007bc980000,0x00000007be8d0010,0x00000007bfa00000)
  to   space 53760K, 0% used [0x00000007b9100000,0x00000007b9100000,0x00000007bc580000)
 ParOldGen       total 392192K, used 292927K [0x0000000790000000, 0x00000007a7f00000, 0x00000007b0000000)
  object space 392192K, 74% used [0x0000000790000000,0x00000007a1e0fe48,0x00000007a7f00000)
 Metaspace       used 4427K, capacity 4960K, committed 5120K, reserved 1056768K
  class space    used 444K, capacity 464K, committed 512K, reserved 1048576K
}
Event: 8.448 GC heap before
{Heap before GC invocations=32 (full 3):
 PSYoungGen      total 198144K, used 180544K [0x00000007b0000000, 0x00000007bfa00000, 0x00000007c0000000)
  eden space 148480K, 100% used [0x00000007b0000000,0x00000007b9100000,0x00000007b9100000)
  from space 49664K, 64% used [0x00000007bc980000,0x00000007be8d0010,0x00000007bfa00000)
  to   space 53760K, 0% used [0x00000007b9100000,0x00000007b9100000,0x00000007bc580000)
 ParOldGen       total 392192K, used 292927K [0x0000000790000000, 0x00000007a7f00000, 0x00000007b0000000)
  object space 392192K, 74% used [0x0000000790000000,0x00000007a1e0fe48,0x00000007a7f00000)
 Metaspace       used 4427K, capacity 4960K, committed 5120K, reserved 1056768K
  class space    used 444K, capacity 464K, committed 512K, reserved 1048576K
Event: 8.472 GC heap after
Heap after GC invocations=32 (full 3):
 PSYoungGen      total 202240K, used 32288K [0x00000007b0000000, 0x00000007c0000000, 0x00000007c0000000)
  eden space 148480K, 0% used [0x00000007b0000000,0x00000007b0000000,0x00000007b9100000)
  from space 53760K, 60% used [0x00000007b9100000,0x00000007bb088010,0x00000007bc580000)
  to   space 51712K, 0% used [0x00000007bcd80000,0x00000007bcd80000,0x00000007c0000000)
 ParOldGen       total 392192K, used 292935K [0x0000000790000000, 0x00000007a7f00000, 0x00000007b0000000)
  object space 392192K, 74% used [0x0000000790000000,0x00000007a1e11e48,0x00000007a7f00000)
 Metaspace       used 4427K, capacity 4960K, committed 5120K, reserved 1056768K
  class space    used 444K, capacity 464K, committed 512K, reserved 1048576K
}
Event: 9.171 GC heap before
{Heap before GC invocations=33 (full 3):
 PSYoungGen      total 202240K, used 180768K [0x00000007b0000000, 0x00000007c0000000, 0x00000007c0000000)
  eden space 148480K, 100% used [0x00000007b0000000,0x00000007b9100000,0x00000007b9100000)
  from space 53760K, 60% used [0x00000007b9100000,0x00000007bb088010,0x00000007bc580000)
  to   space 51712K, 0% used [0x00000007bcd80000,0x00000007bcd80000,0x00000007c0000000)
 ParOldGen       total 392192K, used 292935K [0x0000000790000000, 0x00000007a7f00000, 0x00000007b0000000)
  object space 392192K, 74% used [0x0000000790000000,0x00000007a1e11e48,0x00000007a7f00000)
 Metaspace       used 10058K, capacity 10128K, committed 10240K, reserved 1058816K
  class space    used 1472K, capacity 1520K, committed 1536K, reserved 1048576K
Event: 9.204 GC heap after
Heap after GC invocations=33 (full 3):
 PSYoungGen      total 204288K, used 46827K [0x00000007b0000000, 0x00000007c0000000, 0x00000007c0000000)
  eden space 152576K, 0% used [0x00000007b0000000,0x00000007b0000000,0x00000007b9500000)
  from space 51712K, 90% used [0x00000007bcd80000,0x00000007bfb3ad60,0x00000007c0000000)
  to   space 54784K, 0% used [0x00000007b9500000,0x00000007b9500000,0x00000007bca80000)
 ParOldGen       total 392192K, used 292943K [0x0000000790000000, 0x00000007a7f00000, 0x00000007b0000000)
  object space 392192K, 74% used [0x0000000790000000,0x00000007a1e13e48,0x00000007a7f00000)
 Metaspace       used 10058K, capacity 10128K, committed 10240K, reserved 1058816K
  class space    used 1472K, capacity 1520K, committed 1536K, reserved 1048576K
}

