# JRE version: Java(TM) SE Runtime Environment (8.0_144-b01) (build 1.8.0_144-b01)
# Java VM: Java HotSpot(TM) 64-Bit Server VM (25.144-b01 mixed mode bsd-amd64 compressed oops)
Heap:
 PSYoungGen      total 116224K, used 75005K [0x00000007b0000000, 0x00000007bdc00000, 0x00000007c0000000)
  eden space 102400K, 60% used [0x00000007b0000000,0x00000007b3c07c68,0x00000007b6400000)
  from space 13824K, 97% used [0x00000007b6400000,0x00000007b7137ae8,0x00000007b7180000)
  to   space 59904K, 0% used [0x00000007ba180000,0x00000007ba180000,0x00000007bdc00000)
 ParOldGen       total 433664K, used 324007K [0x0000000790000000, 0x00000007aa780000, 0x00000007b0000000)
  object space 433664K, 74% used [0x0000000790000000,0x00000007a3c69c98,0x00000007aa780000)
 Metaspace       used 10636K, capacity 10742K, committed 11136K, reserved 1058816K
  class space    used 1528K, capacity 1553K, committed 1664K, reserved 1048576K
GC Heap History (10 events):
Event: 8.024 GC heap before
{Heap before GC invocations=34 (full 3):
 PSYoungGen      total 174080K, used 95328K [0x00000007b0000000, 0x00000007bf680000, 0x00000007c0000000)
  eden space 94720K, 100% used [0x00000007b0000000,0x00000007b5c80000,0x00000007b5c80000)
  from space 79360K, 0% used [0x00000007ba900000,0x00000007ba998000,0x00000007bf680000)
  to   space 78336K, 0% used [0x00000007b5c80000,0x00000007b5c80000,0x00000007ba900000)
 ParOldGen       total 433664K, used 323991K [0x0000000790000000, 0x00000007aa780000, 0x00000007b0000000)
  object space 433664K, 74% used [0x0000000790000000,0x00000007a3c65c98,0x00000007aa780000)
 Metaspace       used 4434K, capacity 4960K, committed 5120K, reserved 1056768K
  class space    used 443K, capacity 464K, committed 512K, reserved 1048576K
Event: 8.028 GC heap after
Heap after GC invocations=34 (full 3):
 PSYoungGen      total 173056K, used 768K [0x00000007b0000000, 0x00000007bf400000, 0x00000007c0000000)
  eden space 94720K, 0% used [0x00000007b0000000,0x00000007b0000000,0x00000007b5c80000)
  from space 78336K, 0% used [0x00000007b5c80000,0x00000007b5d40000,0x00000007ba900000)
  to   space 75264K, 0% used [0x00000007baa80000,0x00000007baa80000,0x00000007bf400000)
 ParOldGen       total 433664K, used 323991K [0x0000000790000000, 0x00000007aa780000, 0x00000007b0000000)
  object space 433664K, 74% used [0x0000000790000000,0x00000007a3c65c98,0x00000007aa780000)
 Metaspace       used 4434K, capacity 4960K, committed 5120K, reserved 1056768K
  class space    used 443K, capacity 464K, committed 512K, reserved 1048576K
}
Event: 8.126 GC heap before
{Heap before GC invocations=35 (full 3):
 PSYoungGen      total 173056K, used 95488K [0x00000007b0000000, 0x00000007bf400000, 0x00000007c0000000)
  eden space 94720K, 100% used [0x00000007b0000000,0x00000007b5c80000,0x00000007b5c80000)
  from space 78336K, 0% used [0x00000007b5c80000,0x00000007b5d40000,0x00000007ba900000)
  to   space 75264K, 0% used [0x00000007baa80000,0x00000007baa80000,0x00000007bf400000)
 ParOldGen       total 433664K, used 323991K [0x0000000790000000, 0x00000007aa780000, 0x00000007b0000000)
  object space 433664K, 74% used [0x0000000790000000,0x00000007a3c65c98,0x00000007aa780000)
 Metaspace       used 4435K, capacity 4960K, committed 5120K, reserved 1056768K
  class space    used 444K, capacity 464K, committed 512K, reserved 1048576K
Event: 8.131 GC heap after
Heap after GC invocations=35 (full 3):
 PSYoungGen      total 167424K, used 864K [0x00000007b0000000, 0x00000007bed00000, 0x00000007c0000000)
  eden space 99328K, 0% used [0x00000007b0000000,0x00000007b0000000,0x00000007b6100000)
  from space 68096K, 1% used [0x00000007baa80000,0x00000007bab58000,0x00000007bed00000)
  to   space 71680K, 0% used [0x00000007b6100000,0x00000007b6100000,0x00000007ba700000)
 ParOldGen       total 433664K, used 323991K [0x0000000790000000, 0x00000007aa780000, 0x00000007b0000000)
  object space 433664K, 74% used [0x0000000790000000,0x00000007a3c65c98,0x00000007aa780000)
 Metaspace       used 4435K, capacity 4960K, committed 5120K, reserved 1056768K
  class space    used 444K, capacity 464K, committed 512K, reserved 1048576K
}
Event: 8.222 GC heap before
{Heap before GC invocations=36 (full 3):
 PSYoungGen      total 167424K, used 100192K [0x00000007b0000000, 0x00000007bed00000, 0x00000007c0000000)
  eden space 99328K, 100% used [0x00000007b0000000,0x00000007b6100000,0x00000007b6100000)
  from space 68096K, 1% used [0x00000007baa80000,0x00000007bab58000,0x00000007bed00000)
  to   space 71680K, 0% used [0x00000007b6100000,0x00000007b6100000,0x00000007ba700000)
 ParOldGen       total 433664K, used 323991K [0x0000000790000000, 0x00000007aa780000, 0x00000007b0000000)
  object space 433664K, 74% used [0x0000000790000000,0x00000007a3c65c98,0x00000007aa780000)
 Metaspace       used 4435K, capacity 4960K, committed 5120K, reserved 1056768K
  class space    used 444K, capacity 464K, committed 512K, reserved 1048576K
Event: 8.227 GC heap after
Heap after GC invocations=36 (full 3):
 PSYoungGen      total 171008K, used 960K [0x00000007b0000000, 0x00000007beb00000, 0x00000007c0000000)
  eden space 99328K, 0% used [0x00000007b0000000,0x00000007b0000000,0x00000007b6100000)
  from space 71680K, 1% used [0x00000007b6100000,0x00000007b61f0000,0x00000007ba700000)
  to   space 68608K, 0% used [0x00000007ba800000,0x00000007ba800000,0x00000007beb00000)
 ParOldGen       total 433664K, used 323991K [0x0000000790000000, 0x00000007aa780000, 0x00000007b0000000)
  object space 433664K, 74% used [0x0000000790000000,0x00000007a3c65c98,0x00000007aa780000)
 Metaspace       used 4435K, capacity 4960K, committed 5120K, reserved 1056768K
  class space    used 444K, capacity 464K, committed 512K, reserved 1048576K
}
Event: 8.640 GC heap before
{Heap before GC invocations=37 (full 3):
 PSYoungGen      total 171008K, used 100288K [0x00000007b0000000, 0x00000007beb00000, 0x00000007c0000000)
  eden space 99328K, 100% used [0x00000007b0000000,0x00000007b6100000,0x00000007b6100000)
  from space 71680K, 1% used [0x00000007b6100000,0x00000007b61f0000,0x00000007ba700000)
  to   space 68608K, 0% used [0x00000007ba800000,0x00000007ba800000,0x00000007beb00000)
 ParOldGen       total 433664K, used 323991K [0x0000000790000000, 0x00000007aa780000, 0x00000007b0000000)
  object space 433664K, 74% used [0x0000000790000000,0x00000007a3c65c98,0x00000007aa780000)
 Metaspace       used 8368K, capacity 8448K, committed 8704K, reserved 1056768K
  class space    used 1182K, capacity 1200K, committed 1280K, reserved 1048576K
Event: 8.644 GC heap after
Heap after GC invocations=37 (full 3):
 PSYoungGen      total 161792K, used 3965K [0x00000007b0000000, 0x00000007be200000, 0x00000007c0000000)
  eden space 102400K, 0% used [0x00000007b0000000,0x00000007b0000000,0x00000007b6400000)
  from space 59392K, 6% used [0x00000007ba800000,0x00000007babdf620,0x00000007be200000)
  to   space 64512K, 0% used [0x00000007b6400000,0x00000007b6400000,0x00000007ba300000)
 ParOldGen       total 433664K, used 323999K [0x0000000790000000, 0x00000007aa780000, 0x00000007b0000000)
  object space 433664K, 74% used [0x0000000790000000,0x00000007a3c67c98,0x00000007aa780000)
 Metaspace       used 8368K, capacity 8448K, committed 8704K, reserved 1056768K
  class space    used 1182K, capacity 1200K, committed 1280K, reserved 1048576K
}
Event: 9.067 GC heap before
{Heap before GC invocations=38 (full 3):
 PSYoungGen      total 161792K, used 106365K [0x00000007b0000000, 0x00000007be200000, 0x00000007c0000000)
  eden space 102400K, 100% used [0x00000007b0000000,0x00000007b6400000,0x00000007b6400000)
  from space 59392K, 6% used [0x00000007ba800000,0x00000007babdf620,0x00000007be200000)
  to   space 64512K, 0% used [0x00000007b6400000,0x00000007b6400000,0x00000007ba300000)
 ParOldGen       total 433664K, used 323999K [0x0000000790000000, 0x00000007aa780000, 0x00000007b0000000)
  object space 433664K, 74% used [0x0000000790000000,0x00000007a3c67c98,0x00000007aa780000)
 Metaspace       used 10113K, capacity 10192K, committed 10240K, reserved 1058816K
  class space    used 1472K, capacity 1520K, committed 1536K, reserved 1048576K
Event: 9.080 GC heap after
Heap after GC invocations=38 (full 3):
 PSYoungGen      total 116224K, used 13534K [0x00000007b0000000, 0x00000007bdc00000, 0x00000007c0000000)
  eden space 102400K, 0% used [0x00000007b0000000,0x00000007b0000000,0x00000007b6400000)
  from space 13824K, 97% used [0x00000007b6400000,0x00000007b7137ae8,0x00000007b7180000)
  to   space 59904K, 0% used [0x00000007ba180000,0x00000007ba180000,0x00000007bdc00000)
 ParOldGen       total 433664K, used 324007K [0x0000000790000000, 0x00000007aa780000, 0x00000007b0000000)
  object space 433664K, 74% used [0x0000000790000000,0x00000007a3c69c98,0x00000007aa780000)
 Metaspace       used 10113K, capacity 10192K, committed 10240K, reserved 1058816K
  class space    used 1472K, capacity 1520K, committed 1536K, reserved 1048576K
}

