# JRE version: Java(TM) SE Runtime Environment (8.0_144-b01) (build 1.8.0_144-b01)
# Java VM: Java HotSpot(TM) 64-Bit Server VM (25.144-b01 mixed mode bsd-amd64 compressed oops)
Heap:
 PSYoungGen      total 190976K, used 172593K [0x00000007b0000000, 0x00000007c0000000, 0x00000007c0000000)
  eden space 126976K, 92% used [0x00000007b0000000,0x00000007b724f5a8,0x00000007b7c00000)
  from space 64000K, 86% used [0x00000007bc180000,0x00000007bf7bce60,0x00000007c0000000)
  to   space 67584K, 0% used [0x00000007b7c00000,0x00000007b7c00000,0x00000007bbe00000)
 ParOldGen       total 400896K, used 281834K [0x0000000790000000, 0x00000007a8780000, 0x00000007b0000000)
  object space 400896K, 70% used [0x0000000790000000,0x00000007a133a930,0x00000007a8780000)
 Metaspace       used 10634K, capacity 10742K, committed 11136K, reserved 1058816K
  class space    used 1528K, capacity 1553K, committed 1664K, reserved 1048576K
GC Heap History (10 events):
Event: 7.759 GC heap before
{Heap before GC invocations=29 (full 3):
 PSYoungGen      total 190976K, used 165408K [0x00000007b0000000, 0x00000007c0000000, 0x00000007c0000000)
  eden space 122880K, 100% used [0x00000007b0000000,0x00000007b7800000,0x00000007b7800000)
  from space 68096K, 62% used [0x00000007b7800000,0x00000007ba188010,0x00000007bba80000)
  to   space 67072K, 0% used [0x00000007bbe80000,0x00000007bbe80000,0x00000007c0000000)
 ParOldGen       total 400896K, used 281818K [0x0000000790000000, 0x00000007a8780000, 0x00000007b0000000)
  object space 400896K, 70% used [0x0000000790000000,0x00000007a1336930,0x00000007a8780000)
 Metaspace       used 4434K, capacity 4960K, committed 5120K, reserved 1056768K
  class space    used 443K, capacity 464K, committed 512K, reserved 1048576K
Event: 7.789 GC heap after
Heap after GC invocations=29 (full 3):
 PSYoungGen      total 192000K, used 42720K [0x00000007b0000000, 0x00000007bfe00000, 0x00000007c0000000)
  eden space 126976K, 0% used [0x00000007b0000000,0x00000007b0000000,0x00000007b7c00000)
  from space 65024K, 65% used [0x00000007bbe80000,0x00000007be838010,0x00000007bfe00000)
  to   space 66560K, 0% used [0x00000007b7c00000,0x00000007b7c00000,0x00000007bbd00000)
 ParOldGen       total 400896K, used 281826K [0x0000000790000000, 0x00000007a8780000, 0x00000007b0000000)
  object space 400896K, 70% used [0x0000000790000000,0x00000007a1338930,0x00000007a8780000)
 Metaspace       used 4434K, capacity 4960K, committed 5120K, reserved 1056768K
  class space    used 443K, capacity 464K, committed 512K, reserved 1048576K
}
Event: 7.921 GC heap before
{Heap before GC invocations=30 (full 3):
 PSYoungGen      total 192000K, used 169696K [0x00000007b0000000, 0x00000007bfe00000, 0x00000007c0000000)
  eden space 126976K, 100% used [0x00000007b0000000,0x00000007b7c00000,0x00000007b7c00000)
  from space 65024K, 65% used [0x00000007bbe80000,0x00000007be838010,0x00000007bfe00000)
  to   space 66560K, 0% used [0x00000007b7c00000,0x00000007b7c00000,0x00000007bbd00000)
 ParOldGen       total 400896K, used 281826K [0x0000000790000000, 0x00000007a8780000, 0x00000007b0000000)
  object space 400896K, 70% used [0x0000000790000000,0x00000007a1338930,0x00000007a8780000)
 Metaspace       used 4434K, capacity 4960K, committed 5120K, reserved 1056768K
  class space    used 443K, capacity 464K, committed 512K, reserved 1048576K
Event: 7.951 GC heap after
Heap after GC invocations=30 (full 3):
 PSYoungGen      total 193536K, used 42912K [0x00000007b0000000, 0x00000007bff80000, 0x00000007c0000000)
  eden space 126976K, 0% used [0x00000007b0000000,0x00000007b0000000,0x00000007b7c00000)
  from space 66560K, 64% used [0x00000007b7c00000,0x00000007ba5e8010,0x00000007bbd00000)
  to   space 65536K, 0% used [0x00000007bbf80000,0x00000007bbf80000,0x00000007bff80000)
 ParOldGen       total 400896K, used 281826K [0x0000000790000000, 0x00000007a8780000, 0x00000007b0000000)
  object space 400896K, 70% used [0x0000000790000000,0x00000007a1338930,0x00000007a8780000)
 Metaspace       used 4434K, capacity 4960K, committed 5120K, reserved 1056768K
  class space    used 443K, capacity 464K, committed 512K, reserved 1048576K
}
Event: 8.085 GC heap before
{Heap before GC invocations=31 (full 3):
 PSYoungGen      total 193536K, used 169888K [0x00000007b0000000, 0x00000007bff80000, 0x00000007c0000000)
  eden space 126976K, 100% used [0x00000007b0000000,0x00000007b7c00000,0x00000007b7c00000)
  from space 66560K, 64% used [0x00000007b7c00000,0x00000007ba5e8010,0x00000007bbd00000)
  to   space 65536K, 0% used [0x00000007bbf80000,0x00000007bbf80000,0x00000007bff80000)
 ParOldGen       total 400896K, used 281826K [0x0000000790000000, 0x00000007a8780000, 0x00000007b0000000)
  object space 400896K, 70% used [0x0000000790000000,0x00000007a1338930,0x00000007a8780000)
 Metaspace       used 4434K, capacity 4960K, committed 5120K, reserved 1056768K
  class space    used 443K, capacity 464K, committed 512K, reserved 1048576K
Event: 8.116 GC heap after
Heap after GC invocations=31 (full 3):
 PSYoungGen      total 193024K, used 43104K [0x00000007b0000000, 0x00000007bfd00000, 0x00000007c0000000)
  eden space 130048K, 0% used [0x00000007b0000000,0x00000007b0000000,0x00000007b7f00000)
  from space 62976K, 68% used [0x00000007bbf80000,0x00000007be998010,0x00000007bfd00000)
  to   space 64512K, 0% used [0x00000007b7f00000,0x00000007b7f00000,0x00000007bbe00000)
 ParOldGen       total 400896K, used 281826K [0x0000000790000000, 0x00000007a8780000, 0x00000007b0000000)
  object space 400896K, 70% used [0x0000000790000000,0x00000007a1338930,0x00000007a8780000)
 Metaspace       used 4434K, capacity 4960K, committed 5120K, reserved 1056768K
  class space    used 443K, capacity 464K, committed 512K, reserved 1048576K
}
Event: 8.231 GC heap before
{Heap before GC invocations=32 (full 3):
 PSYoungGen      total 193024K, used 173152K [0x00000007b0000000, 0x00000007bfd00000, 0x00000007c0000000)
  eden space 130048K, 100% used [0x00000007b0000000,0x00000007b7f00000,0x00000007b7f00000)
  from space 62976K, 68% used [0x00000007bbf80000,0x00000007be998010,0x00000007bfd00000)
  to   space 64512K, 0% used [0x00000007b7f00000,0x00000007b7f00000,0x00000007bbe00000)
 ParOldGen       total 400896K, used 281826K [0x0000000790000000, 0x00000007a8780000, 0x00000007b0000000)
  object space 400896K, 70% used [0x0000000790000000,0x00000007a1338930,0x00000007a8780000)
 Metaspace       used 4435K, capacity 4960K, committed 5120K, reserved 1056768K
  class space    used 444K, capacity 464K, committed 512K, reserved 1048576K
Event: 8.265 GC heap after
Heap after GC invocations=32 (full 3):
 PSYoungGen      total 194560K, used 43264K [0x00000007b0000000, 0x00000007c0000000, 0x00000007c0000000)
  eden space 130048K, 0% used [0x00000007b0000000,0x00000007b0000000,0x00000007b7f00000)
  from space 64512K, 67% used [0x00000007b7f00000,0x00000007ba940010,0x00000007bbe00000)
  to   space 64000K, 0% used [0x00000007bc180000,0x00000007bc180000,0x00000007c0000000)
 ParOldGen       total 400896K, used 281826K [0x0000000790000000, 0x00000007a8780000, 0x00000007b0000000)
  object space 400896K, 70% used [0x0000000790000000,0x00000007a1338930,0x00000007a8780000)
 Metaspace       used 4435K, capacity 4960K, committed 5120K, reserved 1056768K
  class space    used 444K, capacity 464K, committed 512K, reserved 1048576K
}
Event: 8.894 GC heap before
{Heap before GC invocations=33 (full 3):
 PSYoungGen      total 194560K, used 173312K [0x00000007b0000000, 0x00000007c0000000, 0x00000007c0000000)
  eden space 130048K, 100% used [0x00000007b0000000,0x00000007b7f00000,0x00000007b7f00000)
  from space 64512K, 67% used [0x00000007b7f00000,0x00000007ba940010,0x00000007bbe00000)
  to   space 64000K, 0% used [0x00000007bc180000,0x00000007bc180000,0x00000007c0000000)
 ParOldGen       total 400896K, used 281826K [0x0000000790000000, 0x00000007a8780000, 0x00000007b0000000)
  object space 400896K, 70% used [0x0000000790000000,0x00000007a1338930,0x00000007a8780000)
 Metaspace       used 9522K, capacity 9616K, committed 9856K, reserved 1058816K
  class space    used 1352K, capacity 1392K, committed 1408K, reserved 1048576K
Event: 8.933 GC heap after
Heap after GC invocations=33 (full 3):
 PSYoungGen      total 190976K, used 55539K [0x00000007b0000000, 0x00000007c0000000, 0x00000007c0000000)
  eden space 126976K, 0% used [0x00000007b0000000,0x00000007b0000000,0x00000007b7c00000)
  from space 64000K, 86% used [0x00000007bc180000,0x00000007bf7bce60,0x00000007c0000000)
  to   space 67584K, 0% used [0x00000007b7c00000,0x00000007b7c00000,0x00000007bbe00000)
 ParOldGen       total 400896K, used 281834K [0x0000000790000000, 0x00000007a8780000, 0x00000007b0000000)
  object space 400896K, 70% used [0x0000000790000000,0x00000007a133a930,0x00000007a8780000)
 Metaspace       used 9522K, capacity 9616K, committed 9856K, reserved 1058816K
  class space    used 1352K, capacity 1392K, committed 1408K, reserved 1048576K
}

