# JRE version: Java(TM) SE Runtime Environment (8.0_144-b01) (build 1.8.0_144-b01)
# Java VM: Java HotSpot(TM) 64-Bit Server VM (25.144-b01 mixed mode bsd-amd64 compressed oops)
Heap:
 PSYoungGen      total 198656K, used 123538K [0x00000007b0000000, 0x00000007c0000000, 0x00000007c0000000)
  eden space 142336K, 64% used [0x00000007b0000000,0x00000007b59a3108,0x00000007b8b00000)
  from space 56320K, 56% used [0x00000007b8b00000,0x00000007baa01ad8,0x00000007bc200000)
  to   space 56320K, 0% used [0x00000007bc900000,0x00000007bc900000,0x00000007c0000000)
 ParOldGen       total 412672K, used 307720K [0x0000000790000000, 0x00000007a9300000, 0x00000007b0000000)
  object space 412672K, 74% used [0x0000000790000000,0x00000007a2c82198,0x00000007a9300000)
 Metaspace       used 10632K, capacity 10742K, committed 11136K, reserved 1058816K
  class space    used 1527K, capacity 1553K, committed 1664K, reserved 1048576K
GC Heap History (10 events):
Event: 7.661 GC heap before
{Heap before GC invocations=28 (full 3):
 PSYoungGen      total 191488K, used 142528K [0x00000007b0000000, 0x00000007bfa80000, 0x00000007c0000000)
  eden space 125952K, 100% used [0x00000007b0000000,0x00000007b7b00000,0x00000007b7b00000)
  from space 65536K, 25% used [0x00000007bba80000,0x00000007bcab0000,0x00000007bfa80000)
  to   space 65024K, 0% used [0x00000007b7b00000,0x00000007b7b00000,0x00000007bba80000)
 ParOldGen       total 412672K, used 307712K [0x0000000790000000, 0x00000007a9300000, 0x00000007b0000000)
  object space 412672K, 74% used [0x0000000790000000,0x00000007a2c80198,0x00000007a9300000)
 Metaspace       used 4426K, capacity 4960K, committed 5120K, reserved 1056768K
  class space    used 443K, capacity 464K, committed 512K, reserved 1048576K
Event: 7.692 GC heap after
Heap after GC invocations=28 (full 3):
 PSYoungGen      total 190976K, used 16800K [0x00000007b0000000, 0x00000007bfb80000, 0x00000007c0000000)
  eden space 125952K, 0% used [0x00000007b0000000,0x00000007b0000000,0x00000007b7b00000)
  from space 65024K, 25% used [0x00000007b7b00000,0x00000007b8b68000,0x00000007bba80000)
  to   space 62976K, 0% used [0x00000007bbe00000,0x00000007bbe00000,0x00000007bfb80000)
 ParOldGen       total 412672K, used 307712K [0x0000000790000000, 0x00000007a9300000, 0x00000007b0000000)
  object space 412672K, 74% used [0x0000000790000000,0x00000007a2c80198,0x00000007a9300000)
 Metaspace       used 4426K, capacity 4960K, committed 5120K, reserved 1056768K
  class space    used 443K, capacity 464K, committed 512K, reserved 1048576K
}
Event: 7.825 GC heap before
{Heap before GC invocations=29 (full 3):
 PSYoungGen      total 190976K, used 142752K [0x00000007b0000000, 0x00000007bfb80000, 0x00000007c0000000)
  eden space 125952K, 100% used [0x00000007b0000000,0x00000007b7b00000,0x00000007b7b00000)
  from space 65024K, 25% used [0x00000007b7b00000,0x00000007b8b68000,0x00000007bba80000)
  to   space 62976K, 0% used [0x00000007bbe00000,0x00000007bbe00000,0x00000007bfb80000)
 ParOldGen       total 412672K, used 307712K [0x0000000790000000, 0x00000007a9300000, 0x00000007b0000000)
  object space 412672K, 74% used [0x0000000790000000,0x00000007a2c80198,0x00000007a9300000)
 Metaspace       used 4426K, capacity 4960K, committed 5120K, reserved 1056768K
  class space    used 443K, capacity 464K, committed 512K, reserved 1048576K
Event: 7.842 GC heap after
Heap after GC invocations=29 (full 3):
 PSYoungGen      total 195072K, used 16960K [0x00000007b0000000, 0x00000007bfa00000, 0x00000007c0000000)
  eden space 133632K, 0% used [0x00000007b0000000,0x00000007b0000000,0x00000007b8280000)
  from space 61440K, 27% used [0x00000007bbe00000,0x00000007bce90000,0x00000007bfa00000)
  to   space 60928K, 0% used [0x00000007b8280000,0x00000007b8280000,0x00000007bbe00000)
 ParOldGen       total 412672K, used 307712K [0x0000000790000000, 0x00000007a9300000, 0x00000007b0000000)
  object space 412672K, 74% used [0x0000000790000000,0x00000007a2c80198,0x00000007a9300000)
 Metaspace       used 4426K, capacity 4960K, committed 5120K, reserved 1056768K
  class space    used 443K, capacity 464K, committed 512K, reserved 1048576K
}
Event: 7.973 GC heap before
{Heap before GC invocations=30 (full 3):
 PSYoungGen      total 195072K, used 150592K [0x00000007b0000000, 0x00000007bfa00000, 0x00000007c0000000)
  eden space 133632K, 100% used [0x00000007b0000000,0x00000007b8280000,0x00000007b8280000)
  from space 61440K, 27% used [0x00000007bbe00000,0x00000007bce90000,0x00000007bfa00000)
  to   space 60928K, 0% used [0x00000007b8280000,0x00000007b8280000,0x00000007bbe00000)
 ParOldGen       total 412672K, used 307712K [0x0000000790000000, 0x00000007a9300000, 0x00000007b0000000)
  object space 412672K, 74% used [0x0000000790000000,0x00000007a2c80198,0x00000007a9300000)
 Metaspace       used 4426K, capacity 4960K, committed 5120K, reserved 1056768K
  class space    used 443K, capacity 464K, committed 512K, reserved 1048576K
Event: 7.992 GC heap after
Heap after GC invocations=30 (full 3):
 PSYoungGen      total 194560K, used 17120K [0x00000007b0000000, 0x00000007bfb80000, 0x00000007c0000000)
  eden space 133632K, 0% used [0x00000007b0000000,0x00000007b0000000,0x00000007b8280000)
  from space 60928K, 28% used [0x00000007b8280000,0x00000007b9338000,0x00000007bbe00000)
  to   space 58880K, 0% used [0x00000007bc200000,0x00000007bc200000,0x00000007bfb80000)
 ParOldGen       total 412672K, used 307712K [0x0000000790000000, 0x00000007a9300000, 0x00000007b0000000)
  object space 412672K, 74% used [0x0000000790000000,0x00000007a2c80198,0x00000007a9300000)
 Metaspace       used 4426K, capacity 4960K, committed 5120K, reserved 1056768K
  class space    used 443K, capacity 464K, committed 512K, reserved 1048576K
}
Event: 8.122 GC heap before
{Heap before GC invocations=31 (full 3):
 PSYoungGen      total 194560K, used 150752K [0x00000007b0000000, 0x00000007bfb80000, 0x00000007c0000000)
  eden space 133632K, 100% used [0x00000007b0000000,0x00000007b8280000,0x00000007b8280000)
  from space 60928K, 28% used [0x00000007b8280000,0x00000007b9338000,0x00000007bbe00000)
  to   space 58880K, 0% used [0x00000007bc200000,0x00000007bc200000,0x00000007bfb80000)
 ParOldGen       total 412672K, used 307712K [0x0000000790000000, 0x00000007a9300000, 0x00000007b0000000)
  object space 412672K, 74% used [0x0000000790000000,0x00000007a2c80198,0x00000007a9300000)
 Metaspace       used 4426K, capacity 4960K, committed 5120K, reserved 1056768K
  class space    used 443K, capacity 464K, committed 512K, reserved 1048576K
Event: 8.142 GC heap after
Heap after GC invocations=31 (full 3):
 PSYoungGen      total 198656K, used 17248K [0x00000007b0000000, 0x00000007bf900000, 0x00000007c0000000)
  eden space 142336K, 0% used [0x00000007b0000000,0x00000007b0000000,0x00000007b8b00000)
  from space 56320K, 30% used [0x00000007bc200000,0x00000007bd2d8000,0x00000007bf900000)
  to   space 56320K, 0% used [0x00000007b8b00000,0x00000007b8b00000,0x00000007bc200000)
 ParOldGen       total 412672K, used 307712K [0x0000000790000000, 0x00000007a9300000, 0x00000007b0000000)
  object space 412672K, 74% used [0x0000000790000000,0x00000007a2c80198,0x00000007a9300000)
 Metaspace       used 4426K, capacity 4960K, committed 5120K, reserved 1056768K
  class space    used 443K, capacity 464K, committed 512K, reserved 1048576K
}
Event: 8.851 GC heap before
{Heap before GC invocations=32 (full 3):
 PSYoungGen      total 198656K, used 159584K [0x00000007b0000000, 0x00000007bf900000, 0x00000007c0000000)
  eden space 142336K, 100% used [0x00000007b0000000,0x00000007b8b00000,0x00000007b8b00000)
  from space 56320K, 30% used [0x00000007bc200000,0x00000007bd2d8000,0x00000007bf900000)
  to   space 56320K, 0% used [0x00000007b8b00000,0x00000007b8b00000,0x00000007bc200000)
 ParOldGen       total 412672K, used 307712K [0x0000000790000000, 0x00000007a9300000, 0x00000007b0000000)
  object space 412672K, 74% used [0x0000000790000000,0x00000007a2c80198,0x00000007a9300000)
 Metaspace       used 9535K, capacity 9616K, committed 9856K, reserved 1058816K
  class space    used 1351K, capacity 1392K, committed 1408K, reserved 1048576K
Event: 8.878 GC heap after
Heap after GC invocations=32 (full 3):
 PSYoungGen      total 198656K, used 31750K [0x00000007b0000000, 0x00000007c0000000, 0x00000007c0000000)
  eden space 142336K, 0% used [0x00000007b0000000,0x00000007b0000000,0x00000007b8b00000)
  from space 56320K, 56% used [0x00000007b8b00000,0x00000007baa01ad8,0x00000007bc200000)
  to   space 56320K, 0% used [0x00000007bc900000,0x00000007bc900000,0x00000007c0000000)
 ParOldGen       total 412672K, used 307720K [0x0000000790000000, 0x00000007a9300000, 0x00000007b0000000)
  object space 412672K, 74% used [0x0000000790000000,0x00000007a2c82198,0x00000007a9300000)
 Metaspace       used 9535K, capacity 9616K, committed 9856K, reserved 1058816K
  class space    used 1351K, capacity 1392K, committed 1408K, reserved 1048576K
}

