# JRE version: Java(TM) SE Runtime Environment (8.0_144-b01) (build 1.8.0_144-b01)
# Java VM: Java HotSpot(TM) 64-Bit Server VM (25.144-b01 mixed mode bsd-amd64 compressed oops)
Heap:
 PSYoungGen      total 199680K, used 17152K [0x00000007b0000000, 0x00000007c0000000, 0x00000007c0000000)
  eden space 137216K, 0% used [0x00000007b0000000,0x00000007b0000000,0x00000007b8600000)
  from space 62464K, 27% used [0x00000007b8600000,0x00000007b96c0000,0x00000007bc300000)
  to   space 60416K, 0% used [0x00000007bc500000,0x00000007bc500000,0x00000007c0000000)
 ParOldGen       total 166400K, used 160648K [0x0000000790000000, 0x000000079a280000, 0x00000007b0000000)
  object space 166400K, 96% used [0x0000000790000000,0x0000000799ce2168,0x000000079a280000)
 Metaspace       used 3635K, capacity 4856K, committed 5120K, reserved 1056768K
  class space    used 366K, capacity 424K, committed 512K, reserved 1048576K
GC Heap History (10 events):
Event: 2.010 GC heap after
Heap after GC invocations=7 (full 0):
 PSYoungGen      total 237568K, used 24545K [0x00000007b0000000, 0x00000007c0000000, 0x00000007c0000000)
  eden space 212992K, 0% used [0x00000007b0000000,0x00000007b0000000,0x00000007bd000000)
  from space 24576K, 99% used [0x00000007bd000000,0x00000007be7f85b0,0x00000007be800000)
  to   space 24576K, 0% used [0x00000007be800000,0x00000007be800000,0x00000007c0000000)
 ParOldGen       total 87552K, used 64784K [0x0000000790000000, 0x0000000795580000, 0x00000007b0000000)
  object space 87552K, 73% used [0x0000000790000000,0x0000000793f44040,0x0000000795580000)
 Metaspace       used 3442K, capacity 4728K, committed 4864K, reserved 1056768K
  class space    used 362K, capacity 424K, committed 512K, reserved 1048576K
}
Event: 2.010 GC heap before
{Heap before GC invocations=8 (full 1):
 PSYoungGen      total 237568K, used 24545K [0x00000007b0000000, 0x00000007c0000000, 0x00000007c0000000)
  eden space 212992K, 0% used [0x00000007b0000000,0x00000007b0000000,0x00000007bd000000)
  from space 24576K, 99% used [0x00000007bd000000,0x00000007be7f85b0,0x00000007be800000)
  to   space 24576K, 0% used [0x00000007be800000,0x00000007be800000,0x00000007c0000000)
 ParOldGen       total 87552K, used 64784K [0x0000000790000000, 0x0000000795580000, 0x00000007b0000000)
  object space 87552K, 73% used [0x0000000790000000,0x0000000793f44040,0x0000000795580000)
 Metaspace       used 3442K, capacity 4728K, committed 4864K, reserved 1056768K
  class space    used 362K, capacity 424K, committed 512K, reserved 1048576K
Event: 2.578 GC heap after
Heap after GC invocations=8 (full 1):
 PSYoungGen      total 237568K, used 992K [0x00000007b0000000, 0x00000007c0000000, 0x00000007c0000000)
  eden space 212992K, 0% used [0x00000007b0000000,0x00000007b0000000,0x00000007bd000000)
  from space 24576K, 4% used [0x00000007bd000000,0x00000007bd0f81c0,0x00000007be800000)
  to   space 24576K, 0% used [0x00000007be800000,0x00000007be800000,0x00000007c0000000)
 ParOldGen       total 166400K, used 87261K [0x0000000790000000, 0x000000079a280000, 0x00000007b0000000)
  object space 166400K, 52% used [0x0000000790000000,0x00000007955377a8,0x000000079a280000)
 Metaspace       used 3442K, capacity 4728K, committed 4864K, reserved 1056768K
  class space    used 362K, capacity 424K, committed 512K, reserved 1048576K
}
Event: 2.968 GC heap before
{Heap before GC invocations=9 (full 1):
 PSYoungGen      total 237568K, used 213984K [0x00000007b0000000, 0x00000007c0000000, 0x00000007c0000000)
  eden space 212992K, 100% used [0x00000007b0000000,0x00000007bd000000,0x00000007bd000000)
  from space 24576K, 4% used [0x00000007bd000000,0x00000007bd0f81c0,0x00000007be800000)
  to   space 24576K, 0% used [0x00000007be800000,0x00000007be800000,0x00000007c0000000)
 ParOldGen       total 166400K, used 87261K [0x0000000790000000, 0x000000079a280000, 0x00000007b0000000)
  object space 166400K, 52% used [0x0000000790000000,0x00000007955377a8,0x000000079a280000)
 Metaspace       used 3602K, capacity 4792K, committed 5120K, reserved 1056768K
  class space    used 365K, capacity 424K, committed 512K, reserved 1048576K
Event: 3.036 GC heap after
Heap after GC invocations=9 (full 1):
 PSYoungGen      total 202752K, used 24544K [0x00000007b0000000, 0x00000007c0000000, 0x00000007c0000000)
  eden space 178176K, 0% used [0x00000007b0000000,0x00000007b0000000,0x00000007bae00000)
  from space 24576K, 99% used [0x00000007be800000,0x00000007bfff8010,0x00000007c0000000)
  to   space 41984K, 0% used [0x00000007bae00000,0x00000007bae00000,0x00000007bd700000)
 ParOldGen       total 166400K, used 92888K [0x0000000790000000, 0x000000079a280000, 0x00000007b0000000)
  object space 166400K, 55% used [0x0000000790000000,0x0000000795ab6158,0x000000079a280000)
 Metaspace       used 3602K, capacity 4792K, committed 5120K, reserved 1056768K
  class space    used 365K, capacity 424K, committed 512K, reserved 1048576K
}
Event: 3.292 GC heap before
{Heap before GC invocations=10 (full 1):
 PSYoungGen      total 202752K, used 202720K [0x00000007b0000000, 0x00000007c0000000, 0x00000007c0000000)
  eden space 178176K, 100% used [0x00000007b0000000,0x00000007bae00000,0x00000007bae00000)
  from space 24576K, 99% used [0x00000007be800000,0x00000007bfff8010,0x00000007c0000000)
  to   space 41984K, 0% used [0x00000007bae00000,0x00000007bae00000,0x00000007bd700000)
 ParOldGen       total 166400K, used 92888K [0x0000000790000000, 0x000000079a280000, 0x00000007b0000000)
  object space 166400K, 55% used [0x0000000790000000,0x0000000795ab6158,0x000000079a280000)
 Metaspace       used 3603K, capacity 4792K, committed 5120K, reserved 1056768K
  class space    used 365K, capacity 424K, committed 512K, reserved 1048576K
Event: 3.344 GC heap after
Heap after GC invocations=10 (full 1):
 PSYoungGen      total 220160K, used 41952K [0x00000007b0000000, 0x00000007c0000000, 0x00000007c0000000)
  eden space 178176K, 0% used [0x00000007b0000000,0x00000007b0000000,0x00000007bae00000)
  from space 41984K, 99% used [0x00000007bae00000,0x00000007bd6f8010,0x00000007bd700000)
  to   space 41984K, 0% used [0x00000007bd700000,0x00000007bd700000,0x00000007c0000000)
 ParOldGen       total 166400K, used 96720K [0x0000000790000000, 0x000000079a280000, 0x00000007b0000000)
  object space 166400K, 58% used [0x0000000790000000,0x0000000795e74158,0x000000079a280000)
 Metaspace       used 3603K, capacity 4792K, committed 5120K, reserved 1056768K
  class space    used 365K, capacity 424K, committed 512K, reserved 1048576K
}
Event: 3.543 GC heap before
{Heap before GC invocations=11 (full 1):
 PSYoungGen      total 220160K, used 220128K [0x00000007b0000000, 0x00000007c0000000, 0x00000007c0000000)
  eden space 178176K, 100% used [0x00000007b0000000,0x00000007bae00000,0x00000007bae00000)
  from space 41984K, 99% used [0x00000007bae00000,0x00000007bd6f8010,0x00000007bd700000)
  to   space 41984K, 0% used [0x00000007bd700000,0x00000007bd700000,0x00000007c0000000)
 ParOldGen       total 166400K, used 96720K [0x0000000790000000, 0x000000079a280000, 0x00000007b0000000)
  object space 166400K, 58% used [0x0000000790000000,0x0000000795e74158,0x000000079a280000)
 Metaspace       used 3635K, capacity 4856K, committed 5120K, reserved 1056768K
  class space    used 366K, capacity 424K, committed 512K, reserved 1048576K
Event: 3.618 GC heap after
Heap after GC invocations=11 (full 1):
 PSYoungGen      total 179200K, used 41984K [0x00000007b0000000, 0x00000007c0000000, 0x00000007c0000000)
  eden space 137216K, 0% used [0x00000007b0000000,0x00000007b0000000,0x00000007b8600000)
  from space 41984K, 100% used [0x00000007bd700000,0x00000007c0000000,0x00000007c0000000)
  to   space 62464K, 0% used [0x00000007b8600000,0x00000007b8600000,0x00000007bc300000)
 ParOldGen       total 166400K, used 118536K [0x0000000790000000, 0x000000079a280000, 0x00000007b0000000)
  object space 166400K, 71% used [0x0000000790000000,0x00000007973c2168,0x000000079a280000)
 Metaspace       used 3635K, capacity 4856K, committed 5120K, reserved 1056768K
  class space    used 366K, capacity 424K, committed 512K, reserved 1048576K
}
Event: 3.726 GC heap before
{Heap before GC invocations=12 (full 1):
 PSYoungGen      total 179200K, used 179200K [0x00000007b0000000, 0x00000007c0000000, 0x00000007c0000000)
  eden space 137216K, 100% used [0x00000007b0000000,0x00000007b8600000,0x00000007b8600000)
  from space 41984K, 100% used [0x00000007bd700000,0x00000007c0000000,0x00000007c0000000)
  to   space 62464K, 0% used [0x00000007b8600000,0x00000007b8600000,0x00000007bc300000)
 ParOldGen       total 166400K, used 118536K [0x0000000790000000, 0x000000079a280000, 0x00000007b0000000)
  object space 166400K, 71% used [0x0000000790000000,0x00000007973c2168,0x000000079a280000)
 Metaspace       used 3635K, capacity 4856K, committed 5120K, reserved 1056768K
  class space    used 366K, capacity 424K, committed 512K, reserved 1048576K

