# JRE version: Java(TM) SE Runtime Environment (8.0_144-b01) (build 1.8.0_144-b01)
# Java VM: Java HotSpot(TM) 64-Bit Server VM (25.144-b01 mixed mode bsd-amd64 compressed oops)
Heap:
 PSYoungGen      total 211456K, used 173090K [0x00000007b0000000, 0x00000007c0000000, 0x00000007c0000000)
  eden space 159232K, 97% used [0x00000007b0000000,0x00000007b98587f0,0x00000007b9b80000)
  from space 52224K, 32% used [0x00000007bcd00000,0x00000007bddb0010,0x00000007c0000000)
  to   space 50688K, 0% used [0x00000007b9b80000,0x00000007b9b80000,0x00000007bcd00000)
 ParOldGen       total 264704K, used 181861K [0x0000000790000000, 0x00000007a0280000, 0x00000007b0000000)
  object space 264704K, 68% used [0x0000000790000000,0x000000079b199760,0x00000007a0280000)
 Metaspace       used 3650K, capacity 4856K, committed 5120K, reserved 1056768K
  class space    used 366K, capacity 424K, committed 512K, reserved 1048576K
GC Heap History (10 events):
Event: 4.099 GC heap before
{Heap before GC invocations=12 (full 1):
 PSYoungGen      total 199168K, used 199136K [0x00000007b0000000, 0x00000007c0000000, 0x00000007c0000000)
  eden space 169984K, 100% used [0x00000007b0000000,0x00000007ba600000,0x00000007ba600000)
  from space 29184K, 99% used [0x00000007be380000,0x00000007bfff8010,0x00000007c0000000)
  to   space 46080K, 0% used [0x00000007ba600000,0x00000007ba600000,0x00000007bd300000)
 ParOldGen       total 157696K, used 93937K [0x0000000790000000, 0x0000000799a00000, 0x00000007b0000000)
  object space 157696K, 59% used [0x0000000790000000,0x0000000795bbc4a8,0x0000000799a00000)
 Metaspace       used 3604K, capacity 4792K, committed 5120K, reserved 1056768K
  class space    used 366K, capacity 424K, committed 512K, reserved 1048576K
Event: 4.156 GC heap after
Heap after GC invocations=12 (full 1):
 PSYoungGen      total 216064K, used 20096K [0x00000007b0000000, 0x00000007c0000000, 0x00000007c0000000)
  eden space 169984K, 0% used [0x00000007b0000000,0x00000007b0000000,0x00000007ba600000)
  from space 46080K, 43% used [0x00000007ba600000,0x00000007bb9a0000,0x00000007bd300000)
  to   space 44032K, 0% used [0x00000007bd500000,0x00000007bd500000,0x00000007c0000000)
 ParOldGen       total 157696K, used 123169K [0x0000000790000000, 0x0000000799a00000, 0x00000007b0000000)
  object space 157696K, 78% used [0x0000000790000000,0x00000007978484b8,0x0000000799a00000)
 Metaspace       used 3604K, capacity 4792K, committed 5120K, reserved 1056768K
  class space    used 366K, capacity 424K, committed 512K, reserved 1048576K
}
Event: 4.269 GC heap before
{Heap before GC invocations=13 (full 1):
 PSYoungGen      total 216064K, used 190080K [0x00000007b0000000, 0x00000007c0000000, 0x00000007c0000000)
  eden space 169984K, 100% used [0x00000007b0000000,0x00000007ba600000,0x00000007ba600000)
  from space 46080K, 43% used [0x00000007ba600000,0x00000007bb9a0000,0x00000007bd300000)
  to   space 44032K, 0% used [0x00000007bd500000,0x00000007bd500000,0x00000007c0000000)
 ParOldGen       total 157696K, used 123169K [0x0000000790000000, 0x0000000799a00000, 0x00000007b0000000)
  object space 157696K, 78% used [0x0000000790000000,0x00000007978484b8,0x0000000799a00000)
 Metaspace       used 3635K, capacity 4856K, committed 5120K, reserved 1056768K
  class space    used 366K, capacity 424K, committed 512K, reserved 1048576K
Event: 4.308 GC heap after
Heap after GC invocations=13 (full 1):
 PSYoungGen      total 208896K, used 40000K [0x00000007b0000000, 0x00000007c0000000, 0x00000007c0000000)
  eden space 164864K, 0% used [0x00000007b0000000,0x00000007b0000000,0x00000007ba100000)
  from space 44032K, 90% used [0x00000007bd500000,0x00000007bfc10000,0x00000007c0000000)
  to   space 48640K, 0% used [0x00000007ba100000,0x00000007ba100000,0x00000007bd080000)
 ParOldGen       total 157696K, used 123169K [0x0000000790000000, 0x0000000799a00000, 0x00000007b0000000)
  object space 157696K, 78% used [0x0000000790000000,0x00000007978484b8,0x0000000799a00000)
 Metaspace       used 3635K, capacity 4856K, committed 5120K, reserved 1056768K
  class space    used 366K, capacity 424K, committed 512K, reserved 1048576K
}
Event: 4.429 GC heap before
{Heap before GC invocations=14 (full 1):
 PSYoungGen      total 208896K, used 204864K [0x00000007b0000000, 0x00000007c0000000, 0x00000007c0000000)
  eden space 164864K, 100% used [0x00000007b0000000,0x00000007ba100000,0x00000007ba100000)
  from space 44032K, 90% used [0x00000007bd500000,0x00000007bfc10000,0x00000007c0000000)
  to   space 48640K, 0% used [0x00000007ba100000,0x00000007ba100000,0x00000007bd080000)
 ParOldGen       total 157696K, used 123169K [0x0000000790000000, 0x0000000799a00000, 0x00000007b0000000)
  object space 157696K, 78% used [0x0000000790000000,0x00000007978484b8,0x0000000799a00000)
 Metaspace       used 3635K, capacity 4856K, committed 5120K, reserved 1056768K
  class space    used 366K, capacity 424K, committed 512K, reserved 1048576K
Event: 4.506 GC heap after
Heap after GC invocations=14 (full 1):
 PSYoungGen      total 204288K, used 39264K [0x00000007b0000000, 0x00000007c0000000, 0x00000007c0000000)
  eden space 164864K, 0% used [0x00000007b0000000,0x00000007b0000000,0x00000007ba100000)
  from space 39424K, 99% used [0x00000007ba100000,0x00000007bc758000,0x00000007bc780000)
  to   space 52224K, 0% used [0x00000007bcd00000,0x00000007bcd00000,0x00000007c0000000)
 ParOldGen       total 157696K, used 143265K [0x0000000790000000, 0x0000000799a00000, 0x00000007b0000000)
  object space 157696K, 90% used [0x0000000790000000,0x0000000798be84b8,0x0000000799a00000)
 Metaspace       used 3635K, capacity 4856K, committed 5120K, reserved 1056768K
  class space    used 366K, capacity 424K, committed 512K, reserved 1048576K
}
Event: 4.506 GC heap before
{Heap before GC invocations=15 (full 2):
 PSYoungGen      total 204288K, used 39264K [0x00000007b0000000, 0x00000007c0000000, 0x00000007c0000000)
  eden space 164864K, 0% used [0x00000007b0000000,0x00000007b0000000,0x00000007ba100000)
  from space 39424K, 99% used [0x00000007ba100000,0x00000007bc758000,0x00000007bc780000)
  to   space 52224K, 0% used [0x00000007bcd00000,0x00000007bcd00000,0x00000007c0000000)
 ParOldGen       total 157696K, used 143265K [0x0000000790000000, 0x0000000799a00000, 0x00000007b0000000)
  object space 157696K, 90% used [0x0000000790000000,0x0000000798be84b8,0x0000000799a00000)
 Metaspace       used 3635K, capacity 4856K, committed 5120K, reserved 1056768K
  class space    used 366K, capacity 424K, committed 512K, reserved 1048576K
Event: 5.323 GC heap after
Heap after GC invocations=15 (full 2):
 PSYoungGen      total 204288K, used 24323K [0x00000007b0000000, 0x00000007c0000000, 0x00000007c0000000)
  eden space 164864K, 0% used [0x00000007b0000000,0x00000007b0000000,0x00000007ba100000)
  from space 39424K, 61% used [0x00000007ba100000,0x00000007bb8c0f40,0x00000007bc780000)
  to   space 52224K, 0% used [0x00000007bcd00000,0x00000007bcd00000,0x00000007c0000000)
 ParOldGen       total 264704K, used 157421K [0x0000000790000000, 0x00000007a0280000, 0x00000007b0000000)
  object space 264704K, 59% used [0x0000000790000000,0x00000007999bb760,0x00000007a0280000)
 Metaspace       used 3635K, capacity 4856K, committed 5120K, reserved 1056768K
  class space    used 366K, capacity 424K, committed 512K, reserved 1048576K
}
Event: 5.539 GC heap before
{Heap before GC invocations=16 (full 2):
 PSYoungGen      total 204288K, used 189187K [0x00000007b0000000, 0x00000007c0000000, 0x00000007c0000000)
  eden space 164864K, 100% used [0x00000007b0000000,0x00000007ba100000,0x00000007ba100000)
  from space 39424K, 61% used [0x00000007ba100000,0x00000007bb8c0f40,0x00000007bc780000)
  to   space 52224K, 0% used [0x00000007bcd00000,0x00000007bcd00000,0x00000007c0000000)
 ParOldGen       total 264704K, used 157421K [0x0000000790000000, 0x00000007a0280000, 0x00000007b0000000)
  object space 264704K, 59% used [0x0000000790000000,0x00000007999bb760,0x00000007a0280000)
 Metaspace       used 3637K, capacity 4856K, committed 5120K, reserved 1056768K
  class space    used 366K, capacity 424K, committed 512K, reserved 1048576K
Event: 5.645 GC heap after
Heap after GC invocations=16 (full 2):
 PSYoungGen      total 211456K, used 17088K [0x00000007b0000000, 0x00000007c0000000, 0x00000007c0000000)
  eden space 159232K, 0% used [0x00000007b0000000,0x00000007b0000000,0x00000007b9b80000)
  from space 52224K, 32% used [0x00000007bcd00000,0x00000007bddb0010,0x00000007c0000000)
  to   space 50688K, 0% used [0x00000007b9b80000,0x00000007b9b80000,0x00000007bcd00000)
 ParOldGen       total 264704K, used 181861K [0x0000000790000000, 0x00000007a0280000, 0x00000007b0000000)
  object space 264704K, 68% used [0x0000000790000000,0x000000079b199760,0x00000007a0280000)
 Metaspace       used 3637K, capacity 4856K, committed 5120K, reserved 1056768K
  class space    used 366K, capacity 424K, committed 512K, reserved 1048576K
}

