# JRE version: Java(TM) SE Runtime Environment (8.0_144-b01) (build 1.8.0_144-b01)
# Java VM: Java HotSpot(TM) 64-Bit Server VM (25.144-b01 mixed mode bsd-amd64 compressed oops)
Heap:
 PSYoungGen      total 189952K, used 175829K [0x00000007b0000000, 0x00000007c0000000, 0x00000007c0000000)
  eden space 136192K, 89% used [0x00000007b0000000,0x00000007b77a3c30,0x00000007b8500000)
  from space 53760K, 99% used [0x00000007b8500000,0x00000007bb9118a8,0x00000007bb980000)
  to   space 65024K, 0% used [0x00000007bc080000,0x00000007bc080000,0x00000007c0000000)
 ParOldGen       total 426496K, used 283581K [0x0000000790000000, 0x00000007aa080000, 0x00000007b0000000)
  object space 426496K, 66% used [0x0000000790000000,0x00000007a14ef500,0x00000007aa080000)
 Metaspace       used 10632K, capacity 10742K, committed 11136K, reserved 1058816K
  class space    used 1528K, capacity 1553K, committed 1664K, reserved 1048576K
GC Heap History (10 events):
Event: 7.292 GC heap before
{Heap before GC invocations=28 (full 3):
 PSYoungGen      total 191488K, used 168704K [0x00000007b0000000, 0x00000007bfd00000, 0x00000007c0000000)
  eden space 128000K, 100% used [0x00000007b0000000,0x00000007b7d00000,0x00000007b7d00000)
  from space 63488K, 64% used [0x00000007bbf00000,0x00000007be6c0010,0x00000007bfd00000)
  to   space 65536K, 0% used [0x00000007b7d00000,0x00000007b7d00000,0x00000007bbd00000)
 ParOldGen       total 426496K, used 283565K [0x0000000790000000, 0x00000007aa080000, 0x00000007b0000000)
  object space 426496K, 66% used [0x0000000790000000,0x00000007a14eb500,0x00000007aa080000)
 Metaspace       used 4430K, capacity 4960K, committed 5120K, reserved 1056768K
  class space    used 443K, capacity 464K, committed 512K, reserved 1048576K
Event: 7.322 GC heap after
Heap after GC invocations=28 (full 3):
 PSYoungGen      total 193536K, used 40864K [0x00000007b0000000, 0x00000007c0000000, 0x00000007c0000000)
  eden space 128000K, 0% used [0x00000007b0000000,0x00000007b0000000,0x00000007b7d00000)
  from space 65536K, 62% used [0x00000007b7d00000,0x00000007ba4e8010,0x00000007bbd00000)
  to   space 64512K, 0% used [0x00000007bc100000,0x00000007bc100000,0x00000007c0000000)
 ParOldGen       total 426496K, used 283573K [0x0000000790000000, 0x00000007aa080000, 0x00000007b0000000)
  object space 426496K, 66% used [0x0000000790000000,0x00000007a14ed500,0x00000007aa080000)
 Metaspace       used 4430K, capacity 4960K, committed 5120K, reserved 1056768K
  class space    used 443K, capacity 464K, committed 512K, reserved 1048576K
}
Event: 7.448 GC heap before
{Heap before GC invocations=29 (full 3):
 PSYoungGen      total 193536K, used 168864K [0x00000007b0000000, 0x00000007c0000000, 0x00000007c0000000)
  eden space 128000K, 100% used [0x00000007b0000000,0x00000007b7d00000,0x00000007b7d00000)
  from space 65536K, 62% used [0x00000007b7d00000,0x00000007ba4e8010,0x00000007bbd00000)
  to   space 64512K, 0% used [0x00000007bc100000,0x00000007bc100000,0x00000007c0000000)
 ParOldGen       total 426496K, used 283573K [0x0000000790000000, 0x00000007aa080000, 0x00000007b0000000)
  object space 426496K, 66% used [0x0000000790000000,0x00000007a14ed500,0x00000007aa080000)
 Metaspace       used 4433K, capacity 4960K, committed 5120K, reserved 1056768K
  class space    used 443K, capacity 464K, committed 512K, reserved 1048576K
Event: 7.477 GC heap after
Heap after GC invocations=29 (full 3):
 PSYoungGen      total 193536K, used 41056K [0x00000007b0000000, 0x00000007bfd00000, 0x00000007c0000000)
  eden space 132096K, 0% used [0x00000007b0000000,0x00000007b0000000,0x00000007b8100000)
  from space 61440K, 66% used [0x00000007bc100000,0x00000007be918010,0x00000007bfd00000)
  to   space 63488K, 0% used [0x00000007b8100000,0x00000007b8100000,0x00000007bbf00000)
 ParOldGen       total 426496K, used 283573K [0x0000000790000000, 0x00000007aa080000, 0x00000007b0000000)
  object space 426496K, 66% used [0x0000000790000000,0x00000007a14ed500,0x00000007aa080000)
 Metaspace       used 4433K, capacity 4960K, committed 5120K, reserved 1056768K
  class space    used 443K, capacity 464K, committed 512K, reserved 1048576K
}
Event: 7.622 GC heap before
{Heap before GC invocations=30 (full 3):
 PSYoungGen      total 193536K, used 173152K [0x00000007b0000000, 0x00000007bfd00000, 0x00000007c0000000)
  eden space 132096K, 100% used [0x00000007b0000000,0x00000007b8100000,0x00000007b8100000)
  from space 61440K, 66% used [0x00000007bc100000,0x00000007be918010,0x00000007bfd00000)
  to   space 63488K, 0% used [0x00000007b8100000,0x00000007b8100000,0x00000007bbf00000)
 ParOldGen       total 426496K, used 283573K [0x0000000790000000, 0x00000007aa080000, 0x00000007b0000000)
  object space 426496K, 66% used [0x0000000790000000,0x00000007a14ed500,0x00000007aa080000)
 Metaspace       used 4434K, capacity 4960K, committed 5120K, reserved 1056768K
  class space    used 444K, capacity 464K, committed 512K, reserved 1048576K
Event: 7.651 GC heap after
Heap after GC invocations=30 (full 3):
 PSYoungGen      total 195584K, used 41216K [0x00000007b0000000, 0x00000007c0000000, 0x00000007c0000000)
  eden space 132096K, 0% used [0x00000007b0000000,0x00000007b0000000,0x00000007b8100000)
  from space 63488K, 64% used [0x00000007b8100000,0x00000007ba940010,0x00000007bbf00000)
  to   space 62464K, 0% used [0x00000007bc300000,0x00000007bc300000,0x00000007c0000000)
 ParOldGen       total 426496K, used 283573K [0x0000000790000000, 0x00000007aa080000, 0x00000007b0000000)
  object space 426496K, 66% used [0x0000000790000000,0x00000007a14ed500,0x00000007aa080000)
 Metaspace       used 4434K, capacity 4960K, committed 5120K, reserved 1056768K
  class space    used 444K, capacity 464K, committed 512K, reserved 1048576K
}
Event: 7.778 GC heap before
{Heap before GC invocations=31 (full 3):
 PSYoungGen      total 195584K, used 173312K [0x00000007b0000000, 0x00000007c0000000, 0x00000007c0000000)
  eden space 132096K, 100% used [0x00000007b0000000,0x00000007b8100000,0x00000007b8100000)
  from space 63488K, 64% used [0x00000007b8100000,0x00000007ba940010,0x00000007bbf00000)
  to   space 62464K, 0% used [0x00000007bc300000,0x00000007bc300000,0x00000007c0000000)
 ParOldGen       total 426496K, used 283573K [0x0000000790000000, 0x00000007aa080000, 0x00000007b0000000)
  object space 426496K, 66% used [0x0000000790000000,0x00000007a14ed500,0x00000007aa080000)
 Metaspace       used 4434K, capacity 4960K, committed 5120K, reserved 1056768K
  class space    used 444K, capacity 464K, committed 512K, reserved 1048576K
Event: 7.807 GC heap after
Heap after GC invocations=31 (full 3):
 PSYoungGen      total 195584K, used 41376K [0x00000007b0000000, 0x00000007bfd00000, 0x00000007c0000000)
  eden space 136192K, 0% used [0x00000007b0000000,0x00000007b0000000,0x00000007b8500000)
  from space 59392K, 69% used [0x00000007bc300000,0x00000007beb68010,0x00000007bfd00000)
  to   space 61440K, 0% used [0x00000007b8500000,0x00000007b8500000,0x00000007bc100000)
 ParOldGen       total 426496K, used 283573K [0x0000000790000000, 0x00000007aa080000, 0x00000007b0000000)
  object space 426496K, 66% used [0x0000000790000000,0x00000007a14ed500,0x00000007aa080000)
 Metaspace       used 4434K, capacity 4960K, committed 5120K, reserved 1056768K
  class space    used 444K, capacity 464K, committed 512K, reserved 1048576K
}
Event: 8.414 GC heap before
{Heap before GC invocations=32 (full 3):
 PSYoungGen      total 195584K, used 177568K [0x00000007b0000000, 0x00000007bfd00000, 0x00000007c0000000)
  eden space 136192K, 100% used [0x00000007b0000000,0x00000007b8500000,0x00000007b8500000)
  from space 59392K, 69% used [0x00000007bc300000,0x00000007beb68010,0x00000007bfd00000)
  to   space 61440K, 0% used [0x00000007b8500000,0x00000007b8500000,0x00000007bc100000)
 ParOldGen       total 426496K, used 283573K [0x0000000790000000, 0x00000007aa080000, 0x00000007b0000000)
  object space 426496K, 66% used [0x0000000790000000,0x00000007a14ed500,0x00000007aa080000)
 Metaspace       used 9518K, capacity 9616K, committed 9856K, reserved 1058816K
  class space    used 1352K, capacity 1392K, committed 1408K, reserved 1048576K
Event: 8.454 GC heap after
Heap after GC invocations=32 (full 3):
 PSYoungGen      total 189952K, used 53318K [0x00000007b0000000, 0x00000007c0000000, 0x00000007c0000000)
  eden space 136192K, 0% used [0x00000007b0000000,0x00000007b0000000,0x00000007b8500000)
  from space 53760K, 99% used [0x00000007b8500000,0x00000007bb9118a8,0x00000007bb980000)
  to   space 65024K, 0% used [0x00000007bc080000,0x00000007bc080000,0x00000007c0000000)
 ParOldGen       total 426496K, used 283581K [0x0000000790000000, 0x00000007aa080000, 0x00000007b0000000)
  object space 426496K, 66% used [0x0000000790000000,0x00000007a14ef500,0x00000007aa080000)
 Metaspace       used 9518K, capacity 9616K, committed 9856K, reserved 1058816K
  class space    used 1352K, capacity 1392K, committed 1408K, reserved 1048576K
}

