# JRE version: Java(TM) SE Runtime Environment (8.0_144-b01) (build 1.8.0_144-b01)
# Java VM: Java HotSpot(TM) 64-Bit Server VM (25.144-b01 mixed mode bsd-amd64 compressed oops)
Heap:
 PSYoungGen      total 113152K, used 65977K [0x00000007b0000000, 0x00000007bd580000, 0x00000007c0000000)
  eden space 97792K, 51% used [0x00000007b0000000,0x00000007b318edf0,0x00000007b5f80000)
  from space 15360K, 99% used [0x00000007b5f80000,0x00000007b6e5f788,0x00000007b6e80000)
  to   space 59392K, 0% used [0x00000007b9b80000,0x00000007b9b80000,0x00000007bd580000)
 ParOldGen       total 455168K, used 323997K [0x0000000790000000, 0x00000007abc80000, 0x00000007b0000000)
  object space 455168K, 71% used [0x0000000790000000,0x00000007a3c67700,0x00000007abc80000)
 Metaspace       used 10620K, capacity 10742K, committed 11136K, reserved 1058816K
  class space    used 1528K, capacity 1553K, committed 1664K, reserved 1048576K
GC Heap History (10 events):
Event: 13.516 GC heap before
{Heap before GC invocations=34 (full 3):
 PSYoungGen      total 169984K, used 94304K [0x00000007b0000000, 0x00000007bf480000, 0x00000007c0000000)
  eden space 93696K, 100% used [0x00000007b0000000,0x00000007b5b80000,0x00000007b5b80000)
  from space 76288K, 0% used [0x00000007baa00000,0x00000007baa98000,0x00000007bf480000)
  to   space 78336K, 0% used [0x00000007b5b80000,0x00000007b5b80000,0x00000007ba800000)
 ParOldGen       total 455168K, used 323981K [0x0000000790000000, 0x00000007abc80000, 0x00000007b0000000)
  object space 455168K, 71% used [0x0000000790000000,0x00000007a3c63700,0x00000007abc80000)
 Metaspace       used 4431K, capacity 4960K, committed 5120K, reserved 1056768K
  class space    used 443K, capacity 464K, committed 512K, reserved 1048576K
Event: 13.520 GC heap after
Heap after GC invocations=34 (full 3):
 PSYoungGen      total 172032K, used 736K [0x00000007b0000000, 0x00000007bf180000, 0x00000007c0000000)
  eden space 93696K, 0% used [0x00000007b0000000,0x00000007b0000000,0x00000007b5b80000)
  from space 78336K, 0% used [0x00000007b5b80000,0x00000007b5c38000,0x00000007ba800000)
  to   space 75264K, 0% used [0x00000007ba800000,0x00000007ba800000,0x00000007bf180000)
 ParOldGen       total 455168K, used 323981K [0x0000000790000000, 0x00000007abc80000, 0x00000007b0000000)
  object space 455168K, 71% used [0x0000000790000000,0x00000007a3c63700,0x00000007abc80000)
 Metaspace       used 4431K, capacity 4960K, committed 5120K, reserved 1056768K
  class space    used 443K, capacity 464K, committed 512K, reserved 1048576K
}
Event: 13.710 GC heap before
{Heap before GC invocations=35 (full 3):
 PSYoungGen      total 172032K, used 94432K [0x00000007b0000000, 0x00000007bf180000, 0x00000007c0000000)
  eden space 93696K, 100% used [0x00000007b0000000,0x00000007b5b80000,0x00000007b5b80000)
  from space 78336K, 0% used [0x00000007b5b80000,0x00000007b5c38000,0x00000007ba800000)
  to   space 75264K, 0% used [0x00000007ba800000,0x00000007ba800000,0x00000007bf180000)
 ParOldGen       total 455168K, used 323981K [0x0000000790000000, 0x00000007abc80000, 0x00000007b0000000)
  object space 455168K, 71% used [0x0000000790000000,0x00000007a3c63700,0x00000007abc80000)
 Metaspace       used 4431K, capacity 4960K, committed 5120K, reserved 1056768K
  class space    used 443K, capacity 464K, committed 512K, reserved 1048576K
Event: 13.715 GC heap after
Heap after GC invocations=35 (full 3):
 PSYoungGen      total 163840K, used 864K [0x00000007b0000000, 0x00000007bea00000, 0x00000007c0000000)
  eden space 96256K, 0% used [0x00000007b0000000,0x00000007b0000000,0x00000007b5e00000)
  from space 67584K, 1% used [0x00000007ba800000,0x00000007ba8d8000,0x00000007bea00000)
  to   space 71680K, 0% used [0x00000007b5e00000,0x00000007b5e00000,0x00000007ba400000)
 ParOldGen       total 455168K, used 323981K [0x0000000790000000, 0x00000007abc80000, 0x00000007b0000000)
  object space 455168K, 71% used [0x0000000790000000,0x00000007a3c63700,0x00000007abc80000)
 Metaspace       used 4431K, capacity 4960K, committed 5120K, reserved 1056768K
  class space    used 443K, capacity 464K, committed 512K, reserved 1048576K
}
Event: 13.912 GC heap before
{Heap before GC invocations=36 (full 3):
 PSYoungGen      total 163840K, used 97120K [0x00000007b0000000, 0x00000007bea00000, 0x00000007c0000000)
  eden space 96256K, 100% used [0x00000007b0000000,0x00000007b5e00000,0x00000007b5e00000)
  from space 67584K, 1% used [0x00000007ba800000,0x00000007ba8d8000,0x00000007bea00000)
  to   space 71680K, 0% used [0x00000007b5e00000,0x00000007b5e00000,0x00000007ba400000)
 ParOldGen       total 455168K, used 323981K [0x0000000790000000, 0x00000007abc80000, 0x00000007b0000000)
  object space 455168K, 71% used [0x0000000790000000,0x00000007a3c63700,0x00000007abc80000)
 Metaspace       used 4432K, capacity 4960K, committed 5120K, reserved 1056768K
  class space    used 444K, capacity 464K, committed 512K, reserved 1048576K
Event: 13.916 GC heap after
Heap after GC invocations=36 (full 3):
 PSYoungGen      total 97280K, used 992K [0x00000007b0000000, 0x00000007be500000, 0x00000007c0000000)
  eden space 96256K, 0% used [0x00000007b0000000,0x00000007b0000000,0x00000007b5e00000)
  from space 1024K, 96% used [0x00000007b5e00000,0x00000007b5ef8000,0x00000007b5f00000)
  to   space 68096K, 0% used [0x00000007ba280000,0x00000007ba280000,0x00000007be500000)
 ParOldGen       total 455168K, used 323981K [0x0000000790000000, 0x00000007abc80000, 0x00000007b0000000)
  object space 455168K, 71% used [0x0000000790000000,0x00000007a3c63700,0x00000007abc80000)
 Metaspace       used 4432K, capacity 4960K, committed 5120K, reserved 1056768K
  class space    used 444K, capacity 464K, committed 512K, reserved 1048576K
}
Event: 15.158 GC heap before
{Heap before GC invocations=37 (full 3):
 PSYoungGen      total 97280K, used 97248K [0x00000007b0000000, 0x00000007be500000, 0x00000007c0000000)
  eden space 96256K, 100% used [0x00000007b0000000,0x00000007b5e00000,0x00000007b5e00000)
  from space 1024K, 96% used [0x00000007b5e00000,0x00000007b5ef8000,0x00000007b5f00000)
  to   space 68096K, 0% used [0x00000007ba280000,0x00000007ba280000,0x00000007be500000)
 ParOldGen       total 455168K, used 323981K [0x0000000790000000, 0x00000007abc80000, 0x00000007b0000000)
  object space 455168K, 71% used [0x0000000790000000,0x00000007a3c63700,0x00000007abc80000)
 Metaspace       used 9106K, capacity 9168K, committed 9344K, reserved 1056768K
  class space    used 1302K, capacity 1328K, committed 1408K, reserved 1048576K
Event: 15.169 GC heap after
Heap after GC invocations=37 (full 3):
 PSYoungGen      total 156160K, used 9768K [0x00000007b0000000, 0x00000007bdb80000, 0x00000007c0000000)
  eden space 97792K, 0% used [0x00000007b0000000,0x00000007b0000000,0x00000007b5f80000)
  from space 58368K, 16% used [0x00000007ba280000,0x00000007bac0a070,0x00000007bdb80000)
  to   space 63488K, 0% used [0x00000007b5f80000,0x00000007b5f80000,0x00000007b9d80000)
 ParOldGen       total 455168K, used 323989K [0x0000000790000000, 0x00000007abc80000, 0x00000007b0000000)
  object space 455168K, 71% used [0x0000000790000000,0x00000007a3c65700,0x00000007abc80000)
 Metaspace       used 9106K, capacity 9168K, committed 9344K, reserved 1056768K
  class space    used 1302K, capacity 1328K, committed 1408K, reserved 1048576K
}
Event: 15.745 GC heap before
{Heap before GC invocations=38 (full 3):
 PSYoungGen      total 156160K, used 107560K [0x00000007b0000000, 0x00000007bdb80000, 0x00000007c0000000)
  eden space 97792K, 100% used [0x00000007b0000000,0x00000007b5f80000,0x00000007b5f80000)
  from space 58368K, 16% used [0x00000007ba280000,0x00000007bac0a070,0x00000007bdb80000)
  to   space 63488K, 0% used [0x00000007b5f80000,0x00000007b5f80000,0x00000007b9d80000)
 ParOldGen       total 455168K, used 323989K [0x0000000790000000, 0x00000007abc80000, 0x00000007b0000000)
  object space 455168K, 71% used [0x0000000790000000,0x00000007a3c65700,0x00000007abc80000)
 Metaspace       used 10102K, capacity 10192K, committed 10240K, reserved 1058816K
  class space    used 1472K, capacity 1520K, committed 1536K, reserved 1048576K
Event: 15.762 GC heap after
Heap after GC invocations=38 (full 3):
 PSYoungGen      total 113152K, used 15229K [0x00000007b0000000, 0x00000007bd580000, 0x00000007c0000000)
  eden space 97792K, 0% used [0x00000007b0000000,0x00000007b0000000,0x00000007b5f80000)
  from space 15360K, 99% used [0x00000007b5f80000,0x00000007b6e5f788,0x00000007b6e80000)
  to   space 59392K, 0% used [0x00000007b9b80000,0x00000007b9b80000,0x00000007bd580000)
 ParOldGen       total 455168K, used 323997K [0x0000000790000000, 0x00000007abc80000, 0x00000007b0000000)
  object space 455168K, 71% used [0x0000000790000000,0x00000007a3c67700,0x00000007abc80000)
 Metaspace       used 10102K, capacity 10192K, committed 10240K, reserved 1058816K
  class space    used 1472K, capacity 1520K, committed 1536K, reserved 1048576K
}

