# JRE version: Java(TM) SE Runtime Environment (8.0_144-b01) (build 1.8.0_144-b01)
# Java VM: Java HotSpot(TM) 64-Bit Server VM (25.144-b01 mixed mode bsd-amd64 compressed oops)
Heap:
 PSYoungGen      total 226816K, used 132918K [0x00000007b0000000, 0x00000007c0000000, 0x00000007c0000000)
  eden space 203776K, 53% used [0x00000007b0000000,0x00000007b6b4dad0,0x00000007bc700000)
  from space 23040K, 100% used [0x00000007be980000,0x00000007c0000000,0x00000007c0000000)
  to   space 29184K, 0% used [0x00000007bc700000,0x00000007bc700000,0x00000007be380000)
 ParOldGen       total 87552K, used 46730K [0x0000000790000000, 0x0000000795580000, 0x00000007b0000000)
  object space 87552K, 53% used [0x0000000790000000,0x0000000792da2998,0x0000000795580000)
 Metaspace       used 3497K, capacity 4728K, committed 4864K, reserved 1056768K
  class space    used 368K, capacity 424K, committed 512K, reserved 1048576K
GC Heap History (10 events):
Event: 1.778 GC heap before
{Heap before GC invocations=4 (full 0):
 PSYoungGen      total 38400K, used 38387K [0x00000007b0000000, 0x00000007b4b00000, 0x00000007c0000000)
  eden space 33280K, 100% used [0x00000007b0000000,0x00000007b2080000,0x00000007b2080000)
  from space 5120K, 99% used [0x00000007b2080000,0x00000007b257ccf8,0x00000007b2580000)
  to   space 5120K, 0% used [0x00000007b4600000,0x00000007b4600000,0x00000007b4b00000)
 ParOldGen       total 87552K, used 12262K [0x0000000790000000, 0x0000000795580000, 0x00000007b0000000)
  object space 87552K, 14% used [0x0000000790000000,0x0000000790bf9b28,0x0000000795580000)
 Metaspace       used 3492K, capacity 4728K, committed 4864K, reserved 1056768K
  class space    used 368K, capacity 424K, committed 512K, reserved 1048576K
Event: 1.792 GC heap after
Heap after GC invocations=4 (full 0):
 PSYoungGen      total 71680K, used 5092K [0x00000007b0000000, 0x00000007b4b00000, 0x00000007c0000000)
  eden space 66560K, 0% used [0x00000007b0000000,0x00000007b0000000,0x00000007b4100000)
  from space 5120K, 99% used [0x00000007b4600000,0x00000007b4af92a0,0x00000007b4b00000)
  to   space 5120K, 0% used [0x00000007b4100000,0x00000007b4100000,0x00000007b4600000)
 ParOldGen       total 87552K, used 17470K [0x0000000790000000, 0x0000000795580000, 0x00000007b0000000)
  object space 87552K, 19% used [0x0000000790000000,0x000000079110fb58,0x0000000795580000)
 Metaspace       used 3492K, capacity 4728K, committed 4864K, reserved 1056768K
  class space    used 368K, capacity 424K, committed 512K, reserved 1048576K
}
Event: 1.954 GC heap before
{Heap before GC invocations=5 (full 0):
 PSYoungGen      total 71680K, used 71652K [0x00000007b0000000, 0x00000007b4b00000, 0x00000007c0000000)
  eden space 66560K, 100% used [0x00000007b0000000,0x00000007b4100000,0x00000007b4100000)
  from space 5120K, 99% used [0x00000007b4600000,0x00000007b4af92a0,0x00000007b4b00000)
  to   space 5120K, 0% used [0x00000007b4100000,0x00000007b4100000,0x00000007b4600000)
 ParOldGen       total 87552K, used 17470K [0x0000000790000000, 0x0000000795580000, 0x00000007b0000000)
  object space 87552K, 19% used [0x0000000790000000,0x000000079110fb58,0x0000000795580000)
 Metaspace       used 3494K, capacity 4728K, committed 4864K, reserved 1056768K
  class space    used 368K, capacity 424K, committed 512K, reserved 1048576K
Event: 1.986 GC heap after
Heap after GC invocations=5 (full 0):
 PSYoungGen      total 71680K, used 5114K [0x00000007b0000000, 0x00000007b9c00000, 0x00000007c0000000)
  eden space 66560K, 0% used [0x00000007b0000000,0x00000007b0000000,0x00000007b4100000)
  from space 5120K, 99% used [0x00000007b4100000,0x00000007b45fe910,0x00000007b4600000)
  to   space 13312K, 0% used [0x00000007b8f00000,0x00000007b8f00000,0x00000007b9c00000)
 ParOldGen       total 87552K, used 25811K [0x0000000790000000, 0x0000000795580000, 0x00000007b0000000)
  object space 87552K, 29% used [0x0000000790000000,0x0000000791934e90,0x0000000795580000)
 Metaspace       used 3494K, capacity 4728K, committed 4864K, reserved 1056768K
  class space    used 368K, capacity 424K, committed 512K, reserved 1048576K
}
Event: 2.103 GC heap before
{Heap before GC invocations=6 (full 0):
 PSYoungGen      total 71680K, used 71674K [0x00000007b0000000, 0x00000007b9c00000, 0x00000007c0000000)
  eden space 66560K, 100% used [0x00000007b0000000,0x00000007b4100000,0x00000007b4100000)
  from space 5120K, 99% used [0x00000007b4100000,0x00000007b45fe910,0x00000007b4600000)
  to   space 13312K, 0% used [0x00000007b8f00000,0x00000007b8f00000,0x00000007b9c00000)
 ParOldGen       total 87552K, used 25811K [0x0000000790000000, 0x0000000795580000, 0x00000007b0000000)
  object space 87552K, 29% used [0x0000000790000000,0x0000000791934e90,0x0000000795580000)
 Metaspace       used 3497K, capacity 4728K, committed 4864K, reserved 1056768K
  class space    used 368K, capacity 424K, committed 512K, reserved 1048576K
Event: 2.136 GC heap after
Heap after GC invocations=6 (full 0):
 PSYoungGen      total 145408K, used 12970K [0x00000007b0000000, 0x00000007b9e00000, 0x00000007c0000000)
  eden space 132096K, 0% used [0x00000007b0000000,0x00000007b0000000,0x00000007b8100000)
  from space 13312K, 97% used [0x00000007b8f00000,0x00000007b9baa900,0x00000007b9c00000)
  to   space 14336K, 0% used [0x00000007b8100000,0x00000007b8100000,0x00000007b8f00000)
 ParOldGen       total 87552K, used 25811K [0x0000000790000000, 0x0000000795580000, 0x00000007b0000000)
  object space 87552K, 29% used [0x0000000790000000,0x0000000791934e90,0x0000000795580000)
 Metaspace       used 3497K, capacity 4728K, committed 4864K, reserved 1056768K
  class space    used 368K, capacity 424K, committed 512K, reserved 1048576K
}
Event: 2.369 GC heap before
{Heap before GC invocations=7 (full 0):
 PSYoungGen      total 145408K, used 145066K [0x00000007b0000000, 0x00000007b9e00000, 0x00000007c0000000)
  eden space 132096K, 100% used [0x00000007b0000000,0x00000007b8100000,0x00000007b8100000)
  from space 13312K, 97% used [0x00000007b8f00000,0x00000007b9baa900,0x00000007b9c00000)
  to   space 14336K, 0% used [0x00000007b8100000,0x00000007b8100000,0x00000007b8f00000)
 ParOldGen       total 87552K, used 25811K [0x0000000790000000, 0x0000000795580000, 0x00000007b0000000)
  object space 87552K, 29% used [0x0000000790000000,0x0000000791934e90,0x0000000795580000)
 Metaspace       used 3497K, capacity 4728K, committed 4864K, reserved 1056768K
  class space    used 368K, capacity 424K, committed 512K, reserved 1048576K
Event: 2.430 GC heap after
Heap after GC invocations=7 (full 0):
 PSYoungGen      total 146432K, used 14306K [0x00000007b0000000, 0x00000007c0000000, 0x00000007c0000000)
  eden space 132096K, 0% used [0x00000007b0000000,0x00000007b0000000,0x00000007b8100000)
  from space 14336K, 99% used [0x00000007b8100000,0x00000007b8ef8b98,0x00000007b8f00000)
  to   space 23040K, 0% used [0x00000007be980000,0x00000007be980000,0x00000007c0000000)
 ParOldGen       total 87552K, used 39951K [0x0000000790000000, 0x0000000795580000, 0x00000007b0000000)
  object space 87552K, 45% used [0x0000000790000000,0x0000000792703df0,0x0000000795580000)
 Metaspace       used 3497K, capacity 4728K, committed 4864K, reserved 1056768K
  class space    used 368K, capacity 424K, committed 512K, reserved 1048576K
}
Event: 2.614 GC heap before
{Heap before GC invocations=8 (full 0):
 PSYoungGen      total 146432K, used 146402K [0x00000007b0000000, 0x00000007c0000000, 0x00000007c0000000)
  eden space 132096K, 100% used [0x00000007b0000000,0x00000007b8100000,0x00000007b8100000)
  from space 14336K, 99% used [0x00000007b8100000,0x00000007b8ef8b98,0x00000007b8f00000)
  to   space 23040K, 0% used [0x00000007be980000,0x00000007be980000,0x00000007c0000000)
 ParOldGen       total 87552K, used 39951K [0x0000000790000000, 0x0000000795580000, 0x00000007b0000000)
  object space 87552K, 45% used [0x0000000790000000,0x0000000792703df0,0x0000000795580000)
 Metaspace       used 3497K, capacity 4728K, committed 4864K, reserved 1056768K
  class space    used 368K, capacity 424K, committed 512K, reserved 1048576K
Event: 2.693 GC heap after
Heap after GC invocations=8 (full 0):
 PSYoungGen      total 226816K, used 23040K [0x00000007b0000000, 0x00000007c0000000, 0x00000007c0000000)
  eden space 203776K, 0% used [0x00000007b0000000,0x00000007b0000000,0x00000007bc700000)
  from space 23040K, 100% used [0x00000007be980000,0x00000007c0000000,0x00000007c0000000)
  to   space 29184K, 0% used [0x00000007bc700000,0x00000007bc700000,0x00000007be380000)
 ParOldGen       total 87552K, used 46730K [0x0000000790000000, 0x0000000795580000, 0x00000007b0000000)
  object space 87552K, 53% used [0x0000000790000000,0x0000000792da2998,0x0000000795580000)
 Metaspace       used 3497K, capacity 4728K, committed 4864K, reserved 1056768K
  class space    used 368K, capacity 424K, committed 512K, reserved 1048576K
}

