# JRE version: Java(TM) SE Runtime Environment (8.0_144-b01) (build 1.8.0_144-b01)
# Java VM: Java HotSpot(TM) 64-Bit Server VM (25.144-b01 mixed mode bsd-amd64 compressed oops)
Heap:
 PSYoungGen      total 194560K, used 127667K [0x00000007b0000000, 0x00000007c0000000, 0x00000007c0000000)
  eden space 156672K, 57% used [0x00000007b0000000,0x00000007b580d220,0x00000007b9900000)
  from space 37888K, 98% used [0x00000007b9900000,0x00000007bbd9fa28,0x00000007bbe00000)
  to   space 55296K, 0% used [0x00000007bca00000,0x00000007bca00000,0x00000007c0000000)
 ParOldGen       total 179200K, used 98619K [0x0000000790000000, 0x000000079af00000, 0x00000007b0000000)
  object space 179200K, 55% used [0x0000000790000000,0x000000079604ec70,0x000000079af00000)
 Metaspace       used 3635K, capacity 4856K, committed 5120K, reserved 1056768K
  class space    used 366K, capacity 424K, committed 512K, reserved 1048576K
GC Heap History (10 events):
Event: 1.657 GC heap before
{Heap before GC invocations=6 (full 0):
 PSYoungGen      total 138240K, used 138223K [0x00000007b0000000, 0x00000007c0000000, 0x00000007c0000000)
  eden space 133120K, 100% used [0x00000007b0000000,0x00000007b8200000,0x00000007b8200000)
  from space 5120K, 99% used [0x00000007b8200000,0x00000007b86fbd30,0x00000007b8700000)
  to   space 22016K, 0% used [0x00000007bea80000,0x00000007bea80000,0x00000007c0000000)
 ParOldGen       total 87552K, used 41910K [0x0000000790000000, 0x0000000795580000, 0x00000007b0000000)
  object space 87552K, 47% used [0x0000000790000000,0x00000007928edb68,0x0000000795580000)
 Metaspace       used 3444K, capacity 4728K, committed 4864K, reserved 1056768K
  class space    used 362K, capacity 424K, committed 512K, reserved 1048576K
Event: 1.683 GC heap after
Heap after GC invocations=6 (full 0):
 PSYoungGen      total 235008K, used 20751K [0x00000007b0000000, 0x00000007c0000000, 0x00000007c0000000)
  eden space 212992K, 0% used [0x00000007b0000000,0x00000007b0000000,0x00000007bd000000)
  from space 22016K, 94% used [0x00000007bea80000,0x00000007bfec3d10,0x00000007c0000000)
  to   space 24576K, 0% used [0x00000007bd000000,0x00000007bd000000,0x00000007be800000)
 ParOldGen       total 87552K, used 41910K [0x0000000790000000, 0x0000000795580000, 0x00000007b0000000)
  object space 87552K, 47% used [0x0000000790000000,0x00000007928edb68,0x0000000795580000)
 Metaspace       used 3444K, capacity 4728K, committed 4864K, reserved 1056768K
  class space    used 362K, capacity 424K, committed 512K, reserved 1048576K
}
Event: 2.019 GC heap before
{Heap before GC invocations=7 (full 0):
 PSYoungGen      total 235008K, used 233743K [0x00000007b0000000, 0x00000007c0000000, 0x00000007c0000000)
  eden space 212992K, 100% used [0x00000007b0000000,0x00000007bd000000,0x00000007bd000000)
  from space 22016K, 94% used [0x00000007bea80000,0x00000007bfec3d10,0x00000007c0000000)
  to   space 24576K, 0% used [0x00000007bd000000,0x00000007bd000000,0x00000007be800000)
 ParOldGen       total 87552K, used 41910K [0x0000000790000000, 0x0000000795580000, 0x00000007b0000000)
  object space 87552K, 47% used [0x0000000790000000,0x00000007928edb68,0x0000000795580000)
 Metaspace       used 3444K, capacity 4728K, committed 4864K, reserved 1056768K
  class space    used 362K, capacity 424K, committed 512K, reserved 1048576K
Event: 2.088 GC heap after
Heap after GC invocations=7 (full 0):
 PSYoungGen      total 237568K, used 24574K [0x00000007b0000000, 0x00000007c0000000, 0x00000007c0000000)
  eden space 212992K, 0% used [0x00000007b0000000,0x00000007b0000000,0x00000007bd000000)
  from space 24576K, 99% used [0x00000007bd000000,0x00000007be7ffa18,0x00000007be800000)
  to   space 24576K, 0% used [0x00000007be800000,0x00000007be800000,0x00000007c0000000)
 ParOldGen       total 87552K, used 64758K [0x0000000790000000, 0x0000000795580000, 0x00000007b0000000)
  object space 87552K, 73% used [0x0000000790000000,0x0000000793f3dbc8,0x0000000795580000)
 Metaspace       used 3444K, capacity 4728K, committed 4864K, reserved 1056768K
  class space    used 362K, capacity 424K, committed 512K, reserved 1048576K
}
Event: 2.496 GC heap before
{Heap before GC invocations=8 (full 0):
 PSYoungGen      total 237568K, used 237566K [0x00000007b0000000, 0x00000007c0000000, 0x00000007c0000000)
  eden space 212992K, 100% used [0x00000007b0000000,0x00000007bd000000,0x00000007bd000000)
  from space 24576K, 99% used [0x00000007bd000000,0x00000007be7ffa18,0x00000007be800000)
  to   space 24576K, 0% used [0x00000007be800000,0x00000007be800000,0x00000007c0000000)
 ParOldGen       total 87552K, used 64758K [0x0000000790000000, 0x0000000795580000, 0x00000007b0000000)
  object space 87552K, 73% used [0x0000000790000000,0x0000000793f3dbc8,0x0000000795580000)
 Metaspace       used 3602K, capacity 4792K, committed 5120K, reserved 1056768K
  class space    used 365K, capacity 424K, committed 512K, reserved 1048576K
Event: 2.578 GC heap after
Heap after GC invocations=8 (full 0):
 PSYoungGen      total 181248K, used 24574K [0x00000007b0000000, 0x00000007c0000000, 0x00000007c0000000)
  eden space 156672K, 0% used [0x00000007b0000000,0x00000007b0000000,0x00000007b9900000)
  from space 24576K, 99% used [0x00000007be800000,0x00000007bffffa28,0x00000007c0000000)
  to   space 52736K, 0% used [0x00000007b9900000,0x00000007b9900000,0x00000007bcc80000)
 ParOldGen       total 95744K, used 94473K [0x0000000790000000, 0x0000000795d80000, 0x00000007b0000000)
  object space 95744K, 98% used [0x0000000790000000,0x0000000795c42598,0x0000000795d80000)
 Metaspace       used 3602K, capacity 4792K, committed 5120K, reserved 1056768K
  class space    used 365K, capacity 424K, committed 512K, reserved 1048576K
}
Event: 2.578 GC heap before
{Heap before GC invocations=9 (full 1):
 PSYoungGen      total 181248K, used 24574K [0x00000007b0000000, 0x00000007c0000000, 0x00000007c0000000)
  eden space 156672K, 0% used [0x00000007b0000000,0x00000007b0000000,0x00000007b9900000)
  from space 24576K, 99% used [0x00000007be800000,0x00000007bffffa28,0x00000007c0000000)
  to   space 52736K, 0% used [0x00000007b9900000,0x00000007b9900000,0x00000007bcc80000)
 ParOldGen       total 95744K, used 94473K [0x0000000790000000, 0x0000000795d80000, 0x00000007b0000000)
  object space 95744K, 98% used [0x0000000790000000,0x0000000795c42598,0x0000000795d80000)
 Metaspace       used 3602K, capacity 4792K, committed 5120K, reserved 1056768K
  class space    used 365K, capacity 424K, committed 512K, reserved 1048576K
Event: 3.355 GC heap after
Heap after GC invocations=9 (full 1):
 PSYoungGen      total 181248K, used 22510K [0x00000007b0000000, 0x00000007c0000000, 0x00000007c0000000)
  eden space 156672K, 0% used [0x00000007b0000000,0x00000007b0000000,0x00000007b9900000)
  from space 24576K, 91% used [0x00000007be800000,0x00000007bfdfba90,0x00000007c0000000)
  to   space 52736K, 0% used [0x00000007b9900000,0x00000007b9900000,0x00000007bcc80000)
 ParOldGen       total 179200K, used 95347K [0x0000000790000000, 0x000000079af00000, 0x00000007b0000000)
  object space 179200K, 53% used [0x0000000790000000,0x0000000795d1cc70,0x000000079af00000)
 Metaspace       used 3602K, capacity 4792K, committed 5120K, reserved 1056768K
  class space    used 365K, capacity 424K, committed 512K, reserved 1048576K
}
Event: 3.626 GC heap before
{Heap before GC invocations=10 (full 1):
 PSYoungGen      total 181248K, used 179182K [0x00000007b0000000, 0x00000007c0000000, 0x00000007c0000000)
  eden space 156672K, 100% used [0x00000007b0000000,0x00000007b9900000,0x00000007b9900000)
  from space 24576K, 91% used [0x00000007be800000,0x00000007bfdfba90,0x00000007c0000000)
  to   space 52736K, 0% used [0x00000007b9900000,0x00000007b9900000,0x00000007bcc80000)
 ParOldGen       total 179200K, used 95347K [0x0000000790000000, 0x000000079af00000, 0x00000007b0000000)
  object space 179200K, 53% used [0x0000000790000000,0x0000000795d1cc70,0x000000079af00000)
 Metaspace       used 3603K, capacity 4792K, committed 5120K, reserved 1056768K
  class space    used 365K, capacity 424K, committed 512K, reserved 1048576K
Event: 3.692 GC heap after
Heap after GC invocations=10 (full 1):
 PSYoungGen      total 194560K, used 37502K [0x00000007b0000000, 0x00000007c0000000, 0x00000007c0000000)
  eden space 156672K, 0% used [0x00000007b0000000,0x00000007b0000000,0x00000007b9900000)
  from space 37888K, 98% used [0x00000007b9900000,0x00000007bbd9fa28,0x00000007bbe00000)
  to   space 55296K, 0% used [0x00000007bca00000,0x00000007bca00000,0x00000007c0000000)
 ParOldGen       total 179200K, used 98619K [0x0000000790000000, 0x000000079af00000, 0x00000007b0000000)
  object space 179200K, 55% used [0x0000000790000000,0x000000079604ec70,0x000000079af00000)
 Metaspace       used 3603K, capacity 4792K, committed 5120K, reserved 1056768K
  class space    used 365K, capacity 424K, committed 512K, reserved 1048576K
}

