# JRE version: Java(TM) SE Runtime Environment (8.0_144-b01) (build 1.8.0_144-b01)
# Java VM: Java HotSpot(TM) 64-Bit Server VM (25.144-b01 mixed mode bsd-amd64 compressed oops)
Heap:
 PSYoungGen      total 198656K, used 157648K [0x00000007b0000000, 0x00000007c0000000, 0x00000007c0000000)
  eden space 139264K, 74% used [0x00000007b0000000,0x00000007b64ab468,0x00000007b8800000)
  from space 59392K, 91% used [0x00000007b8800000,0x00000007bbd48e88,0x00000007bc200000)
  to   space 63488K, 0% used [0x00000007bc200000,0x00000007bc200000,0x00000007c0000000)
 ParOldGen       total 407552K, used 283948K [0x0000000790000000, 0x00000007a8e00000, 0x00000007b0000000)
  object space 407552K, 69% used [0x0000000790000000,0x00000007a154b330,0x00000007a8e00000)
 Metaspace       used 10640K, capacity 10742K, committed 11136K, reserved 1058816K
  class space    used 1528K, capacity 1553K, committed 1664K, reserved 1048576K
GC Heap History (10 events):
Event: 7.476 GC heap before
{Heap before GC invocations=28 (full 3):
 PSYoungGen      total 193536K, used 168864K [0x00000007b0000000, 0x00000007bfc80000, 0x00000007c0000000)
  eden space 128512K, 100% used [0x00000007b0000000,0x00000007b7d80000,0x00000007b7d80000)
  from space 65024K, 62% used [0x00000007bbc00000,0x00000007be368010,0x00000007bfb80000)
  to   space 64000K, 0% used [0x00000007b7d80000,0x00000007b7d80000,0x00000007bbc00000)
 ParOldGen       total 407552K, used 283924K [0x0000000790000000, 0x00000007a8e00000, 0x00000007b0000000)
  object space 407552K, 69% used [0x0000000790000000,0x00000007a1545330,0x00000007a8e00000)
 Metaspace       used 4431K, capacity 4960K, committed 5120K, reserved 1056768K
  class space    used 443K, capacity 464K, committed 512K, reserved 1048576K
Event: 7.506 GC heap after
Heap after GC invocations=28 (full 3):
 PSYoungGen      total 192512K, used 40544K [0x00000007b0000000, 0x00000007bfc00000, 0x00000007c0000000)
  eden space 128512K, 0% used [0x00000007b0000000,0x00000007b0000000,0x00000007b7d80000)
  from space 64000K, 63% used [0x00000007b7d80000,0x00000007ba518010,0x00000007bbc00000)
  to   space 62464K, 0% used [0x00000007bbf00000,0x00000007bbf00000,0x00000007bfc00000)
 ParOldGen       total 407552K, used 283932K [0x0000000790000000, 0x00000007a8e00000, 0x00000007b0000000)
  object space 407552K, 69% used [0x0000000790000000,0x00000007a1547330,0x00000007a8e00000)
 Metaspace       used 4431K, capacity 4960K, committed 5120K, reserved 1056768K
  class space    used 443K, capacity 464K, committed 512K, reserved 1048576K
}
Event: 7.645 GC heap before
{Heap before GC invocations=29 (full 3):
 PSYoungGen      total 192512K, used 169056K [0x00000007b0000000, 0x00000007bfc00000, 0x00000007c0000000)
  eden space 128512K, 100% used [0x00000007b0000000,0x00000007b7d80000,0x00000007b7d80000)
  from space 64000K, 63% used [0x00000007b7d80000,0x00000007ba518010,0x00000007bbc00000)
  to   space 62464K, 0% used [0x00000007bbf00000,0x00000007bbf00000,0x00000007bfc00000)
 ParOldGen       total 407552K, used 283932K [0x0000000790000000, 0x00000007a8e00000, 0x00000007b0000000)
  object space 407552K, 69% used [0x0000000790000000,0x00000007a1547330,0x00000007a8e00000)
 Metaspace       used 4431K, capacity 4960K, committed 5120K, reserved 1056768K
  class space    used 443K, capacity 464K, committed 512K, reserved 1048576K
Event: 7.678 GC heap after
Heap after GC invocations=29 (full 3):
 PSYoungGen      total 196608K, used 40704K [0x00000007b0000000, 0x00000007bfc80000, 0x00000007c0000000)
  eden space 134144K, 0% used [0x00000007b0000000,0x00000007b0000000,0x00000007b8300000)
  from space 62464K, 65% used [0x00000007bbf00000,0x00000007be6c0010,0x00000007bfc00000)
  to   space 61440K, 0% used [0x00000007b8300000,0x00000007b8300000,0x00000007bbf00000)
 ParOldGen       total 407552K, used 283940K [0x0000000790000000, 0x00000007a8e00000, 0x00000007b0000000)
  object space 407552K, 69% used [0x0000000790000000,0x00000007a1549330,0x00000007a8e00000)
 Metaspace       used 4431K, capacity 4960K, committed 5120K, reserved 1056768K
  class space    used 443K, capacity 464K, committed 512K, reserved 1048576K
}
Event: 7.797 GC heap before
{Heap before GC invocations=30 (full 3):
 PSYoungGen      total 196608K, used 174848K [0x00000007b0000000, 0x00000007bfc80000, 0x00000007c0000000)
  eden space 134144K, 100% used [0x00000007b0000000,0x00000007b8300000,0x00000007b8300000)
  from space 62464K, 65% used [0x00000007bbf00000,0x00000007be6c0010,0x00000007bfc00000)
  to   space 61440K, 0% used [0x00000007b8300000,0x00000007b8300000,0x00000007bbf00000)
 ParOldGen       total 407552K, used 283940K [0x0000000790000000, 0x00000007a8e00000, 0x00000007b0000000)
  object space 407552K, 69% used [0x0000000790000000,0x00000007a1549330,0x00000007a8e00000)
 Metaspace       used 4433K, capacity 4960K, committed 5120K, reserved 1056768K
  class space    used 443K, capacity 464K, committed 512K, reserved 1048576K
Event: 7.830 GC heap after
Heap after GC invocations=30 (full 3):
 PSYoungGen      total 195584K, used 40928K [0x00000007b0000000, 0x00000007bfd00000, 0x00000007c0000000)
  eden space 134144K, 0% used [0x00000007b0000000,0x00000007b0000000,0x00000007b8300000)
  from space 61440K, 66% used [0x00000007b8300000,0x00000007baaf8010,0x00000007bbf00000)
  to   space 60416K, 0% used [0x00000007bc200000,0x00000007bc200000,0x00000007bfd00000)
 ParOldGen       total 407552K, used 283940K [0x0000000790000000, 0x00000007a8e00000, 0x00000007b0000000)
  object space 407552K, 69% used [0x0000000790000000,0x00000007a1549330,0x00000007a8e00000)
 Metaspace       used 4433K, capacity 4960K, committed 5120K, reserved 1056768K
  class space    used 443K, capacity 464K, committed 512K, reserved 1048576K
}
Event: 7.959 GC heap before
{Heap before GC invocations=31 (full 3):
 PSYoungGen      total 195584K, used 175072K [0x00000007b0000000, 0x00000007bfd00000, 0x00000007c0000000)
  eden space 134144K, 100% used [0x00000007b0000000,0x00000007b8300000,0x00000007b8300000)
  from space 61440K, 66% used [0x00000007b8300000,0x00000007baaf8010,0x00000007bbf00000)
  to   space 60416K, 0% used [0x00000007bc200000,0x00000007bc200000,0x00000007bfd00000)
 ParOldGen       total 407552K, used 283940K [0x0000000790000000, 0x00000007a8e00000, 0x00000007b0000000)
  object space 407552K, 69% used [0x0000000790000000,0x00000007a1549330,0x00000007a8e00000)
 Metaspace       used 4434K, capacity 4960K, committed 5120K, reserved 1056768K
  class space    used 444K, capacity 464K, committed 512K, reserved 1048576K
Event: 7.993 GC heap after
Heap after GC invocations=31 (full 3):
 PSYoungGen      total 199680K, used 41056K [0x00000007b0000000, 0x00000007bfd00000, 0x00000007c0000000)
  eden space 139264K, 0% used [0x00000007b0000000,0x00000007b0000000,0x00000007b8800000)
  from space 60416K, 67% used [0x00000007bc200000,0x00000007bea18010,0x00000007bfd00000)
  to   space 59392K, 0% used [0x00000007b8800000,0x00000007b8800000,0x00000007bc200000)
 ParOldGen       total 407552K, used 283940K [0x0000000790000000, 0x00000007a8e00000, 0x00000007b0000000)
  object space 407552K, 69% used [0x0000000790000000,0x00000007a1549330,0x00000007a8e00000)
 Metaspace       used 4434K, capacity 4960K, committed 5120K, reserved 1056768K
  class space    used 444K, capacity 464K, committed 512K, reserved 1048576K
}
Event: 8.598 GC heap before
{Heap before GC invocations=32 (full 3):
 PSYoungGen      total 199680K, used 180320K [0x00000007b0000000, 0x00000007bfd00000, 0x00000007c0000000)
  eden space 139264K, 100% used [0x00000007b0000000,0x00000007b8800000,0x00000007b8800000)
  from space 60416K, 67% used [0x00000007bc200000,0x00000007bea18010,0x00000007bfd00000)
  to   space 59392K, 0% used [0x00000007b8800000,0x00000007b8800000,0x00000007bc200000)
 ParOldGen       total 407552K, used 283940K [0x0000000790000000, 0x00000007a8e00000, 0x00000007b0000000)
  object space 407552K, 69% used [0x0000000790000000,0x00000007a1549330,0x00000007a8e00000)
 Metaspace       used 9531K, capacity 9616K, committed 9856K, reserved 1058816K
  class space    used 1352K, capacity 1392K, committed 1408K, reserved 1048576K
Event: 8.637 GC heap after
Heap after GC invocations=32 (full 3):
 PSYoungGen      total 198656K, used 54563K [0x00000007b0000000, 0x00000007c0000000, 0x00000007c0000000)
  eden space 139264K, 0% used [0x00000007b0000000,0x00000007b0000000,0x00000007b8800000)
  from space 59392K, 91% used [0x00000007b8800000,0x00000007bbd48e88,0x00000007bc200000)
  to   space 63488K, 0% used [0x00000007bc200000,0x00000007bc200000,0x00000007c0000000)
 ParOldGen       total 407552K, used 283948K [0x0000000790000000, 0x00000007a8e00000, 0x00000007b0000000)
  object space 407552K, 69% used [0x0000000790000000,0x00000007a154b330,0x00000007a8e00000)
 Metaspace       used 9531K, capacity 9616K, committed 9856K, reserved 1058816K
  class space    used 1352K, capacity 1392K, committed 1408K, reserved 1048576K
}

