# JRE version: Java(TM) SE Runtime Environment (8.0_144-b01) (build 1.8.0_144-b01)
# Java VM: Java HotSpot(TM) 64-Bit Server VM (25.144-b01 mixed mode bsd-amd64 compressed oops)
Heap:
 PSYoungGen      total 145408K, used 86672K [0x00000007b0000000, 0x00000007b9e00000, 0x00000007c0000000)
  eden space 132096K, 55% used [0x00000007b0000000,0x00000007b47f5348,0x00000007b8100000)
  from space 13312K, 97% used [0x00000007b8f00000,0x00000007b9baf0a0,0x00000007b9c00000)
  to   space 14336K, 0% used [0x00000007b8100000,0x00000007b8100000,0x00000007b8f00000)
 ParOldGen       total 87552K, used 25841K [0x0000000790000000, 0x0000000795580000, 0x00000007b0000000)
  object space 87552K, 29% used [0x0000000790000000,0x000000079193c6e0,0x0000000795580000)
 Metaspace       used 3444K, capacity 4728K, committed 4864K, reserved 1056768K
  class space    used 362K, capacity 424K, committed 512K, reserved 1048576K
GC Heap History (10 events):
Event: 2.107 GC heap before
{Heap before GC invocations=2 (full 0):
 PSYoungGen      total 38400K, used 38378K [0x00000007b0000000, 0x00000007b2a80000, 0x00000007c0000000)
  eden space 33280K, 100% used [0x00000007b0000000,0x00000007b2080000,0x00000007b2080000)
  from space 5120K, 99% used [0x00000007b2080000,0x00000007b257aae0,0x00000007b2580000)
  to   space 5120K, 0% used [0x00000007b2580000,0x00000007b2580000,0x00000007b2a80000)
 ParOldGen       total 87552K, used 3494K [0x0000000790000000, 0x0000000795580000, 0x00000007b0000000)
  object space 87552K, 3% used [0x0000000790000000,0x0000000790369b18,0x0000000795580000)
 Metaspace       used 3425K, capacity 4728K, committed 4864K, reserved 1056768K
  class space    used 362K, capacity 424K, committed 512K, reserved 1048576K
Event: 2.121 GC heap after
Heap after GC invocations=2 (full 0):
 PSYoungGen      total 38400K, used 5091K [0x00000007b0000000, 0x00000007b4b00000, 0x00000007c0000000)
  eden space 33280K, 0% used [0x00000007b0000000,0x00000007b0000000,0x00000007b2080000)
  from space 5120K, 99% used [0x00000007b2580000,0x00000007b2a78ce8,0x00000007b2a80000)
  to   space 5120K, 0% used [0x00000007b2080000,0x00000007b2080000,0x00000007b2580000)
 ParOldGen       total 87552K, used 7494K [0x0000000790000000, 0x0000000795580000, 0x00000007b0000000)
  object space 87552K, 8% used [0x0000000790000000,0x0000000790751b18,0x0000000795580000)
 Metaspace       used 3425K, capacity 4728K, committed 4864K, reserved 1056768K
  class space    used 362K, capacity 424K, committed 512K, reserved 1048576K
}
Event: 2.272 GC heap before
{Heap before GC invocations=3 (full 0):
 PSYoungGen      total 38400K, used 38371K [0x00000007b0000000, 0x00000007b4b00000, 0x00000007c0000000)
  eden space 33280K, 100% used [0x00000007b0000000,0x00000007b2080000,0x00000007b2080000)
  from space 5120K, 99% used [0x00000007b2580000,0x00000007b2a78ce8,0x00000007b2a80000)
  to   space 5120K, 0% used [0x00000007b2080000,0x00000007b2080000,0x00000007b2580000)
 ParOldGen       total 87552K, used 7494K [0x0000000790000000, 0x0000000795580000, 0x00000007b0000000)
  object space 87552K, 8% used [0x0000000790000000,0x0000000790751b18,0x0000000795580000)
 Metaspace       used 3433K, capacity 4728K, committed 4864K, reserved 1056768K
  class space    used 362K, capacity 424K, committed 512K, reserved 1048576K
Event: 2.283 GC heap after
Heap after GC invocations=3 (full 0):
 PSYoungGen      total 38400K, used 5091K [0x00000007b0000000, 0x00000007b4b00000, 0x00000007c0000000)
  eden space 33280K, 0% used [0x00000007b0000000,0x00000007b0000000,0x00000007b2080000)
  from space 5120K, 99% used [0x00000007b2080000,0x00000007b2578ce8,0x00000007b2580000)
  to   space 5120K, 0% used [0x00000007b4600000,0x00000007b4600000,0x00000007b4b00000)
 ParOldGen       total 87552K, used 12294K [0x0000000790000000, 0x0000000795580000, 0x00000007b0000000)
  object space 87552K, 14% used [0x0000000790000000,0x0000000790c01b28,0x0000000795580000)
 Metaspace       used 3433K, capacity 4728K, committed 4864K, reserved 1056768K
  class space    used 362K, capacity 424K, committed 512K, reserved 1048576K
}
Event: 2.400 GC heap before
{Heap before GC invocations=4 (full 0):
 PSYoungGen      total 38400K, used 38371K [0x00000007b0000000, 0x00000007b4b00000, 0x00000007c0000000)
  eden space 33280K, 100% used [0x00000007b0000000,0x00000007b2080000,0x00000007b2080000)
  from space 5120K, 99% used [0x00000007b2080000,0x00000007b2578ce8,0x00000007b2580000)
  to   space 5120K, 0% used [0x00000007b4600000,0x00000007b4600000,0x00000007b4b00000)
 ParOldGen       total 87552K, used 12294K [0x0000000790000000, 0x0000000795580000, 0x00000007b0000000)
  object space 87552K, 14% used [0x0000000790000000,0x0000000790c01b28,0x0000000795580000)
 Metaspace       used 3437K, capacity 4728K, committed 4864K, reserved 1056768K
  class space    used 362K, capacity 424K, committed 512K, reserved 1048576K
Event: 2.426 GC heap after
Heap after GC invocations=4 (full 0):
 PSYoungGen      total 71680K, used 5108K [0x00000007b0000000, 0x00000007b4b00000, 0x00000007c0000000)
  eden space 66560K, 0% used [0x00000007b0000000,0x00000007b0000000,0x00000007b4100000)
  from space 5120K, 99% used [0x00000007b4600000,0x00000007b4afd2b0,0x00000007b4b00000)
  to   space 5120K, 0% used [0x00000007b4100000,0x00000007b4100000,0x00000007b4600000)
 ParOldGen       total 87552K, used 17462K [0x0000000790000000, 0x0000000795580000, 0x00000007b0000000)
  object space 87552K, 19% used [0x0000000790000000,0x000000079110db38,0x0000000795580000)
 Metaspace       used 3437K, capacity 4728K, committed 4864K, reserved 1056768K
  class space    used 362K, capacity 424K, committed 512K, reserved 1048576K
}
Event: 2.639 GC heap before
{Heap before GC invocations=5 (full 0):
 PSYoungGen      total 71680K, used 71668K [0x00000007b0000000, 0x00000007b4b00000, 0x00000007c0000000)
  eden space 66560K, 100% used [0x00000007b0000000,0x00000007b4100000,0x00000007b4100000)
  from space 5120K, 99% used [0x00000007b4600000,0x00000007b4afd2b0,0x00000007b4b00000)
  to   space 5120K, 0% used [0x00000007b4100000,0x00000007b4100000,0x00000007b4600000)
 ParOldGen       total 87552K, used 17462K [0x0000000790000000, 0x0000000795580000, 0x00000007b0000000)
  object space 87552K, 19% used [0x0000000790000000,0x000000079110db38,0x0000000795580000)
 Metaspace       used 3441K, capacity 4728K, committed 4864K, reserved 1056768K
  class space    used 362K, capacity 424K, committed 512K, reserved 1048576K
Event: 2.664 GC heap after
Heap after GC invocations=5 (full 0):
 PSYoungGen      total 71680K, used 5116K [0x00000007b0000000, 0x00000007b9c00000, 0x00000007c0000000)
  eden space 66560K, 0% used [0x00000007b0000000,0x00000007b0000000,0x00000007b4100000)
  from space 5120K, 99% used [0x00000007b4100000,0x00000007b45ff0a0,0x00000007b4600000)
  to   space 13312K, 0% used [0x00000007b8f00000,0x00000007b8f00000,0x00000007b9c00000)
 ParOldGen       total 87552K, used 25841K [0x0000000790000000, 0x0000000795580000, 0x00000007b0000000)
  object space 87552K, 29% used [0x0000000790000000,0x000000079193c6e0,0x0000000795580000)
 Metaspace       used 3441K, capacity 4728K, committed 4864K, reserved 1056768K
  class space    used 362K, capacity 424K, committed 512K, reserved 1048576K
}
Event: 2.846 GC heap before
{Heap before GC invocations=6 (full 0):
 PSYoungGen      total 71680K, used 71676K [0x00000007b0000000, 0x00000007b9c00000, 0x00000007c0000000)
  eden space 66560K, 100% used [0x00000007b0000000,0x00000007b4100000,0x00000007b4100000)
  from space 5120K, 99% used [0x00000007b4100000,0x00000007b45ff0a0,0x00000007b4600000)
  to   space 13312K, 0% used [0x00000007b8f00000,0x00000007b8f00000,0x00000007b9c00000)
 ParOldGen       total 87552K, used 25841K [0x0000000790000000, 0x0000000795580000, 0x00000007b0000000)
  object space 87552K, 29% used [0x0000000790000000,0x000000079193c6e0,0x0000000795580000)
 Metaspace       used 3444K, capacity 4728K, committed 4864K, reserved 1056768K
  class space    used 362K, capacity 424K, committed 512K, reserved 1048576K
Event: 2.870 GC heap after
Heap after GC invocations=6 (full 0):
 PSYoungGen      total 145408K, used 12988K [0x00000007b0000000, 0x00000007b9e00000, 0x00000007c0000000)
  eden space 132096K, 0% used [0x00000007b0000000,0x00000007b0000000,0x00000007b8100000)
  from space 13312K, 97% used [0x00000007b8f00000,0x00000007b9baf0a0,0x00000007b9c00000)
  to   space 14336K, 0% used [0x00000007b8100000,0x00000007b8100000,0x00000007b8f00000)
 ParOldGen       total 87552K, used 25841K [0x0000000790000000, 0x0000000795580000, 0x00000007b0000000)
  object space 87552K, 29% used [0x0000000790000000,0x000000079193c6e0,0x0000000795580000)
 Metaspace       used 3444K, capacity 4728K, committed 4864K, reserved 1056768K
  class space    used 362K, capacity 424K, committed 512K, reserved 1048576K
}

