# JRE version: Java(TM) SE Runtime Environment (8.0_144-b01) (build 1.8.0_144-b01)
# Java VM: Java HotSpot(TM) 64-Bit Server VM (25.144-b01 mixed mode bsd-amd64 compressed oops)
Heap:
 PSYoungGen      total 197632K, used 65045K [0x00000007b0000000, 0x00000007c0000000, 0x00000007c0000000)
  eden space 154624K, 15% used [0x00000007b0000000,0x00000007b18254b0,0x00000007b9700000)
  from space 43008K, 93% used [0x00000007bd600000,0x00000007bfd60000,0x00000007c0000000)
  to   space 53760K, 0% used [0x00000007b9700000,0x00000007b9700000,0x00000007bcb80000)
 ParOldGen       total 163328K, used 118815K [0x0000000790000000, 0x0000000799f80000, 0x00000007b0000000)
  object space 163328K, 72% used [0x0000000790000000,0x0000000797407fb8,0x0000000799f80000)
 Metaspace       used 3635K, capacity 4856K, committed 5120K, reserved 1056768K
  class space    used 366K, capacity 424K, committed 512K, reserved 1048576K
GC Heap History (10 events):
Event: 1.921 GC heap before
{Heap before GC invocations=7 (full 0):
 PSYoungGen      total 235008K, used 233755K [0x00000007b0000000, 0x00000007c0000000, 0x00000007c0000000)
  eden space 212992K, 100% used [0x00000007b0000000,0x00000007bd000000,0x00000007bd000000)
  from space 22016K, 94% used [0x00000007bea80000,0x00000007bfec6c98,0x00000007c0000000)
  to   space 24576K, 0% used [0x00000007bd000000,0x00000007bd000000,0x00000007be800000)
 ParOldGen       total 87552K, used 41362K [0x0000000790000000, 0x0000000795580000, 0x00000007b0000000)
  object space 87552K, 47% used [0x0000000790000000,0x0000000792864af8,0x0000000795580000)
 Metaspace       used 3444K, capacity 4728K, committed 4864K, reserved 1056768K
  class space    used 362K, capacity 424K, committed 512K, reserved 1048576K
Event: 2.001 GC heap after
Heap after GC invocations=7 (full 0):
 PSYoungGen      total 237568K, used 24547K [0x00000007b0000000, 0x00000007c0000000, 0x00000007c0000000)
  eden space 212992K, 0% used [0x00000007b0000000,0x00000007b0000000,0x00000007bd000000)
  from space 24576K, 99% used [0x00000007bd000000,0x00000007be7f8d40,0x00000007be800000)
  to   space 24576K, 0% used [0x00000007be800000,0x00000007be800000,0x00000007c0000000)
 ParOldGen       total 87552K, used 66277K [0x0000000790000000, 0x0000000795580000, 0x00000007b0000000)
  object space 87552K, 75% used [0x0000000790000000,0x00000007940b9640,0x0000000795580000)
 Metaspace       used 3444K, capacity 4728K, committed 4864K, reserved 1056768K
  class space    used 362K, capacity 424K, committed 512K, reserved 1048576K
}
Event: 2.001 GC heap before
{Heap before GC invocations=8 (full 1):
 PSYoungGen      total 237568K, used 24547K [0x00000007b0000000, 0x00000007c0000000, 0x00000007c0000000)
  eden space 212992K, 0% used [0x00000007b0000000,0x00000007b0000000,0x00000007bd000000)
  from space 24576K, 99% used [0x00000007bd000000,0x00000007be7f8d40,0x00000007be800000)
  to   space 24576K, 0% used [0x00000007be800000,0x00000007be800000,0x00000007c0000000)
 ParOldGen       total 87552K, used 66277K [0x0000000790000000, 0x0000000795580000, 0x00000007b0000000)
  object space 87552K, 75% used [0x0000000790000000,0x00000007940b9640,0x0000000795580000)
 Metaspace       used 3444K, capacity 4728K, committed 4864K, reserved 1056768K
  class space    used 362K, capacity 424K, committed 512K, reserved 1048576K
Event: 2.484 GC heap after
Heap after GC invocations=8 (full 1):
 PSYoungGen      total 237568K, used 994K [0x00000007b0000000, 0x00000007c0000000, 0x00000007c0000000)
  eden space 212992K, 0% used [0x00000007b0000000,0x00000007b0000000,0x00000007bd000000)
  from space 24576K, 4% used [0x00000007bd000000,0x00000007bd0f8968,0x00000007be800000)
  to   space 24576K, 0% used [0x00000007be800000,0x00000007be800000,0x00000007c0000000)
 ParOldGen       total 163328K, used 87253K [0x0000000790000000, 0x0000000799f80000, 0x00000007b0000000)
  object space 163328K, 53% used [0x0000000790000000,0x00000007955355f8,0x0000000799f80000)
 Metaspace       used 3444K, capacity 4728K, committed 4864K, reserved 1056768K
  class space    used 362K, capacity 424K, committed 512K, reserved 1048576K
}
Event: 2.900 GC heap before
{Heap before GC invocations=9 (full 1):
 PSYoungGen      total 237568K, used 213986K [0x00000007b0000000, 0x00000007c0000000, 0x00000007c0000000)
  eden space 212992K, 100% used [0x00000007b0000000,0x00000007bd000000,0x00000007bd000000)
  from space 24576K, 4% used [0x00000007bd000000,0x00000007bd0f8968,0x00000007be800000)
  to   space 24576K, 0% used [0x00000007be800000,0x00000007be800000,0x00000007c0000000)
 ParOldGen       total 163328K, used 87253K [0x0000000790000000, 0x0000000799f80000, 0x00000007b0000000)
  object space 163328K, 53% used [0x0000000790000000,0x00000007955355f8,0x0000000799f80000)
 Metaspace       used 3602K, capacity 4792K, committed 5120K, reserved 1056768K
  class space    used 365K, capacity 424K, committed 512K, reserved 1048576K
Event: 2.965 GC heap after
Heap after GC invocations=9 (full 1):
 PSYoungGen      total 200704K, used 24544K [0x00000007b0000000, 0x00000007c0000000, 0x00000007c0000000)
  eden space 176128K, 0% used [0x00000007b0000000,0x00000007b0000000,0x00000007bac00000)
  from space 24576K, 99% used [0x00000007be800000,0x00000007bfff8010,0x00000007c0000000)
  to   space 43008K, 0% used [0x00000007bac00000,0x00000007bac00000,0x00000007bd600000)
 ParOldGen       total 163328K, used 92935K [0x0000000790000000, 0x0000000799f80000, 0x00000007b0000000)
  object space 163328K, 56% used [0x0000000790000000,0x0000000795ac1fa8,0x0000000799f80000)
 Metaspace       used 3602K, capacity 4792K, committed 5120K, reserved 1056768K
  class space    used 365K, capacity 424K, committed 512K, reserved 1048576K
}
Event: 3.313 GC heap before
{Heap before GC invocations=10 (full 1):
 PSYoungGen      total 200704K, used 200672K [0x00000007b0000000, 0x00000007c0000000, 0x00000007c0000000)
  eden space 176128K, 100% used [0x00000007b0000000,0x00000007bac00000,0x00000007bac00000)
  from space 24576K, 99% used [0x00000007be800000,0x00000007bfff8010,0x00000007c0000000)
  to   space 43008K, 0% used [0x00000007bac00000,0x00000007bac00000,0x00000007bd600000)
 ParOldGen       total 163328K, used 92935K [0x0000000790000000, 0x0000000799f80000, 0x00000007b0000000)
  object space 163328K, 56% used [0x0000000790000000,0x0000000795ac1fa8,0x0000000799f80000)
 Metaspace       used 3603K, capacity 4792K, committed 5120K, reserved 1056768K
  class space    used 365K, capacity 424K, committed 512K, reserved 1048576K
Event: 3.369 GC heap after
Heap after GC invocations=10 (full 1):
 PSYoungGen      total 219136K, used 42976K [0x00000007b0000000, 0x00000007c0000000, 0x00000007c0000000)
  eden space 176128K, 0% used [0x00000007b0000000,0x00000007b0000000,0x00000007bac00000)
  from space 43008K, 99% used [0x00000007bac00000,0x00000007bd5f8010,0x00000007bd600000)
  to   space 43008K, 0% used [0x00000007bd600000,0x00000007bd600000,0x00000007c0000000)
 ParOldGen       total 163328K, used 94623K [0x0000000790000000, 0x0000000799f80000, 0x00000007b0000000)
  object space 163328K, 57% used [0x0000000790000000,0x0000000795c67fa8,0x0000000799f80000)
 Metaspace       used 3603K, capacity 4792K, committed 5120K, reserved 1056768K
  class space    used 365K, capacity 424K, committed 512K, reserved 1048576K
}
Event: 3.655 GC heap before
{Heap before GC invocations=11 (full 1):
 PSYoungGen      total 219136K, used 219104K [0x00000007b0000000, 0x00000007c0000000, 0x00000007c0000000)
  eden space 176128K, 100% used [0x00000007b0000000,0x00000007bac00000,0x00000007bac00000)
  from space 43008K, 99% used [0x00000007bac00000,0x00000007bd5f8010,0x00000007bd600000)
  to   space 43008K, 0% used [0x00000007bd600000,0x00000007bd600000,0x00000007c0000000)
 ParOldGen       total 163328K, used 94623K [0x0000000790000000, 0x0000000799f80000, 0x00000007b0000000)
  object space 163328K, 57% used [0x0000000790000000,0x0000000795c67fa8,0x0000000799f80000)
 Metaspace       used 3635K, capacity 4856K, committed 5120K, reserved 1056768K
  class space    used 366K, capacity 424K, committed 512K, reserved 1048576K
Event: 3.762 GC heap after
Heap after GC invocations=11 (full 1):
 PSYoungGen      total 197632K, used 40320K [0x00000007b0000000, 0x00000007c0000000, 0x00000007c0000000)
  eden space 154624K, 0% used [0x00000007b0000000,0x00000007b0000000,0x00000007b9700000)
  from space 43008K, 93% used [0x00000007bd600000,0x00000007bfd60000,0x00000007c0000000)
  to   space 53760K, 0% used [0x00000007b9700000,0x00000007b9700000,0x00000007bcb80000)
 ParOldGen       total 163328K, used 118815K [0x0000000790000000, 0x0000000799f80000, 0x00000007b0000000)
  object space 163328K, 72% used [0x0000000790000000,0x0000000797407fb8,0x0000000799f80000)
 Metaspace       used 3635K, capacity 4856K, committed 5120K, reserved 1056768K
  class space    used 366K, capacity 424K, committed 512K, reserved 1048576K
}

