# JRE version: Java(TM) SE Runtime Environment (8.0_144-b01) (build 1.8.0_144-b01)
# Java VM: Java HotSpot(TM) 64-Bit Server VM (25.144-b01 mixed mode bsd-amd64 compressed oops)
Heap:
 PSYoungGen      total 143360K, used 53120K [0x00000007b0000000, 0x00000007c0000000, 0x00000007c0000000)
  eden space 90112K, 0% used [0x00000007b0000000,0x00000007b0000000,0x00000007b5800000)
  from space 53248K, 99% used [0x00000007b5800000,0x00000007b8be0010,0x00000007b8c00000)
  to   space 86528K, 0% used [0x00000007bab80000,0x00000007bab80000,0x00000007c0000000)
 ParOldGen       total 280064K, used 243428K [0x0000000790000000, 0x00000007a1180000, 0x00000007b0000000)
  object space 280064K, 86% used [0x0000000790000000,0x000000079edb9160,0x00000007a1180000)
 Metaspace       used 3651K, capacity 4856K, committed 5120K, reserved 1056768K
  class space    used 366K, capacity 424K, committed 512K, reserved 1048576K
GC Heap History (10 events):
Event: 6.365 GC heap after
Heap after GC invocations=17 (full 2):
 PSYoungGen      total 197120K, used 45808K [0x00000007b0000000, 0x00000007c0000000, 0x00000007c0000000)
  eden space 138240K, 0% used [0x00000007b0000000,0x00000007b0000000,0x00000007b8700000)
  from space 58880K, 77% used [0x00000007b8700000,0x00000007bb3bc020,0x00000007bc080000)
  to   space 62464K, 0% used [0x00000007bc300000,0x00000007bc300000,0x00000007c0000000)
 ParOldGen       total 280064K, used 195316K [0x0000000790000000, 0x00000007a1180000, 0x00000007b0000000)
  object space 280064K, 69% used [0x0000000790000000,0x000000079bebd130,0x00000007a1180000)
 Metaspace       used 3651K, capacity 4856K, committed 5120K, reserved 1056768K
  class space    used 366K, capacity 424K, committed 512K, reserved 1048576K
}
Event: 6.539 GC heap before
{Heap before GC invocations=18 (full 2):
 PSYoungGen      total 197120K, used 184048K [0x00000007b0000000, 0x00000007c0000000, 0x00000007c0000000)
  eden space 138240K, 100% used [0x00000007b0000000,0x00000007b8700000,0x00000007b8700000)
  from space 58880K, 77% used [0x00000007b8700000,0x00000007bb3bc020,0x00000007bc080000)
  to   space 62464K, 0% used [0x00000007bc300000,0x00000007bc300000,0x00000007c0000000)
 ParOldGen       total 280064K, used 195316K [0x0000000790000000, 0x00000007a1180000, 0x00000007b0000000)
  object space 280064K, 69% used [0x0000000790000000,0x000000079bebd130,0x00000007a1180000)
 Metaspace       used 3651K, capacity 4856K, committed 5120K, reserved 1056768K
  class space    used 366K, capacity 424K, committed 512K, reserved 1048576K
Event: 6.598 GC heap after
Heap after GC invocations=18 (full 2):
 PSYoungGen      total 182272K, used 61664K [0x00000007b0000000, 0x00000007c0000000, 0x00000007c0000000)
  eden space 119808K, 0% used [0x00000007b0000000,0x00000007b0000000,0x00000007b7500000)
  from space 62464K, 98% used [0x00000007bc300000,0x00000007bff38010,0x00000007c0000000)
  to   space 71168K, 0% used [0x00000007b7500000,0x00000007b7500000,0x00000007bba80000)
 ParOldGen       total 280064K, used 195316K [0x0000000790000000, 0x00000007a1180000, 0x00000007b0000000)
  object space 280064K, 69% used [0x0000000790000000,0x000000079bebd130,0x00000007a1180000)
 Metaspace       used 3651K, capacity 4856K, committed 5120K, reserved 1056768K
  class space    used 366K, capacity 424K, committed 512K, reserved 1048576K
}
Event: 6.721 GC heap before
{Heap before GC invocations=19 (full 2):
 PSYoungGen      total 182272K, used 181472K [0x00000007b0000000, 0x00000007c0000000, 0x00000007c0000000)
  eden space 119808K, 100% used [0x00000007b0000000,0x00000007b7500000,0x00000007b7500000)
  from space 62464K, 98% used [0x00000007bc300000,0x00000007bff38010,0x00000007c0000000)
  to   space 71168K, 0% used [0x00000007b7500000,0x00000007b7500000,0x00000007bba80000)
 ParOldGen       total 280064K, used 195316K [0x0000000790000000, 0x00000007a1180000, 0x00000007b0000000)
  object space 280064K, 69% used [0x0000000790000000,0x000000079bebd130,0x00000007a1180000)
 Metaspace       used 3651K, capacity 4856K, committed 5120K, reserved 1056768K
  class space    used 366K, capacity 424K, committed 512K, reserved 1048576K
Event: 6.821 GC heap after
Heap after GC invocations=19 (full 2):
 PSYoungGen      total 190976K, used 71152K [0x00000007b0000000, 0x00000007c0000000, 0x00000007c0000000)
  eden space 119808K, 0% used [0x00000007b0000000,0x00000007b0000000,0x00000007b7500000)
  from space 71168K, 99% used [0x00000007b7500000,0x00000007bba7c020,0x00000007bba80000)
  to   space 71168K, 0% used [0x00000007bba80000,0x00000007bba80000,0x00000007c0000000)
 ParOldGen       total 280064K, used 199948K [0x0000000790000000, 0x00000007a1180000, 0x00000007b0000000)
  object space 280064K, 71% used [0x0000000790000000,0x000000079c343130,0x00000007a1180000)
 Metaspace       used 3651K, capacity 4856K, committed 5120K, reserved 1056768K
  class space    used 366K, capacity 424K, committed 512K, reserved 1048576K
}
Event: 6.965 GC heap before
{Heap before GC invocations=20 (full 2):
 PSYoungGen      total 190976K, used 190960K [0x00000007b0000000, 0x00000007c0000000, 0x00000007c0000000)
  eden space 119808K, 100% used [0x00000007b0000000,0x00000007b7500000,0x00000007b7500000)
  from space 71168K, 99% used [0x00000007b7500000,0x00000007bba7c020,0x00000007bba80000)
  to   space 71168K, 0% used [0x00000007bba80000,0x00000007bba80000,0x00000007c0000000)
 ParOldGen       total 280064K, used 199948K [0x0000000790000000, 0x00000007a1180000, 0x00000007b0000000)
  object space 280064K, 71% used [0x0000000790000000,0x000000079c343130,0x00000007a1180000)
 Metaspace       used 3651K, capacity 4856K, committed 5120K, reserved 1056768K
  class space    used 366K, capacity 424K, committed 512K, reserved 1048576K
Event: 7.060 GC heap after
Heap after GC invocations=20 (full 2):
 PSYoungGen      total 161280K, used 57312K [0x00000007b0000000, 0x00000007c0000000, 0x00000007c0000000)
  eden space 90112K, 0% used [0x00000007b0000000,0x00000007b0000000,0x00000007b5800000)
  from space 71168K, 80% used [0x00000007bba80000,0x00000007bf278010,0x00000007c0000000)
  to   space 86016K, 0% used [0x00000007b5800000,0x00000007b5800000,0x00000007bac00000)
 ParOldGen       total 280064K, used 228364K [0x0000000790000000, 0x00000007a1180000, 0x00000007b0000000)
  object space 280064K, 81% used [0x0000000790000000,0x000000079df03160,0x00000007a1180000)
 Metaspace       used 3651K, capacity 4856K, committed 5120K, reserved 1056768K
  class space    used 366K, capacity 424K, committed 512K, reserved 1048576K
}
Event: 7.148 GC heap before
{Heap before GC invocations=21 (full 2):
 PSYoungGen      total 161280K, used 147424K [0x00000007b0000000, 0x00000007c0000000, 0x00000007c0000000)
  eden space 90112K, 100% used [0x00000007b0000000,0x00000007b5800000,0x00000007b5800000)
  from space 71168K, 80% used [0x00000007bba80000,0x00000007bf278010,0x00000007c0000000)
  to   space 86016K, 0% used [0x00000007b5800000,0x00000007b5800000,0x00000007bac00000)
 ParOldGen       total 280064K, used 228364K [0x0000000790000000, 0x00000007a1180000, 0x00000007b0000000)
  object space 280064K, 81% used [0x0000000790000000,0x000000079df03160,0x00000007a1180000)
 Metaspace       used 3651K, capacity 4856K, committed 5120K, reserved 1056768K
  class space    used 366K, capacity 424K, committed 512K, reserved 1048576K
Event: 7.224 GC heap after
Heap after GC invocations=21 (full 2):
 PSYoungGen      total 143360K, used 53120K [0x00000007b0000000, 0x00000007c0000000, 0x00000007c0000000)
  eden space 90112K, 0% used [0x00000007b0000000,0x00000007b0000000,0x00000007b5800000)
  from space 53248K, 99% used [0x00000007b5800000,0x00000007b8be0010,0x00000007b8c00000)
  to   space 86528K, 0% used [0x00000007bab80000,0x00000007bab80000,0x00000007c0000000)
 ParOldGen       total 280064K, used 243428K [0x0000000790000000, 0x00000007a1180000, 0x00000007b0000000)
  object space 280064K, 86% used [0x0000000790000000,0x000000079edb9160,0x00000007a1180000)
 Metaspace       used 3651K, capacity 4856K, committed 5120K, reserved 1056768K
  class space    used 366K, capacity 424K, committed 512K, reserved 1048576K
}
Event: 7.224 GC heap before
{Heap before GC invocations=22 (full 3):
 PSYoungGen      total 143360K, used 53120K [0x00000007b0000000, 0x00000007c0000000, 0x00000007c0000000)
  eden space 90112K, 0% used [0x00000007b0000000,0x00000007b0000000,0x00000007b5800000)
  from space 53248K, 99% used [0x00000007b5800000,0x00000007b8be0010,0x00000007b8c00000)
  to   space 86528K, 0% used [0x00000007bab80000,0x00000007bab80000,0x00000007c0000000)
 ParOldGen       total 280064K, used 243428K [0x0000000790000000, 0x00000007a1180000, 0x00000007b0000000)
  object space 280064K, 86% used [0x0000000790000000,0x000000079edb9160,0x00000007a1180000)
 Metaspace       used 3651K, capacity 4856K, committed 5120K, reserved 1056768K
  class space    used 366K, capacity 424K, committed 512K, reserved 1048576K

