# JRE version: Java(TM) SE Runtime Environment (8.0_144-b01) (build 1.8.0_144-b01)
# Java VM: Java HotSpot(TM) 64-Bit Server VM (25.144-b01 mixed mode bsd-amd64 compressed oops)
Heap:
 PSYoungGen      total 205312K, used 69739K [0x00000007b0000000, 0x00000007c0000000, 0x00000007c0000000)
  eden space 154112K, 12% used [0x00000007b0000000,0x00000007b121ba48,0x00000007b9680000)
  from space 51200K, 99% used [0x00000007b9680000,0x00000007bc87f240,0x00000007bc880000)
  to   space 56832K, 0% used [0x00000007bc880000,0x00000007bc880000,0x00000007c0000000)
 ParOldGen       total 413184K, used 293522K [0x0000000790000000, 0x00000007a9380000, 0x00000007b0000000)
  object space 413184K, 71% used [0x0000000790000000,0x00000007a1ea4be0,0x00000007a9380000)
 Metaspace       used 10630K, capacity 10742K, committed 11136K, reserved 1058816K
  class space    used 1527K, capacity 1553K, committed 1664K, reserved 1048576K
GC Heap History (10 events):
Event: 7.499 GC heap before
{Heap before GC invocations=28 (full 3):
 PSYoungGen      total 196608K, used 170464K [0x00000007b0000000, 0x00000007bf880000, 0x00000007c0000000)
  eden space 136704K, 100% used [0x00000007b0000000,0x00000007b8580000,0x00000007b8580000)
  from space 59904K, 56% used [0x00000007bbd80000,0x00000007bde78010,0x00000007bf800000)
  to   space 57344K, 0% used [0x00000007b8580000,0x00000007b8580000,0x00000007bbd80000)
 ParOldGen       total 413184K, used 290633K [0x0000000790000000, 0x00000007a9380000, 0x00000007b0000000)
  object space 413184K, 70% used [0x0000000790000000,0x00000007a1bd2778,0x00000007a9380000)
 Metaspace       used 4434K, capacity 4960K, committed 5120K, reserved 1056768K
  class space    used 443K, capacity 464K, committed 512K, reserved 1048576K
Event: 7.526 GC heap after
Heap after GC invocations=28 (full 3):
 PSYoungGen      total 194048K, used 33888K [0x00000007b0000000, 0x00000007bf980000, 0x00000007c0000000)
  eden space 136704K, 0% used [0x00000007b0000000,0x00000007b0000000,0x00000007b8580000)
  from space 57344K, 59% used [0x00000007b8580000,0x00000007ba698010,0x00000007bbd80000)
  to   space 55296K, 0% used [0x00000007bc380000,0x00000007bc380000,0x00000007bf980000)
 ParOldGen       total 413184K, used 290633K [0x0000000790000000, 0x00000007a9380000, 0x00000007b0000000)
  object space 413184K, 70% used [0x0000000790000000,0x00000007a1bd2778,0x00000007a9380000)
 Metaspace       used 4434K, capacity 4960K, committed 5120K, reserved 1056768K
  class space    used 443K, capacity 464K, committed 512K, reserved 1048576K
}
Event: 7.718 GC heap before
{Heap before GC invocations=29 (full 3):
 PSYoungGen      total 194048K, used 170592K [0x00000007b0000000, 0x00000007bf980000, 0x00000007c0000000)
  eden space 136704K, 100% used [0x00000007b0000000,0x00000007b8580000,0x00000007b8580000)
  from space 57344K, 59% used [0x00000007b8580000,0x00000007ba698010,0x00000007bbd80000)
  to   space 55296K, 0% used [0x00000007bc380000,0x00000007bc380000,0x00000007bf980000)
 ParOldGen       total 413184K, used 290633K [0x0000000790000000, 0x00000007a9380000, 0x00000007b0000000)
  object space 413184K, 70% used [0x0000000790000000,0x00000007a1bd2778,0x00000007a9380000)
 Metaspace       used 4434K, capacity 4960K, committed 5120K, reserved 1056768K
  class space    used 443K, capacity 464K, committed 512K, reserved 1048576K
Event: 7.746 GC heap after
Heap after GC invocations=29 (full 3):
 PSYoungGen      total 201728K, used 34144K [0x00000007b0000000, 0x00000007bfb00000, 0x00000007c0000000)
  eden space 146432K, 0% used [0x00000007b0000000,0x00000007b0000000,0x00000007b8f00000)
  from space 55296K, 61% used [0x00000007bc380000,0x00000007be4d8010,0x00000007bf980000)
  to   space 53760K, 0% used [0x00000007b8f00000,0x00000007b8f00000,0x00000007bc380000)
 ParOldGen       total 413184K, used 290641K [0x0000000790000000, 0x00000007a9380000, 0x00000007b0000000)
  object space 413184K, 70% used [0x0000000790000000,0x00000007a1bd4778,0x00000007a9380000)
 Metaspace       used 4434K, capacity 4960K, committed 5120K, reserved 1056768K
  class space    used 443K, capacity 464K, committed 512K, reserved 1048576K
}
Event: 7.896 GC heap before
{Heap before GC invocations=30 (full 3):
 PSYoungGen      total 201728K, used 180576K [0x00000007b0000000, 0x00000007bfb00000, 0x00000007c0000000)
  eden space 146432K, 100% used [0x00000007b0000000,0x00000007b8f00000,0x00000007b8f00000)
  from space 55296K, 61% used [0x00000007bc380000,0x00000007be4d8010,0x00000007bf980000)
  to   space 53760K, 0% used [0x00000007b8f00000,0x00000007b8f00000,0x00000007bc380000)
 ParOldGen       total 413184K, used 290641K [0x0000000790000000, 0x00000007a9380000, 0x00000007b0000000)
  object space 413184K, 70% used [0x0000000790000000,0x00000007a1bd4778,0x00000007a9380000)
 Metaspace       used 4434K, capacity 4960K, committed 5120K, reserved 1056768K
  class space    used 443K, capacity 464K, committed 512K, reserved 1048576K
Event: 7.927 GC heap after
Heap after GC invocations=30 (full 3):
 PSYoungGen      total 200192K, used 34304K [0x00000007b0000000, 0x00000007bfb80000, 0x00000007c0000000)
  eden space 146432K, 0% used [0x00000007b0000000,0x00000007b0000000,0x00000007b8f00000)
  from space 53760K, 63% used [0x00000007b8f00000,0x00000007bb080010,0x00000007bc380000)
  to   space 52224K, 0% used [0x00000007bc880000,0x00000007bc880000,0x00000007bfb80000)
 ParOldGen       total 413184K, used 290649K [0x0000000790000000, 0x00000007a9380000, 0x00000007b0000000)
  object space 413184K, 70% used [0x0000000790000000,0x00000007a1bd6778,0x00000007a9380000)
 Metaspace       used 4434K, capacity 4960K, committed 5120K, reserved 1056768K
  class space    used 443K, capacity 464K, committed 512K, reserved 1048576K
}
Event: 8.242 GC heap before
{Heap before GC invocations=31 (full 3):
 PSYoungGen      total 200192K, used 180736K [0x00000007b0000000, 0x00000007bfb80000, 0x00000007c0000000)
  eden space 146432K, 100% used [0x00000007b0000000,0x00000007b8f00000,0x00000007b8f00000)
  from space 53760K, 63% used [0x00000007b8f00000,0x00000007bb080010,0x00000007bc380000)
  to   space 52224K, 0% used [0x00000007bc880000,0x00000007bc880000,0x00000007bfb80000)
 ParOldGen       total 413184K, used 290649K [0x0000000790000000, 0x00000007a9380000, 0x00000007b0000000)
  object space 413184K, 70% used [0x0000000790000000,0x00000007a1bd6778,0x00000007a9380000)
 Metaspace       used 6819K, capacity 7104K, committed 7424K, reserved 1056768K
  class space    used 913K, capacity 944K, committed 1024K, reserved 1048576K
Event: 8.270 GC heap after
Heap after GC invocations=31 (full 3):
 PSYoungGen      total 206336K, used 35275K [0x00000007b0000000, 0x00000007bfc80000, 0x00000007c0000000)
  eden space 154112K, 0% used [0x00000007b0000000,0x00000007b0000000,0x00000007b9680000)
  from space 52224K, 67% used [0x00000007bc880000,0x00000007beaf2e28,0x00000007bfb80000)
  to   space 51200K, 0% used [0x00000007b9680000,0x00000007b9680000,0x00000007bc880000)
 ParOldGen       total 413184K, used 290657K [0x0000000790000000, 0x00000007a9380000, 0x00000007b0000000)
  object space 413184K, 70% used [0x0000000790000000,0x00000007a1bd8778,0x00000007a9380000)
 Metaspace       used 6819K, capacity 7104K, committed 7424K, reserved 1056768K
  class space    used 913K, capacity 944K, committed 1024K, reserved 1048576K
}
Event: 8.908 GC heap before
{Heap before GC invocations=32 (full 3):
 PSYoungGen      total 206336K, used 189387K [0x00000007b0000000, 0x00000007bfc80000, 0x00000007c0000000)
  eden space 154112K, 100% used [0x00000007b0000000,0x00000007b9680000,0x00000007b9680000)
  from space 52224K, 67% used [0x00000007bc880000,0x00000007beaf2e28,0x00000007bfb80000)
  to   space 51200K, 0% used [0x00000007b9680000,0x00000007b9680000,0x00000007bc880000)
 ParOldGen       total 413184K, used 290657K [0x0000000790000000, 0x00000007a9380000, 0x00000007b0000000)
  object space 413184K, 70% used [0x0000000790000000,0x00000007a1bd8778,0x00000007a9380000)
 Metaspace       used 10555K, capacity 10678K, committed 10880K, reserved 1058816K
  class space    used 1527K, capacity 1553K, committed 1664K, reserved 1048576K
Event: 8.951 GC heap after
Heap after GC invocations=32 (full 3):
 PSYoungGen      total 205312K, used 51196K [0x00000007b0000000, 0x00000007c0000000, 0x00000007c0000000)
  eden space 154112K, 0% used [0x00000007b0000000,0x00000007b0000000,0x00000007b9680000)
  from space 51200K, 99% used [0x00000007b9680000,0x00000007bc87f240,0x00000007bc880000)
  to   space 56832K, 0% used [0x00000007bc880000,0x00000007bc880000,0x00000007c0000000)
 ParOldGen       total 413184K, used 293522K [0x0000000790000000, 0x00000007a9380000, 0x00000007b0000000)
  object space 413184K, 71% used [0x0000000790000000,0x00000007a1ea4be0,0x00000007a9380000)
 Metaspace       used 10555K, capacity 10678K, committed 10880K, reserved 1058816K
  class space    used 1527K, capacity 1553K, committed 1664K, reserved 1048576K
}

