# JRE version: Java(TM) SE Runtime Environment (8.0_144-b01) (build 1.8.0_144-b01)
# Java VM: Java HotSpot(TM) 64-Bit Server VM (25.144-b01 mixed mode bsd-amd64 compressed oops)
Heap:
 PSYoungGen      total 235008K, used 203248K [0x00000007b0000000, 0x00000007c0000000, 0x00000007c0000000)
  eden space 212992K, 85% used [0x00000007b0000000,0x00000007bb237028,0x00000007bd000000)
  from space 22016K, 94% used [0x00000007bea80000,0x00000007bfec5058,0x00000007c0000000)
  to   space 24576K, 0% used [0x00000007bd000000,0x00000007bd000000,0x00000007be800000)
 ParOldGen       total 87552K, used 41873K [0x0000000790000000, 0x0000000795580000, 0x00000007b0000000)
  object space 87552K, 47% used [0x0000000790000000,0x00000007928e46b8,0x0000000795580000)
 Metaspace       used 3444K, capacity 4728K, committed 4864K, reserved 1056768K
  class space    used 362K, capacity 424K, committed 512K, reserved 1048576K
GC Heap History (10 events):
Event: 0.874 GC heap before
{Heap before GC invocations=2 (full 0):
 PSYoungGen      total 38400K, used 38382K [0x00000007b0000000, 0x00000007b4b00000, 0x00000007c0000000)
  eden space 33280K, 100% used [0x00000007b0000000,0x00000007b2080000,0x00000007b2080000)
  from space 5120K, 99% used [0x00000007b2080000,0x00000007b257b880,0x00000007b2580000)
  to   space 5120K, 0% used [0x00000007b4600000,0x00000007b4600000,0x00000007b4b00000)
 ParOldGen       total 87552K, used 3467K [0x0000000790000000, 0x0000000795580000, 0x00000007b0000000)
  object space 87552K, 3% used [0x0000000790000000,0x0000000790362d68,0x0000000795580000)
 Metaspace       used 3425K, capacity 4728K, committed 4864K, reserved 1056768K
  class space    used 362K, capacity 424K, committed 512K, reserved 1048576K
Event: 0.884 GC heap after
Heap after GC invocations=2 (full 0):
 PSYoungGen      total 71680K, used 5109K [0x00000007b0000000, 0x00000007b4b00000, 0x00000007c0000000)
  eden space 66560K, 0% used [0x00000007b0000000,0x00000007b0000000,0x00000007b4100000)
  from space 5120K, 99% used [0x00000007b4600000,0x00000007b4afd670,0x00000007b4b00000)
  to   space 5120K, 0% used [0x00000007b4100000,0x00000007b4100000,0x00000007b4600000)
 ParOldGen       total 87552K, used 7460K [0x0000000790000000, 0x0000000795580000, 0x00000007b0000000)
  object space 87552K, 8% used [0x0000000790000000,0x0000000790749180,0x0000000795580000)
 Metaspace       used 3425K, capacity 4728K, committed 4864K, reserved 1056768K
  class space    used 362K, capacity 424K, committed 512K, reserved 1048576K
}
Event: 1.077 GC heap before
{Heap before GC invocations=3 (full 0):
 PSYoungGen      total 71680K, used 71669K [0x00000007b0000000, 0x00000007b4b00000, 0x00000007c0000000)
  eden space 66560K, 100% used [0x00000007b0000000,0x00000007b4100000,0x00000007b4100000)
  from space 5120K, 99% used [0x00000007b4600000,0x00000007b4afd670,0x00000007b4b00000)
  to   space 5120K, 0% used [0x00000007b4100000,0x00000007b4100000,0x00000007b4600000)
 ParOldGen       total 87552K, used 7460K [0x0000000790000000, 0x0000000795580000, 0x00000007b0000000)
  object space 87552K, 8% used [0x0000000790000000,0x0000000790749180,0x0000000795580000)
 Metaspace       used 3437K, capacity 4728K, committed 4864K, reserved 1056768K
  class space    used 362K, capacity 424K, committed 512K, reserved 1048576K
Event: 1.102 GC heap after
Heap after GC invocations=3 (full 0):
 PSYoungGen      total 71680K, used 5093K [0x00000007b0000000, 0x00000007b8c00000, 0x00000007c0000000)
  eden space 66560K, 0% used [0x00000007b0000000,0x00000007b0000000,0x00000007b4100000)
  from space 5120K, 99% used [0x00000007b4100000,0x00000007b45f9680,0x00000007b4600000)
  to   space 5120K, 0% used [0x00000007b8700000,0x00000007b8700000,0x00000007b8c00000)
 ParOldGen       total 87552K, used 17667K [0x0000000790000000, 0x0000000795580000, 0x00000007b0000000)
  object space 87552K, 20% used [0x0000000790000000,0x0000000791140d68,0x0000000795580000)
 Metaspace       used 3437K, capacity 4728K, committed 4864K, reserved 1056768K
  class space    used 362K, capacity 424K, committed 512K, reserved 1048576K
}
Event: 1.219 GC heap before
{Heap before GC invocations=4 (full 0):
 PSYoungGen      total 71680K, used 71653K [0x00000007b0000000, 0x00000007b8c00000, 0x00000007c0000000)
  eden space 66560K, 100% used [0x00000007b0000000,0x00000007b4100000,0x00000007b4100000)
  from space 5120K, 99% used [0x00000007b4100000,0x00000007b45f9680,0x00000007b4600000)
  to   space 5120K, 0% used [0x00000007b8700000,0x00000007b8700000,0x00000007b8c00000)
 ParOldGen       total 87552K, used 17667K [0x0000000790000000, 0x0000000795580000, 0x00000007b0000000)
  object space 87552K, 20% used [0x0000000790000000,0x0000000791140d68,0x0000000795580000)
 Metaspace       used 3441K, capacity 4728K, committed 4864K, reserved 1056768K
  class space    used 362K, capacity 424K, committed 512K, reserved 1048576K
Event: 1.240 GC heap after
Heap after GC invocations=4 (full 0):
 PSYoungGen      total 138240K, used 5092K [0x00000007b0000000, 0x00000007b8c00000, 0x00000007c0000000)
  eden space 133120K, 0% used [0x00000007b0000000,0x00000007b0000000,0x00000007b8200000)
  from space 5120K, 99% used [0x00000007b8700000,0x00000007b8bf9068,0x00000007b8c00000)
  to   space 5120K, 0% used [0x00000007b8200000,0x00000007b8200000,0x00000007b8700000)
 ParOldGen       total 87552K, used 26265K [0x0000000790000000, 0x0000000795580000, 0x00000007b0000000)
  object space 87552K, 30% used [0x0000000790000000,0x00000007919a66b8,0x0000000795580000)
 Metaspace       used 3441K, capacity 4728K, committed 4864K, reserved 1056768K
  class space    used 362K, capacity 424K, committed 512K, reserved 1048576K
}
Event: 1.461 GC heap before
{Heap before GC invocations=5 (full 0):
 PSYoungGen      total 138240K, used 138212K [0x00000007b0000000, 0x00000007b8c00000, 0x00000007c0000000)
  eden space 133120K, 100% used [0x00000007b0000000,0x00000007b8200000,0x00000007b8200000)
  from space 5120K, 99% used [0x00000007b8700000,0x00000007b8bf9068,0x00000007b8c00000)
  to   space 5120K, 0% used [0x00000007b8200000,0x00000007b8200000,0x00000007b8700000)
 ParOldGen       total 87552K, used 26265K [0x0000000790000000, 0x0000000795580000, 0x00000007b0000000)
  object space 87552K, 30% used [0x0000000790000000,0x00000007919a66b8,0x0000000795580000)
 Metaspace       used 3444K, capacity 4728K, committed 4864K, reserved 1056768K
  class space    used 362K, capacity 424K, committed 512K, reserved 1048576K
Event: 1.494 GC heap after
Heap after GC invocations=5 (full 0):
 PSYoungGen      total 138240K, used 5108K [0x00000007b0000000, 0x00000007c0000000, 0x00000007c0000000)
  eden space 133120K, 0% used [0x00000007b0000000,0x00000007b0000000,0x00000007b8200000)
  from space 5120K, 99% used [0x00000007b8200000,0x00000007b86fd058,0x00000007b8700000)
  to   space 22016K, 0% used [0x00000007bea80000,0x00000007bea80000,0x00000007c0000000)
 ParOldGen       total 87552K, used 41873K [0x0000000790000000, 0x0000000795580000, 0x00000007b0000000)
  object space 87552K, 47% used [0x0000000790000000,0x00000007928e46b8,0x0000000795580000)
 Metaspace       used 3444K, capacity 4728K, committed 4864K, reserved 1056768K
  class space    used 362K, capacity 424K, committed 512K, reserved 1048576K
}
Event: 1.687 GC heap before
{Heap before GC invocations=6 (full 0):
 PSYoungGen      total 138240K, used 138228K [0x00000007b0000000, 0x00000007c0000000, 0x00000007c0000000)
  eden space 133120K, 100% used [0x00000007b0000000,0x00000007b8200000,0x00000007b8200000)
  from space 5120K, 99% used [0x00000007b8200000,0x00000007b86fd058,0x00000007b8700000)
  to   space 22016K, 0% used [0x00000007bea80000,0x00000007bea80000,0x00000007c0000000)
 ParOldGen       total 87552K, used 41873K [0x0000000790000000, 0x0000000795580000, 0x00000007b0000000)
  object space 87552K, 47% used [0x0000000790000000,0x00000007928e46b8,0x0000000795580000)
 Metaspace       used 3444K, capacity 4728K, committed 4864K, reserved 1056768K
  class space    used 362K, capacity 424K, committed 512K, reserved 1048576K
Event: 1.719 GC heap after
Heap after GC invocations=6 (full 0):
 PSYoungGen      total 235008K, used 20756K [0x00000007b0000000, 0x00000007c0000000, 0x00000007c0000000)
  eden space 212992K, 0% used [0x00000007b0000000,0x00000007b0000000,0x00000007bd000000)
  from space 22016K, 94% used [0x00000007bea80000,0x00000007bfec5058,0x00000007c0000000)
  to   space 24576K, 0% used [0x00000007bd000000,0x00000007bd000000,0x00000007be800000)
 ParOldGen       total 87552K, used 41873K [0x0000000790000000, 0x0000000795580000, 0x00000007b0000000)
  object space 87552K, 47% used [0x0000000790000000,0x00000007928e46b8,0x0000000795580000)
 Metaspace       used 3444K, capacity 4728K, committed 4864K, reserved 1056768K
  class space    used 362K, capacity 424K, committed 512K, reserved 1048576K
}

