# JRE version: Java(TM) SE Runtime Environment (8.0_144-b01) (build 1.8.0_144-b01)
# Java VM: Java HotSpot(TM) 64-Bit Server VM (25.144-b01 mixed mode bsd-amd64 compressed oops)
Heap:
 PSYoungGen      total 175104K, used 80751K [0x00000007b0000000, 0x00000007c0000000, 0x00000007c0000000)
  eden space 94208K, 22% used [0x00000007b0000000,0x00000007b14435f8,0x00000007b5c00000)
  from space 80896K, 74% used [0x00000007bab80000,0x00000007be618760,0x00000007bfa80000)
  to   space 81408K, 0% used [0x00000007b5c00000,0x00000007b5c00000,0x00000007bab80000)
 ParOldGen       total 398848K, used 283085K [0x0000000790000000, 0x00000007a8580000, 0x00000007b0000000)
  object space 398848K, 70% used [0x0000000790000000,0x00000007a1473640,0x00000007a8580000)
 Metaspace       used 10622K, capacity 10742K, committed 11136K, reserved 1058816K
  class space    used 1528K, capacity 1553K, committed 1664K, reserved 1048576K
GC Heap History (10 events):
Event: 7.795 GC heap before
{Heap before GC invocations=33 (full 3):
 PSYoungGen      total 148992K, used 148480K [0x00000007b0000000, 0x00000007c0000000, 0x00000007c0000000)
  eden space 91136K, 100% used [0x00000007b0000000,0x00000007b5900000,0x00000007b5900000)
  from space 57856K, 99% used [0x00000007b5900000,0x00000007b9100010,0x00000007b9180000)
  to   space 86016K, 0% used [0x00000007bac00000,0x00000007bac00000,0x00000007c0000000)
 ParOldGen       total 398848K, used 267389K [0x0000000790000000, 0x00000007a8580000, 0x00000007b0000000)
  object space 398848K, 67% used [0x0000000790000000,0x00000007a051f640,0x00000007a8580000)
 Metaspace       used 4433K, capacity 4960K, committed 5120K, reserved 1056768K
  class space    used 443K, capacity 464K, committed 512K, reserved 1048576K
Event: 7.835 GC heap after
Heap after GC invocations=33 (full 3):
 PSYoungGen      total 176128K, used 57376K [0x00000007b0000000, 0x00000007c0000000, 0x00000007c0000000)
  eden space 90112K, 0% used [0x00000007b0000000,0x00000007b0000000,0x00000007b5800000)
  from space 86016K, 66% used [0x00000007bac00000,0x00000007be408010,0x00000007c0000000)
  to   space 86016K, 0% used [0x00000007b5800000,0x00000007b5800000,0x00000007bac00000)
 ParOldGen       total 398848K, used 267389K [0x0000000790000000, 0x00000007a8580000, 0x00000007b0000000)
  object space 398848K, 67% used [0x0000000790000000,0x00000007a051f640,0x00000007a8580000)
 Metaspace       used 4433K, capacity 4960K, committed 5120K, reserved 1056768K
  class space    used 443K, capacity 464K, committed 512K, reserved 1048576K
}
Event: 7.924 GC heap before
{Heap before GC invocations=34 (full 3):
 PSYoungGen      total 176128K, used 147488K [0x00000007b0000000, 0x00000007c0000000, 0x00000007c0000000)
  eden space 90112K, 100% used [0x00000007b0000000,0x00000007b5800000,0x00000007b5800000)
  from space 86016K, 66% used [0x00000007bac00000,0x00000007be408010,0x00000007c0000000)
  to   space 86016K, 0% used [0x00000007b5800000,0x00000007b5800000,0x00000007bac00000)
 ParOldGen       total 398848K, used 267389K [0x0000000790000000, 0x00000007a8580000, 0x00000007b0000000)
  object space 398848K, 67% used [0x0000000790000000,0x00000007a051f640,0x00000007a8580000)
 Metaspace       used 4433K, capacity 4960K, committed 5120K, reserved 1056768K
  class space    used 443K, capacity 464K, committed 512K, reserved 1048576K
Event: 7.997 GC heap after
Heap after GC invocations=34 (full 3):
 PSYoungGen      total 147968K, used 57568K [0x00000007b0000000, 0x00000007bff00000, 0x00000007c0000000)
  eden space 90112K, 0% used [0x00000007b0000000,0x00000007b0000000,0x00000007b5800000)
  from space 57856K, 99% used [0x00000007b5800000,0x00000007b9038010,0x00000007b9080000)
  to   space 85504K, 0% used [0x00000007bab80000,0x00000007bab80000,0x00000007bff00000)
 ParOldGen       total 398848K, used 267397K [0x0000000790000000, 0x00000007a8580000, 0x00000007b0000000)
  object space 398848K, 67% used [0x0000000790000000,0x00000007a0521640,0x00000007a8580000)
 Metaspace       used 4433K, capacity 4960K, committed 5120K, reserved 1056768K
  class space    used 443K, capacity 464K, committed 512K, reserved 1048576K
}
Event: 8.092 GC heap before
{Heap before GC invocations=35 (full 3):
 PSYoungGen      total 147968K, used 147680K [0x00000007b0000000, 0x00000007bff00000, 0x00000007c0000000)
  eden space 90112K, 100% used [0x00000007b0000000,0x00000007b5800000,0x00000007b5800000)
  from space 57856K, 99% used [0x00000007b5800000,0x00000007b9038010,0x00000007b9080000)
  to   space 85504K, 0% used [0x00000007bab80000,0x00000007bab80000,0x00000007bff00000)
 ParOldGen       total 398848K, used 267397K [0x0000000790000000, 0x00000007a8580000, 0x00000007b0000000)
  object space 398848K, 67% used [0x0000000790000000,0x00000007a0521640,0x00000007a8580000)
 Metaspace       used 4434K, capacity 4960K, committed 5120K, reserved 1056768K
  class space    used 444K, capacity 464K, committed 512K, reserved 1048576K
Event: 8.134 GC heap after
Heap after GC invocations=35 (full 3):
 PSYoungGen      total 179200K, used 48576K [0x00000007b0000000, 0x00000007c0000000, 0x00000007c0000000)
  eden space 93696K, 0% used [0x00000007b0000000,0x00000007b0000000,0x00000007b5b80000)
  from space 85504K, 56% used [0x00000007bab80000,0x00000007bdaf0010,0x00000007bff00000)
  to   space 81920K, 0% used [0x00000007b5b80000,0x00000007b5b80000,0x00000007bab80000)
 ParOldGen       total 398848K, used 276501K [0x0000000790000000, 0x00000007a8580000, 0x00000007b0000000)
  object space 398848K, 69% used [0x0000000790000000,0x00000007a0e05640,0x00000007a8580000)
 Metaspace       used 4434K, capacity 4960K, committed 5120K, reserved 1056768K
  class space    used 444K, capacity 464K, committed 512K, reserved 1048576K
}
Event: 8.778 GC heap before
{Heap before GC invocations=36 (full 3):
 PSYoungGen      total 179200K, used 142272K [0x00000007b0000000, 0x00000007c0000000, 0x00000007c0000000)
  eden space 93696K, 100% used [0x00000007b0000000,0x00000007b5b80000,0x00000007b5b80000)
  from space 85504K, 56% used [0x00000007bab80000,0x00000007bdaf0010,0x00000007bff00000)
  to   space 81920K, 0% used [0x00000007b5b80000,0x00000007b5b80000,0x00000007bab80000)
 ParOldGen       total 398848K, used 276501K [0x0000000790000000, 0x00000007a8580000, 0x00000007b0000000)
  object space 398848K, 69% used [0x0000000790000000,0x00000007a0e05640,0x00000007a8580000)
 Metaspace       used 9497K, capacity 9616K, committed 9856K, reserved 1058816K
  class space    used 1352K, capacity 1392K, committed 1408K, reserved 1048576K
Event: 8.823 GC heap after
Heap after GC invocations=36 (full 3):
 PSYoungGen      total 175616K, used 54526K [0x00000007b0000000, 0x00000007bfa80000, 0x00000007c0000000)
  eden space 93696K, 0% used [0x00000007b0000000,0x00000007b0000000,0x00000007b5b80000)
  from space 81920K, 66% used [0x00000007b5b80000,0x00000007b90bf830,0x00000007bab80000)
  to   space 80896K, 0% used [0x00000007bab80000,0x00000007bab80000,0x00000007bfa80000)
 ParOldGen       total 398848K, used 283077K [0x0000000790000000, 0x00000007a8580000, 0x00000007b0000000)
  object space 398848K, 70% used [0x0000000790000000,0x00000007a1471640,0x00000007a8580000)
 Metaspace       used 9497K, capacity 9616K, committed 9856K, reserved 1058816K
  class space    used 1352K, capacity 1392K, committed 1408K, reserved 1048576K
}
Event: 9.118 GC heap before
{Heap before GC invocations=37 (full 3):
 PSYoungGen      total 175616K, used 148222K [0x00000007b0000000, 0x00000007bfa80000, 0x00000007c0000000)
  eden space 93696K, 100% used [0x00000007b0000000,0x00000007b5b80000,0x00000007b5b80000)
  from space 81920K, 66% used [0x00000007b5b80000,0x00000007b90bf830,0x00000007bab80000)
  to   space 80896K, 0% used [0x00000007bab80000,0x00000007bab80000,0x00000007bfa80000)
 ParOldGen       total 398848K, used 283077K [0x0000000790000000, 0x00000007a8580000, 0x00000007b0000000)
  object space 398848K, 70% used [0x0000000790000000,0x00000007a1471640,0x00000007a8580000)
 Metaspace       used 10527K, capacity 10614K, committed 10880K, reserved 1058816K
  class space    used 1528K, capacity 1553K, committed 1664K, reserved 1048576K
Event: 9.158 GC heap after
Heap after GC invocations=37 (full 3):
 PSYoungGen      total 175104K, used 60001K [0x00000007b0000000, 0x00000007c0000000, 0x00000007c0000000)
  eden space 94208K, 0% used [0x00000007b0000000,0x00000007b0000000,0x00000007b5c00000)
  from space 80896K, 74% used [0x00000007bab80000,0x00000007be618760,0x00000007bfa80000)
  to   space 81408K, 0% used [0x00000007b5c00000,0x00000007b5c00000,0x00000007bab80000)
 ParOldGen       total 398848K, used 283085K [0x0000000790000000, 0x00000007a8580000, 0x00000007b0000000)
  object space 398848K, 70% used [0x0000000790000000,0x00000007a1473640,0x00000007a8580000)
 Metaspace       used 10527K, capacity 10614K, committed 10880K, reserved 1058816K
  class space    used 1528K, capacity 1553K, committed 1664K, reserved 1048576K
}

