# JRE version: Java(TM) SE Runtime Environment (8.0_144-b01) (build 1.8.0_144-b01)
# Java VM: Java HotSpot(TM) 64-Bit Server VM (25.144-b01 mixed mode bsd-amd64 compressed oops)
Heap:
 PSYoungGen      total 199168K, used 199136K [0x00000007b0000000, 0x00000007c0000000, 0x00000007c0000000)
  eden space 169984K, 100% used [0x00000007b0000000,0x00000007ba600000,0x00000007ba600000)
  from space 29184K, 99% used [0x00000007be380000,0x00000007bfff8010,0x00000007c0000000)
  to   space 46080K, 43% used [0x00000007ba600000,0x00000007bb9b8000,0x00000007bd300000)
 ParOldGen       total 158720K, used 109684K [0x0000000790000000, 0x0000000799b00000, 0x00000007b0000000)
  object space 158720K, 69% used [0x0000000790000000,0x0000000796b1d330,0x0000000799b00000)
 Metaspace       used 3604K, capacity 4792K, committed 5120K, reserved 1056768K
  class space    used 365K, capacity 424K, committed 512K, reserved 1048576K
GC Heap History (10 events):
Event: 1.714 GC heap after
Heap after GC invocations=7 (full 0):
 PSYoungGen      total 146432K, used 14324K [0x00000007b0000000, 0x00000007c0000000, 0x00000007c0000000)
  eden space 132096K, 0% used [0x00000007b0000000,0x00000007b0000000,0x00000007b8100000)
  from space 14336K, 99% used [0x00000007b8100000,0x00000007b8efd318,0x00000007b8f00000)
  to   space 23040K, 0% used [0x00000007be980000,0x00000007be980000,0x00000007c0000000)
 ParOldGen       total 87552K, used 39929K [0x0000000790000000, 0x0000000795580000, 0x00000007b0000000)
  object space 87552K, 45% used [0x0000000790000000,0x00000007926fe650,0x0000000795580000)
 Metaspace       used 3444K, capacity 4728K, committed 4864K, reserved 1056768K
  class space    used 362K, capacity 424K, committed 512K, reserved 1048576K
}
Event: 1.887 GC heap before
{Heap before GC invocations=8 (full 0):
 PSYoungGen      total 146432K, used 146420K [0x00000007b0000000, 0x00000007c0000000, 0x00000007c0000000)
  eden space 132096K, 100% used [0x00000007b0000000,0x00000007b8100000,0x00000007b8100000)
  from space 14336K, 99% used [0x00000007b8100000,0x00000007b8efd318,0x00000007b8f00000)
  to   space 23040K, 0% used [0x00000007be980000,0x00000007be980000,0x00000007c0000000)
 ParOldGen       total 87552K, used 39929K [0x0000000790000000, 0x0000000795580000, 0x00000007b0000000)
  object space 87552K, 45% used [0x0000000790000000,0x00000007926fe650,0x0000000795580000)
 Metaspace       used 3444K, capacity 4728K, committed 4864K, reserved 1056768K
  class space    used 362K, capacity 424K, committed 512K, reserved 1048576K
Event: 1.946 GC heap after
Heap after GC invocations=8 (full 0):
 PSYoungGen      total 226816K, used 23012K [0x00000007b0000000, 0x00000007c0000000, 0x00000007c0000000)
  eden space 203776K, 0% used [0x00000007b0000000,0x00000007b0000000,0x00000007bc700000)
  from space 23040K, 99% used [0x00000007be980000,0x00000007bfff9328,0x00000007c0000000)
  to   space 29184K, 0% used [0x00000007bc700000,0x00000007bc700000,0x00000007be380000)
 ParOldGen       total 87552K, used 46753K [0x0000000790000000, 0x0000000795580000, 0x00000007b0000000)
  object space 87552K, 53% used [0x0000000790000000,0x0000000792da8650,0x0000000795580000)
 Metaspace       used 3444K, capacity 4728K, committed 4864K, reserved 1056768K
  class space    used 362K, capacity 424K, committed 512K, reserved 1048576K
}
Event: 2.361 GC heap before
{Heap before GC invocations=9 (full 0):
 PSYoungGen      total 226816K, used 226788K [0x00000007b0000000, 0x00000007c0000000, 0x00000007c0000000)
  eden space 203776K, 100% used [0x00000007b0000000,0x00000007bc700000,0x00000007bc700000)
  from space 23040K, 99% used [0x00000007be980000,0x00000007bfff9328,0x00000007c0000000)
  to   space 29184K, 0% used [0x00000007bc700000,0x00000007bc700000,0x00000007be380000)
 ParOldGen       total 87552K, used 46753K [0x0000000790000000, 0x0000000795580000, 0x00000007b0000000)
  object space 87552K, 53% used [0x0000000790000000,0x0000000792da8650,0x0000000795580000)
 Metaspace       used 3486K, capacity 4792K, committed 5120K, reserved 1056768K
  class space    used 364K, capacity 424K, committed 512K, reserved 1048576K
Event: 2.451 GC heap after
Heap after GC invocations=9 (full 0):
 PSYoungGen      total 232960K, used 29182K [0x00000007b0000000, 0x00000007c0000000, 0x00000007c0000000)
  eden space 203776K, 0% used [0x00000007b0000000,0x00000007b0000000,0x00000007bc700000)
  from space 29184K, 99% used [0x00000007bc700000,0x00000007be37fa28,0x00000007be380000)
  to   space 29184K, 0% used [0x00000007be380000,0x00000007be380000,0x00000007c0000000)
 ParOldGen       total 87552K, used 69648K [0x0000000790000000, 0x0000000795580000, 0x00000007b0000000)
  object space 87552K, 79% used [0x0000000790000000,0x0000000794404318,0x0000000795580000)
 Metaspace       used 3486K, capacity 4792K, committed 5120K, reserved 1056768K
  class space    used 364K, capacity 424K, committed 512K, reserved 1048576K
}
Event: 2.451 GC heap before
{Heap before GC invocations=10 (full 1):
 PSYoungGen      total 232960K, used 29182K [0x00000007b0000000, 0x00000007c0000000, 0x00000007c0000000)
  eden space 203776K, 0% used [0x00000007b0000000,0x00000007b0000000,0x00000007bc700000)
  from space 29184K, 99% used [0x00000007bc700000,0x00000007be37fa28,0x00000007be380000)
  to   space 29184K, 0% used [0x00000007be380000,0x00000007be380000,0x00000007c0000000)
 ParOldGen       total 87552K, used 69648K [0x0000000790000000, 0x0000000795580000, 0x00000007b0000000)
  object space 87552K, 79% used [0x0000000790000000,0x0000000794404318,0x0000000795580000)
 Metaspace       used 3486K, capacity 4792K, committed 5120K, reserved 1056768K
  class space    used 364K, capacity 424K, committed 512K, reserved 1048576K
Event: 3.090 GC heap after
Heap after GC invocations=10 (full 1):
 PSYoungGen      total 232960K, used 8694K [0x00000007b0000000, 0x00000007c0000000, 0x00000007c0000000)
  eden space 203776K, 0% used [0x00000007b0000000,0x00000007b0000000,0x00000007bc700000)
  from space 29184K, 29% used [0x00000007bc700000,0x00000007bcf7da38,0x00000007be380000)
  to   space 29184K, 0% used [0x00000007be380000,0x00000007be380000,0x00000007c0000000)
 ParOldGen       total 158720K, used 87492K [0x0000000790000000, 0x0000000799b00000, 0x00000007b0000000)
  object space 158720K, 55% used [0x0000000790000000,0x0000000795571320,0x0000000799b00000)
 Metaspace       used 3486K, capacity 4792K, committed 5120K, reserved 1056768K
  class space    used 364K, capacity 424K, committed 512K, reserved 1048576K
}
Event: 3.444 GC heap before
{Heap before GC invocations=11 (full 1):
 PSYoungGen      total 232960K, used 212470K [0x00000007b0000000, 0x00000007c0000000, 0x00000007c0000000)
  eden space 203776K, 100% used [0x00000007b0000000,0x00000007bc700000,0x00000007bc700000)
  from space 29184K, 29% used [0x00000007bc700000,0x00000007bcf7da38,0x00000007be380000)
  to   space 29184K, 0% used [0x00000007be380000,0x00000007be380000,0x00000007c0000000)
 ParOldGen       total 158720K, used 87492K [0x0000000790000000, 0x0000000799b00000, 0x00000007b0000000)
  object space 158720K, 55% used [0x0000000790000000,0x0000000795571320,0x0000000799b00000)
 Metaspace       used 3604K, capacity 4792K, committed 5120K, reserved 1056768K
  class space    used 365K, capacity 424K, committed 512K, reserved 1048576K
Event: 3.521 GC heap after
Heap after GC invocations=11 (full 1):
 PSYoungGen      total 199168K, used 29152K [0x00000007b0000000, 0x00000007c0000000, 0x00000007c0000000)
  eden space 169984K, 0% used [0x00000007b0000000,0x00000007b0000000,0x00000007ba600000)
  from space 29184K, 99% used [0x00000007be380000,0x00000007bfff8010,0x00000007c0000000)
  to   space 46080K, 0% used [0x00000007ba600000,0x00000007ba600000,0x00000007bd300000)
 ParOldGen       total 158720K, used 93964K [0x0000000790000000, 0x0000000799b00000, 0x00000007b0000000)
  object space 158720K, 59% used [0x0000000790000000,0x0000000795bc3320,0x0000000799b00000)
 Metaspace       used 3604K, capacity 4792K, committed 5120K, reserved 1056768K
  class space    used 365K, capacity 424K, committed 512K, reserved 1048576K
}
Event: 3.815 GC heap before
{Heap before GC invocations=12 (full 1):
 PSYoungGen      total 199168K, used 199136K [0x00000007b0000000, 0x00000007c0000000, 0x00000007c0000000)
  eden space 169984K, 100% used [0x00000007b0000000,0x00000007ba600000,0x00000007ba600000)
  from space 29184K, 99% used [0x00000007be380000,0x00000007bfff8010,0x00000007c0000000)
  to   space 46080K, 0% used [0x00000007ba600000,0x00000007ba600000,0x00000007bd300000)
 ParOldGen       total 158720K, used 93964K [0x0000000790000000, 0x0000000799b00000, 0x00000007b0000000)
  object space 158720K, 59% used [0x0000000790000000,0x0000000795bc3320,0x0000000799b00000)
 Metaspace       used 3604K, capacity 4792K, committed 5120K, reserved 1056768K
  class space    used 365K, capacity 424K, committed 512K, reserved 1048576K

