# JRE version: Java(TM) SE Runtime Environment (8.0_144-b01) (build 1.8.0_144-b01)
# Java VM: Java HotSpot(TM) 64-Bit Server VM (25.144-b01 mixed mode bsd-amd64 compressed oops)
Heap:
 PSYoungGen      total 232960K, used 29182K [0x00000007b0000000, 0x00000007c0000000, 0x00000007c0000000)
  eden space 203776K, 0% used [0x00000007b0000000,0x00000007b0000000,0x00000007bc700000)
  from space 29184K, 99% used [0x00000007bc700000,0x00000007be37fa28,0x00000007be380000)
  to   space 29184K, 0% used [0x00000007be380000,0x00000007be380000,0x00000007c0000000)
 ParOldGen       total 87552K, used 69688K [0x0000000790000000, 0x0000000795580000, 0x00000007b0000000)
  object space 87552K, 79% used [0x0000000790000000,0x000000079440e190,0x0000000795580000)
 Metaspace       used 3486K, capacity 4792K, committed 5120K, reserved 1056768K
  class space    used 364K, capacity 424K, committed 512K, reserved 1048576K
GC Heap History (10 events):
Event: 1.661 GC heap after
Heap after GC invocations=5 (full 0):
 PSYoungGen      total 71680K, used 5116K [0x00000007b0000000, 0x00000007b9c00000, 0x00000007c0000000)
  eden space 66560K, 0% used [0x00000007b0000000,0x00000007b0000000,0x00000007b4100000)
  from space 5120K, 99% used [0x00000007b4100000,0x00000007b45ff0a0,0x00000007b4600000)
  to   space 13312K, 0% used [0x00000007b8f00000,0x00000007b8f00000,0x00000007b9c00000)
 ParOldGen       total 87552K, used 25809K [0x0000000790000000, 0x0000000795580000, 0x00000007b0000000)
  object space 87552K, 29% used [0x0000000790000000,0x00000007919346e0,0x0000000795580000)
 Metaspace       used 3441K, capacity 4728K, committed 4864K, reserved 1056768K
  class space    used 362K, capacity 424K, committed 512K, reserved 1048576K
}
Event: 1.761 GC heap before
{Heap before GC invocations=6 (full 0):
 PSYoungGen      total 71680K, used 71676K [0x00000007b0000000, 0x00000007b9c00000, 0x00000007c0000000)
  eden space 66560K, 100% used [0x00000007b0000000,0x00000007b4100000,0x00000007b4100000)
  from space 5120K, 99% used [0x00000007b4100000,0x00000007b45ff0a0,0x00000007b4600000)
  to   space 13312K, 0% used [0x00000007b8f00000,0x00000007b8f00000,0x00000007b9c00000)
 ParOldGen       total 87552K, used 25809K [0x0000000790000000, 0x0000000795580000, 0x00000007b0000000)
  object space 87552K, 29% used [0x0000000790000000,0x00000007919346e0,0x0000000795580000)
 Metaspace       used 3444K, capacity 4728K, committed 4864K, reserved 1056768K
  class space    used 362K, capacity 424K, committed 512K, reserved 1048576K
Event: 1.782 GC heap after
Heap after GC invocations=6 (full 0):
 PSYoungGen      total 145408K, used 13004K [0x00000007b0000000, 0x00000007b9e00000, 0x00000007c0000000)
  eden space 132096K, 0% used [0x00000007b0000000,0x00000007b0000000,0x00000007b8100000)
  from space 13312K, 97% used [0x00000007b8f00000,0x00000007b9bb3090,0x00000007b9c00000)
  to   space 14336K, 0% used [0x00000007b8100000,0x00000007b8100000,0x00000007b8f00000)
 ParOldGen       total 87552K, used 25817K [0x0000000790000000, 0x0000000795580000, 0x00000007b0000000)
  object space 87552K, 29% used [0x0000000790000000,0x00000007919366e0,0x0000000795580000)
 Metaspace       used 3444K, capacity 4728K, committed 4864K, reserved 1056768K
  class space    used 362K, capacity 424K, committed 512K, reserved 1048576K
}
Event: 2.037 GC heap before
{Heap before GC invocations=7 (full 0):
 PSYoungGen      total 145408K, used 145100K [0x00000007b0000000, 0x00000007b9e00000, 0x00000007c0000000)
  eden space 132096K, 100% used [0x00000007b0000000,0x00000007b8100000,0x00000007b8100000)
  from space 13312K, 97% used [0x00000007b8f00000,0x00000007b9bb3090,0x00000007b9c00000)
  to   space 14336K, 0% used [0x00000007b8100000,0x00000007b8100000,0x00000007b8f00000)
 ParOldGen       total 87552K, used 25817K [0x0000000790000000, 0x0000000795580000, 0x00000007b0000000)
  object space 87552K, 29% used [0x0000000790000000,0x00000007919366e0,0x0000000795580000)
 Metaspace       used 3444K, capacity 4728K, committed 4864K, reserved 1056768K
  class space    used 362K, capacity 424K, committed 512K, reserved 1048576K
Event: 2.104 GC heap after
Heap after GC invocations=7 (full 0):
 PSYoungGen      total 146432K, used 14324K [0x00000007b0000000, 0x00000007c0000000, 0x00000007c0000000)
  eden space 132096K, 0% used [0x00000007b0000000,0x00000007b0000000,0x00000007b8100000)
  from space 14336K, 99% used [0x00000007b8100000,0x00000007b8efd318,0x00000007b8f00000)
  to   space 23040K, 0% used [0x00000007be980000,0x00000007be980000,0x00000007c0000000)
 ParOldGen       total 87552K, used 39945K [0x0000000790000000, 0x0000000795580000, 0x00000007b0000000)
  object space 87552K, 45% used [0x0000000790000000,0x00000007927024c8,0x0000000795580000)
 Metaspace       used 3444K, capacity 4728K, committed 4864K, reserved 1056768K
  class space    used 362K, capacity 424K, committed 512K, reserved 1048576K
}
Event: 2.295 GC heap before
{Heap before GC invocations=8 (full 0):
 PSYoungGen      total 146432K, used 146420K [0x00000007b0000000, 0x00000007c0000000, 0x00000007c0000000)
  eden space 132096K, 100% used [0x00000007b0000000,0x00000007b8100000,0x00000007b8100000)
  from space 14336K, 99% used [0x00000007b8100000,0x00000007b8efd318,0x00000007b8f00000)
  to   space 23040K, 0% used [0x00000007be980000,0x00000007be980000,0x00000007c0000000)
 ParOldGen       total 87552K, used 39945K [0x0000000790000000, 0x0000000795580000, 0x00000007b0000000)
  object space 87552K, 45% used [0x0000000790000000,0x00000007927024c8,0x0000000795580000)
 Metaspace       used 3444K, capacity 4728K, committed 4864K, reserved 1056768K
  class space    used 362K, capacity 424K, committed 512K, reserved 1048576K
Event: 2.353 GC heap after
Heap after GC invocations=8 (full 0):
 PSYoungGen      total 226816K, used 23012K [0x00000007b0000000, 0x00000007c0000000, 0x00000007c0000000)
  eden space 203776K, 0% used [0x00000007b0000000,0x00000007b0000000,0x00000007bc700000)
  from space 23040K, 99% used [0x00000007be980000,0x00000007bfff9328,0x00000007c0000000)
  to   space 29184K, 0% used [0x00000007bc700000,0x00000007bc700000,0x00000007be380000)
 ParOldGen       total 87552K, used 46769K [0x0000000790000000, 0x0000000795580000, 0x00000007b0000000)
  object space 87552K, 53% used [0x0000000790000000,0x0000000792dac4c8,0x0000000795580000)
 Metaspace       used 3444K, capacity 4728K, committed 4864K, reserved 1056768K
  class space    used 362K, capacity 424K, committed 512K, reserved 1048576K
}
Event: 2.741 GC heap before
{Heap before GC invocations=9 (full 0):
 PSYoungGen      total 226816K, used 226788K [0x00000007b0000000, 0x00000007c0000000, 0x00000007c0000000)
  eden space 203776K, 100% used [0x00000007b0000000,0x00000007bc700000,0x00000007bc700000)
  from space 23040K, 99% used [0x00000007be980000,0x00000007bfff9328,0x00000007c0000000)
  to   space 29184K, 0% used [0x00000007bc700000,0x00000007bc700000,0x00000007be380000)
 ParOldGen       total 87552K, used 46769K [0x0000000790000000, 0x0000000795580000, 0x00000007b0000000)
  object space 87552K, 53% used [0x0000000790000000,0x0000000792dac4c8,0x0000000795580000)
 Metaspace       used 3486K, capacity 4792K, committed 5120K, reserved 1056768K
  class space    used 364K, capacity 424K, committed 512K, reserved 1048576K
Event: 2.848 GC heap after
Heap after GC invocations=9 (full 0):
 PSYoungGen      total 232960K, used 29182K [0x00000007b0000000, 0x00000007c0000000, 0x00000007c0000000)
  eden space 203776K, 0% used [0x00000007b0000000,0x00000007b0000000,0x00000007bc700000)
  from space 29184K, 99% used [0x00000007bc700000,0x00000007be37fa28,0x00000007be380000)
  to   space 29184K, 0% used [0x00000007be380000,0x00000007be380000,0x00000007c0000000)
 ParOldGen       total 87552K, used 69688K [0x0000000790000000, 0x0000000795580000, 0x00000007b0000000)
  object space 87552K, 79% used [0x0000000790000000,0x000000079440e190,0x0000000795580000)
 Metaspace       used 3486K, capacity 4792K, committed 5120K, reserved 1056768K
  class space    used 364K, capacity 424K, committed 512K, reserved 1048576K
}
Event: 2.848 GC heap before
{Heap before GC invocations=10 (full 1):
 PSYoungGen      total 232960K, used 29182K [0x00000007b0000000, 0x00000007c0000000, 0x00000007c0000000)
  eden space 203776K, 0% used [0x00000007b0000000,0x00000007b0000000,0x00000007bc700000)
  from space 29184K, 99% used [0x00000007bc700000,0x00000007be37fa28,0x00000007be380000)
  to   space 29184K, 0% used [0x00000007be380000,0x00000007be380000,0x00000007c0000000)
 ParOldGen       total 87552K, used 69688K [0x0000000790000000, 0x0000000795580000, 0x00000007b0000000)
  object space 87552K, 79% used [0x0000000790000000,0x000000079440e190,0x0000000795580000)
 Metaspace       used 3486K, capacity 4792K, committed 5120K, reserved 1056768K
  class space    used 364K, capacity 424K, committed 512K, reserved 1048576K

