# JRE version: Java(TM) SE Runtime Environment (8.0_144-b01) (build 1.8.0_144-b01)
# Java VM: Java HotSpot(TM) 64-Bit Server VM (25.144-b01 mixed mode bsd-amd64 compressed oops)
Heap:
 PSYoungGen      total 203776K, used 153967K [0x00000007b0000000, 0x00000007c0000000, 0x00000007c0000000)
  eden space 148480K, 76% used [0x00000007b0000000,0x00000007b6eb3a10,0x00000007b9100000)
  from space 55296K, 73% used [0x00000007bc980000,0x00000007bf1283e8,0x00000007bff80000)
  to   space 56832K, 0% used [0x00000007b9100000,0x00000007b9100000,0x00000007bc880000)
 ParOldGen       total 421376K, used 296917K [0x0000000790000000, 0x00000007a9b80000, 0x00000007b0000000)
  object space 421376K, 70% used [0x0000000790000000,0x00000007a21f5448,0x00000007a9b80000)
 Metaspace       used 10631K, capacity 10742K, committed 11136K, reserved 1058816K
  class space    used 1528K, capacity 1553K, committed 1664K, reserved 1048576K
GC Heap History (10 events):
Event: 7.186 GC heap before
{Heap before GC invocations=29 (full 3):
 PSYoungGen      total 186368K, used 145984K [0x00000007b0000000, 0x00000007bfe80000, 0x00000007c0000000)
  eden space 118784K, 100% used [0x00000007b0000000,0x00000007b7400000,0x00000007b7400000)
  from space 67584K, 40% used [0x00000007b7400000,0x00000007b8e90000,0x00000007bb600000)
  to   space 65024K, 0% used [0x00000007bbf00000,0x00000007bbf00000,0x00000007bfe80000)
 ParOldGen       total 421376K, used 296901K [0x0000000790000000, 0x00000007a9b80000, 0x00000007b0000000)
  object space 421376K, 70% used [0x0000000790000000,0x00000007a21f1448,0x00000007a9b80000)
 Metaspace       used 4431K, capacity 4960K, committed 5120K, reserved 1056768K
  class space    used 443K, capacity 464K, committed 512K, reserved 1048576K
Event: 7.211 GC heap after
Heap after GC invocations=29 (full 3):
 PSYoungGen      total 188416K, used 27360K [0x00000007b0000000, 0x00000007bf880000, 0x00000007c0000000)
  eden space 129536K, 0% used [0x00000007b0000000,0x00000007b0000000,0x00000007b7e80000)
  from space 58880K, 46% used [0x00000007bbf00000,0x00000007bd9b8000,0x00000007bf880000)
  to   space 62464K, 0% used [0x00000007b7e80000,0x00000007b7e80000,0x00000007bbb80000)
 ParOldGen       total 421376K, used 296901K [0x0000000790000000, 0x00000007a9b80000, 0x00000007b0000000)
  object space 421376K, 70% used [0x0000000790000000,0x00000007a21f1448,0x00000007a9b80000)
 Metaspace       used 4431K, capacity 4960K, committed 5120K, reserved 1056768K
  class space    used 443K, capacity 464K, committed 512K, reserved 1048576K
}
Event: 7.333 GC heap before
{Heap before GC invocations=30 (full 3):
 PSYoungGen      total 188416K, used 156896K [0x00000007b0000000, 0x00000007bf880000, 0x00000007c0000000)
  eden space 129536K, 100% used [0x00000007b0000000,0x00000007b7e80000,0x00000007b7e80000)
  from space 58880K, 46% used [0x00000007bbf00000,0x00000007bd9b8000,0x00000007bf880000)
  to   space 62464K, 0% used [0x00000007b7e80000,0x00000007b7e80000,0x00000007bbb80000)
 ParOldGen       total 421376K, used 296901K [0x0000000790000000, 0x00000007a9b80000, 0x00000007b0000000)
  object space 421376K, 70% used [0x0000000790000000,0x00000007a21f1448,0x00000007a9b80000)
 Metaspace       used 4433K, capacity 4960K, committed 5120K, reserved 1056768K
  class space    used 443K, capacity 464K, committed 512K, reserved 1048576K
Event: 7.355 GC heap after
Heap after GC invocations=30 (full 3):
 PSYoungGen      total 192000K, used 27552K [0x00000007b0000000, 0x00000007bfe80000, 0x00000007c0000000)
  eden space 129536K, 0% used [0x00000007b0000000,0x00000007b0000000,0x00000007b7e80000)
  from space 62464K, 44% used [0x00000007b7e80000,0x00000007b9968000,0x00000007bbb80000)
  to   space 59904K, 0% used [0x00000007bc400000,0x00000007bc400000,0x00000007bfe80000)
 ParOldGen       total 421376K, used 296901K [0x0000000790000000, 0x00000007a9b80000, 0x00000007b0000000)
  object space 421376K, 70% used [0x0000000790000000,0x00000007a21f1448,0x00000007a9b80000)
 Metaspace       used 4433K, capacity 4960K, committed 5120K, reserved 1056768K
  class space    used 443K, capacity 464K, committed 512K, reserved 1048576K
}
Event: 7.463 GC heap before
{Heap before GC invocations=31 (full 3):
 PSYoungGen      total 192000K, used 157088K [0x00000007b0000000, 0x00000007bfe80000, 0x00000007c0000000)
  eden space 129536K, 100% used [0x00000007b0000000,0x00000007b7e80000,0x00000007b7e80000)
  from space 62464K, 44% used [0x00000007b7e80000,0x00000007b9968000,0x00000007bbb80000)
  to   space 59904K, 0% used [0x00000007bc400000,0x00000007bc400000,0x00000007bfe80000)
 ParOldGen       total 421376K, used 296901K [0x0000000790000000, 0x00000007a9b80000, 0x00000007b0000000)
  object space 421376K, 70% used [0x0000000790000000,0x00000007a21f1448,0x00000007a9b80000)
 Metaspace       used 4434K, capacity 4960K, committed 5120K, reserved 1056768K
  class space    used 444K, capacity 464K, committed 512K, reserved 1048576K
Event: 7.487 GC heap after
Heap after GC invocations=31 (full 3):
 PSYoungGen      total 193536K, used 27744K [0x00000007b0000000, 0x00000007bf880000, 0x00000007c0000000)
  eden space 139776K, 0% used [0x00000007b0000000,0x00000007b0000000,0x00000007b8880000)
  from space 53760K, 51% used [0x00000007bc400000,0x00000007bdf18000,0x00000007bf880000)
  to   space 57344K, 0% used [0x00000007b8880000,0x00000007b8880000,0x00000007bc080000)
 ParOldGen       total 421376K, used 296909K [0x0000000790000000, 0x00000007a9b80000, 0x00000007b0000000)
  object space 421376K, 70% used [0x0000000790000000,0x00000007a21f3448,0x00000007a9b80000)
 Metaspace       used 4434K, capacity 4960K, committed 5120K, reserved 1056768K
  class space    used 444K, capacity 464K, committed 512K, reserved 1048576K
}
Event: 7.608 GC heap before
{Heap before GC invocations=32 (full 3):
 PSYoungGen      total 193536K, used 167520K [0x00000007b0000000, 0x00000007bf880000, 0x00000007c0000000)
  eden space 139776K, 100% used [0x00000007b0000000,0x00000007b8880000,0x00000007b8880000)
  from space 53760K, 51% used [0x00000007bc400000,0x00000007bdf18000,0x00000007bf880000)
  to   space 57344K, 0% used [0x00000007b8880000,0x00000007b8880000,0x00000007bc080000)
 ParOldGen       total 421376K, used 296909K [0x0000000790000000, 0x00000007a9b80000, 0x00000007b0000000)
  object space 421376K, 70% used [0x0000000790000000,0x00000007a21f3448,0x00000007a9b80000)
 Metaspace       used 4434K, capacity 4960K, committed 5120K, reserved 1056768K
  class space    used 444K, capacity 464K, committed 512K, reserved 1048576K
Event: 7.633 GC heap after
Heap after GC invocations=32 (full 3):
 PSYoungGen      total 197120K, used 27936K [0x00000007b0000000, 0x00000007bff80000, 0x00000007c0000000)
  eden space 139776K, 0% used [0x00000007b0000000,0x00000007b0000000,0x00000007b8880000)
  from space 57344K, 48% used [0x00000007b8880000,0x00000007ba3c8000,0x00000007bc080000)
  to   space 55296K, 0% used [0x00000007bc980000,0x00000007bc980000,0x00000007bff80000)
 ParOldGen       total 421376K, used 296909K [0x0000000790000000, 0x00000007a9b80000, 0x00000007b0000000)
  object space 421376K, 70% used [0x0000000790000000,0x00000007a21f3448,0x00000007a9b80000)
 Metaspace       used 4434K, capacity 4960K, committed 5120K, reserved 1056768K
  class space    used 444K, capacity 464K, committed 512K, reserved 1048576K
}
Event: 8.242 GC heap before
{Heap before GC invocations=33 (full 3):
 PSYoungGen      total 197120K, used 167712K [0x00000007b0000000, 0x00000007bff80000, 0x00000007c0000000)
  eden space 139776K, 100% used [0x00000007b0000000,0x00000007b8880000,0x00000007b8880000)
  from space 57344K, 48% used [0x00000007b8880000,0x00000007ba3c8000,0x00000007bc080000)
  to   space 55296K, 0% used [0x00000007bc980000,0x00000007bc980000,0x00000007bff80000)
 ParOldGen       total 421376K, used 296909K [0x0000000790000000, 0x00000007a9b80000, 0x00000007b0000000)
  object space 421376K, 70% used [0x0000000790000000,0x00000007a21f3448,0x00000007a9b80000)
 Metaspace       used 9523K, capacity 9616K, committed 9856K, reserved 1058816K
  class space    used 1352K, capacity 1392K, committed 1408K, reserved 1048576K
Event: 8.274 GC heap after
Heap after GC invocations=33 (full 3):
 PSYoungGen      total 203776K, used 40608K [0x00000007b0000000, 0x00000007c0000000, 0x00000007c0000000)
  eden space 148480K, 0% used [0x00000007b0000000,0x00000007b0000000,0x00000007b9100000)
  from space 55296K, 73% used [0x00000007bc980000,0x00000007bf1283e8,0x00000007bff80000)
  to   space 56832K, 0% used [0x00000007b9100000,0x00000007b9100000,0x00000007bc880000)
 ParOldGen       total 421376K, used 296917K [0x0000000790000000, 0x00000007a9b80000, 0x00000007b0000000)
  object space 421376K, 70% used [0x0000000790000000,0x00000007a21f5448,0x00000007a9b80000)
 Metaspace       used 9523K, capacity 9616K, committed 9856K, reserved 1058816K
  class space    used 1352K, capacity 1392K, committed 1408K, reserved 1048576K
}

