# JRE version: Java(TM) SE Runtime Environment (8.0_144-b01) (build 1.8.0_144-b01)
# Java VM: Java HotSpot(TM) 64-Bit Server VM (25.144-b01 mixed mode bsd-amd64 compressed oops)
Heap:
 PSYoungGen      total 206336K, used 137777K [0x00000007b0000000, 0x00000007c0000000, 0x00000007c0000000)
  eden space 154624K, 65% used [0x00000007b0000000,0x00000007b63245a0,0x00000007b9700000)
  from space 51712K, 70% used [0x00000007bcd80000,0x00000007bf0e8000,0x00000007c0000000)
  to   space 53760K, 0% used [0x00000007b9700000,0x00000007b9700000,0x00000007bcb80000)
 ParOldGen       total 168960K, used 123175K [0x0000000790000000, 0x000000079a500000, 0x00000007b0000000)
  object space 168960K, 72% used [0x0000000790000000,0x0000000797849ec8,0x000000079a500000)
 Metaspace       used 3635K, capacity 4856K, committed 5120K, reserved 1056768K
  class space    used 366K, capacity 424K, committed 512K, reserved 1048576K
GC Heap History (10 events):
Event: 2.443 GC heap before
{Heap before GC invocations=9 (full 0):
 PSYoungGen      total 226816K, used 226800K [0x00000007b0000000, 0x00000007c0000000, 0x00000007c0000000)
  eden space 203776K, 100% used [0x00000007b0000000,0x00000007bc700000,0x00000007bc700000)
  from space 23040K, 99% used [0x00000007be980000,0x00000007bfffc010,0x00000007c0000000)
  to   space 29184K, 0% used [0x00000007bc700000,0x00000007bc700000,0x00000007be380000)
 ParOldGen       total 87552K, used 46718K [0x0000000790000000, 0x0000000795580000, 0x00000007b0000000)
  object space 87552K, 53% used [0x0000000790000000,0x0000000792d9f968,0x0000000795580000)
 Metaspace       used 3485K, capacity 4792K, committed 5120K, reserved 1056768K
  class space    used 364K, capacity 424K, committed 512K, reserved 1048576K
Event: 2.524 GC heap after
Heap after GC invocations=9 (full 0):
 PSYoungGen      total 232960K, used 29166K [0x00000007b0000000, 0x00000007c0000000, 0x00000007c0000000)
  eden space 203776K, 0% used [0x00000007b0000000,0x00000007b0000000,0x00000007bc700000)
  from space 29184K, 99% used [0x00000007bc700000,0x00000007be37ba38,0x00000007be380000)
  to   space 29184K, 0% used [0x00000007be380000,0x00000007be380000,0x00000007c0000000)
 ParOldGen       total 87552K, used 69648K [0x0000000790000000, 0x0000000795580000, 0x00000007b0000000)
  object space 87552K, 79% used [0x0000000790000000,0x0000000794404318,0x0000000795580000)
 Metaspace       used 3485K, capacity 4792K, committed 5120K, reserved 1056768K
  class space    used 364K, capacity 424K, committed 512K, reserved 1048576K
}
Event: 2.910 GC heap before
{Heap before GC invocations=10 (full 0):
 PSYoungGen      total 232960K, used 232942K [0x00000007b0000000, 0x00000007c0000000, 0x00000007c0000000)
  eden space 203776K, 100% used [0x00000007b0000000,0x00000007bc700000,0x00000007bc700000)
  from space 29184K, 99% used [0x00000007bc700000,0x00000007be37ba38,0x00000007be380000)
  to   space 29184K, 0% used [0x00000007be380000,0x00000007be380000,0x00000007c0000000)
 ParOldGen       total 87552K, used 69648K [0x0000000790000000, 0x0000000795580000, 0x00000007b0000000)
  object space 87552K, 79% used [0x0000000790000000,0x0000000794404318,0x0000000795580000)
 Metaspace       used 3603K, capacity 4792K, committed 5120K, reserved 1056768K
  class space    used 365K, capacity 424K, committed 512K, reserved 1048576K
Event: 2.996 GC heap after
Heap after GC invocations=10 (full 0):
 PSYoungGen      total 183808K, used 29182K [0x00000007b0000000, 0x00000007c0000000, 0x00000007c0000000)
  eden space 154624K, 0% used [0x00000007b0000000,0x00000007b0000000,0x00000007b9700000)
  from space 29184K, 99% used [0x00000007be380000,0x00000007bffffa28,0x00000007c0000000)
  to   space 53760K, 0% used [0x00000007b9700000,0x00000007b9700000,0x00000007bcb80000)
 ParOldGen       total 97792K, used 96688K [0x0000000790000000, 0x0000000795f80000, 0x00000007b0000000)
  object space 97792K, 98% used [0x0000000790000000,0x0000000795e6c318,0x0000000795f80000)
 Metaspace       used 3603K, capacity 4792K, committed 5120K, reserved 1056768K
  class space    used 365K, capacity 424K, committed 512K, reserved 1048576K
}
Event: 2.996 GC heap before
{Heap before GC invocations=11 (full 1):
 PSYoungGen      total 183808K, used 29182K [0x00000007b0000000, 0x00000007c0000000, 0x00000007c0000000)
  eden space 154624K, 0% used [0x00000007b0000000,0x00000007b0000000,0x00000007b9700000)
  from space 29184K, 99% used [0x00000007be380000,0x00000007bffffa28,0x00000007c0000000)
  to   space 53760K, 0% used [0x00000007b9700000,0x00000007b9700000,0x00000007bcb80000)
 ParOldGen       total 97792K, used 96688K [0x0000000790000000, 0x0000000795f80000, 0x00000007b0000000)
  object space 97792K, 98% used [0x0000000790000000,0x0000000795e6c318,0x0000000795f80000)
 Metaspace       used 3603K, capacity 4792K, committed 5120K, reserved 1056768K
  class space    used 365K, capacity 424K, committed 512K, reserved 1048576K
Event: 3.649 GC heap after
Heap after GC invocations=11 (full 1):
 PSYoungGen      total 183808K, used 29157K [0x00000007b0000000, 0x00000007c0000000, 0x00000007c0000000)
  eden space 154624K, 0% used [0x00000007b0000000,0x00000007b0000000,0x00000007b9700000)
  from space 29184K, 99% used [0x00000007be380000,0x00000007bfff9520,0x00000007c0000000)
  to   space 53760K, 0% used [0x00000007b9700000,0x00000007b9700000,0x00000007bcb80000)
 ParOldGen       total 168960K, used 93937K [0x0000000790000000, 0x000000079a500000, 0x00000007b0000000)
  object space 168960K, 55% used [0x0000000790000000,0x0000000795bbc4a0,0x000000079a500000)
 Metaspace       used 3603K, capacity 4792K, committed 5120K, reserved 1056768K
  class space    used 365K, capacity 424K, committed 512K, reserved 1048576K
}
Event: 3.878 GC heap before
{Heap before GC invocations=12 (full 1):
 PSYoungGen      total 183808K, used 183781K [0x00000007b0000000, 0x00000007c0000000, 0x00000007c0000000)
  eden space 154624K, 100% used [0x00000007b0000000,0x00000007b9700000,0x00000007b9700000)
  from space 29184K, 99% used [0x00000007be380000,0x00000007bfff9520,0x00000007c0000000)
  to   space 53760K, 0% used [0x00000007b9700000,0x00000007b9700000,0x00000007bcb80000)
 ParOldGen       total 168960K, used 93937K [0x0000000790000000, 0x000000079a500000, 0x00000007b0000000)
  object space 168960K, 55% used [0x0000000790000000,0x0000000795bbc4a0,0x000000079a500000)
 Metaspace       used 3603K, capacity 4792K, committed 5120K, reserved 1056768K
  class space    used 365K, capacity 424K, committed 512K, reserved 1048576K
Event: 4.026 GC heap after
Heap after GC invocations=12 (full 1):
 PSYoungGen      total 208384K, used 17856K [0x00000007b0000000, 0x00000007c0000000, 0x00000007c0000000)
  eden space 154624K, 0% used [0x00000007b0000000,0x00000007b0000000,0x00000007b9700000)
  from space 53760K, 33% used [0x00000007b9700000,0x00000007ba870000,0x00000007bcb80000)
  to   space 51712K, 0% used [0x00000007bcd80000,0x00000007bcd80000,0x00000007c0000000)
 ParOldGen       total 168960K, used 123175K [0x0000000790000000, 0x000000079a500000, 0x00000007b0000000)
  object space 168960K, 72% used [0x0000000790000000,0x0000000797849ec8,0x000000079a500000)
 Metaspace       used 3603K, capacity 4792K, committed 5120K, reserved 1056768K
  class space    used 365K, capacity 424K, committed 512K, reserved 1048576K
}
Event: 4.190 GC heap before
{Heap before GC invocations=13 (full 1):
 PSYoungGen      total 208384K, used 172480K [0x00000007b0000000, 0x00000007c0000000, 0x00000007c0000000)
  eden space 154624K, 100% used [0x00000007b0000000,0x00000007b9700000,0x00000007b9700000)
  from space 53760K, 33% used [0x00000007b9700000,0x00000007ba870000,0x00000007bcb80000)
  to   space 51712K, 0% used [0x00000007bcd80000,0x00000007bcd80000,0x00000007c0000000)
 ParOldGen       total 168960K, used 123175K [0x0000000790000000, 0x000000079a500000, 0x00000007b0000000)
  object space 168960K, 72% used [0x0000000790000000,0x0000000797849ec8,0x000000079a500000)
 Metaspace       used 3634K, capacity 4856K, committed 5120K, reserved 1056768K
  class space    used 365K, capacity 424K, committed 512K, reserved 1048576K
Event: 4.243 GC heap after
Heap after GC invocations=13 (full 1):
 PSYoungGen      total 206336K, used 36256K [0x00000007b0000000, 0x00000007c0000000, 0x00000007c0000000)
  eden space 154624K, 0% used [0x00000007b0000000,0x00000007b0000000,0x00000007b9700000)
  from space 51712K, 70% used [0x00000007bcd80000,0x00000007bf0e8000,0x00000007c0000000)
  to   space 53760K, 0% used [0x00000007b9700000,0x00000007b9700000,0x00000007bcb80000)
 ParOldGen       total 168960K, used 123175K [0x0000000790000000, 0x000000079a500000, 0x00000007b0000000)
  object space 168960K, 72% used [0x0000000790000000,0x0000000797849ec8,0x000000079a500000)
 Metaspace       used 3634K, capacity 4856K, committed 5120K, reserved 1056768K
  class space    used 365K, capacity 424K, committed 512K, reserved 1048576K
}

