# JRE version: Java(TM) SE Runtime Environment (8.0_144-b01) (build 1.8.0_144-b01)
# Java VM: Java HotSpot(TM) 64-Bit Server VM (25.144-b01 mixed mode bsd-amd64 compressed oops)
Heap:
 PSYoungGen      total 200704K, used 115999K [0x00000007b0000000, 0x00000007c0000000, 0x00000007c0000000)
  eden space 176128K, 51% used [0x00000007b0000000,0x00000007b594feb8,0x00000007bac00000)
  from space 24576K, 99% used [0x00000007be800000,0x00000007bfff8010,0x00000007c0000000)
  to   space 43008K, 0% used [0x00000007bac00000,0x00000007bac00000,0x00000007bd600000)
 ParOldGen       total 161792K, used 92849K [0x0000000790000000, 0x0000000799e00000, 0x00000007b0000000)
  object space 161792K, 57% used [0x0000000790000000,0x0000000795aac488,0x0000000799e00000)
 Metaspace       used 3603K, capacity 4792K, committed 5120K, reserved 1056768K
  class space    used 365K, capacity 424K, committed 512K, reserved 1048576K
GC Heap History (10 events):
Event: 1.706 GC heap before
{Heap before GC invocations=5 (full 0):
 PSYoungGen      total 138240K, used 138235K [0x00000007b0000000, 0x00000007b8c00000, 0x00000007c0000000)
  eden space 133120K, 100% used [0x00000007b0000000,0x00000007b8200000,0x00000007b8200000)
  from space 5120K, 99% used [0x00000007b8700000,0x00000007b8bfec78,0x00000007b8c00000)
  to   space 5120K, 0% used [0x00000007b8200000,0x00000007b8200000,0x00000007b8700000)
 ParOldGen       total 87552K, used 26238K [0x0000000790000000, 0x0000000795580000, 0x00000007b0000000)
  object space 87552K, 29% used [0x0000000790000000,0x000000079199fa58,0x0000000795580000)
 Metaspace       used 3442K, capacity 4728K, committed 4864K, reserved 1056768K
  class space    used 362K, capacity 424K, committed 512K, reserved 1048576K
Event: 1.751 GC heap after
Heap after GC invocations=5 (full 0):
 PSYoungGen      total 138240K, used 5099K [0x00000007b0000000, 0x00000007c0000000, 0x00000007c0000000)
  eden space 133120K, 0% used [0x00000007b0000000,0x00000007b0000000,0x00000007b8200000)
  from space 5120K, 99% used [0x00000007b8200000,0x00000007b86fac88,0x00000007b8700000)
  to   space 22016K, 0% used [0x00000007bea80000,0x00000007bea80000,0x00000007c0000000)
 ParOldGen       total 87552K, used 41862K [0x0000000790000000, 0x0000000795580000, 0x00000007b0000000)
  object space 87552K, 47% used [0x0000000790000000,0x00000007928e1a58,0x0000000795580000)
 Metaspace       used 3442K, capacity 4728K, committed 4864K, reserved 1056768K
  class space    used 362K, capacity 424K, committed 512K, reserved 1048576K
}
Event: 1.935 GC heap before
{Heap before GC invocations=6 (full 0):
 PSYoungGen      total 138240K, used 138219K [0x00000007b0000000, 0x00000007c0000000, 0x00000007c0000000)
  eden space 133120K, 100% used [0x00000007b0000000,0x00000007b8200000,0x00000007b8200000)
  from space 5120K, 99% used [0x00000007b8200000,0x00000007b86fac88,0x00000007b8700000)
  to   space 22016K, 0% used [0x00000007bea80000,0x00000007bea80000,0x00000007c0000000)
 ParOldGen       total 87552K, used 41862K [0x0000000790000000, 0x0000000795580000, 0x00000007b0000000)
  object space 87552K, 47% used [0x0000000790000000,0x00000007928e1a58,0x0000000795580000)
 Metaspace       used 3442K, capacity 4728K, committed 4864K, reserved 1056768K
  class space    used 362K, capacity 424K, committed 512K, reserved 1048576K
Event: 1.978 GC heap after
Heap after GC invocations=6 (full 0):
 PSYoungGen      total 235008K, used 20731K [0x00000007b0000000, 0x00000007c0000000, 0x00000007c0000000)
  eden space 212992K, 0% used [0x00000007b0000000,0x00000007b0000000,0x00000007bd000000)
  from space 22016K, 94% used [0x00000007bea80000,0x00000007bfebec78,0x00000007c0000000)
  to   space 24576K, 0% used [0x00000007bd000000,0x00000007bd000000,0x00000007be800000)
 ParOldGen       total 87552K, used 41862K [0x0000000790000000, 0x0000000795580000, 0x00000007b0000000)
  object space 87552K, 47% used [0x0000000790000000,0x00000007928e1a58,0x0000000795580000)
 Metaspace       used 3442K, capacity 4728K, committed 4864K, reserved 1056768K
  class space    used 362K, capacity 424K, committed 512K, reserved 1048576K
}
Event: 2.371 GC heap before
{Heap before GC invocations=7 (full 0):
 PSYoungGen      total 235008K, used 233723K [0x00000007b0000000, 0x00000007c0000000, 0x00000007c0000000)
  eden space 212992K, 100% used [0x00000007b0000000,0x00000007bd000000,0x00000007bd000000)
  from space 22016K, 94% used [0x00000007bea80000,0x00000007bfebec78,0x00000007c0000000)
  to   space 24576K, 0% used [0x00000007bd000000,0x00000007bd000000,0x00000007be800000)
 ParOldGen       total 87552K, used 41862K [0x0000000790000000, 0x0000000795580000, 0x00000007b0000000)
  object space 87552K, 47% used [0x0000000790000000,0x00000007928e1a58,0x0000000795580000)
 Metaspace       used 3442K, capacity 4728K, committed 4864K, reserved 1056768K
  class space    used 362K, capacity 424K, committed 512K, reserved 1048576K
Event: 2.469 GC heap after
Heap after GC invocations=7 (full 0):
 PSYoungGen      total 237568K, used 24547K [0x00000007b0000000, 0x00000007c0000000, 0x00000007c0000000)
  eden space 212992K, 0% used [0x00000007b0000000,0x00000007b0000000,0x00000007bd000000)
  from space 24576K, 99% used [0x00000007bd000000,0x00000007be7f8d40,0x00000007be800000)
  to   space 24576K, 0% used [0x00000007be800000,0x00000007be800000,0x00000007c0000000)
 ParOldGen       total 87552K, used 66745K [0x0000000790000000, 0x0000000795580000, 0x00000007b0000000)
  object space 87552K, 76% used [0x0000000790000000,0x000000079412e5a0,0x0000000795580000)
 Metaspace       used 3442K, capacity 4728K, committed 4864K, reserved 1056768K
  class space    used 362K, capacity 424K, committed 512K, reserved 1048576K
}
Event: 2.469 GC heap before
{Heap before GC invocations=8 (full 1):
 PSYoungGen      total 237568K, used 24547K [0x00000007b0000000, 0x00000007c0000000, 0x00000007c0000000)
  eden space 212992K, 0% used [0x00000007b0000000,0x00000007b0000000,0x00000007bd000000)
  from space 24576K, 99% used [0x00000007bd000000,0x00000007be7f8d40,0x00000007be800000)
  to   space 24576K, 0% used [0x00000007be800000,0x00000007be800000,0x00000007c0000000)
 ParOldGen       total 87552K, used 66745K [0x0000000790000000, 0x0000000795580000, 0x00000007b0000000)
  object space 87552K, 76% used [0x0000000790000000,0x000000079412e5a0,0x0000000795580000)
 Metaspace       used 3442K, capacity 4728K, committed 4864K, reserved 1056768K
  class space    used 362K, capacity 424K, committed 512K, reserved 1048576K
Event: 2.988 GC heap after
Heap after GC invocations=8 (full 1):
 PSYoungGen      total 237568K, used 994K [0x00000007b0000000, 0x00000007c0000000, 0x00000007c0000000)
  eden space 212992K, 0% used [0x00000007b0000000,0x00000007b0000000,0x00000007bd000000)
  from space 24576K, 4% used [0x00000007bd000000,0x00000007bd0f89b8,0x00000007be800000)
  to   space 24576K, 0% used [0x00000007be800000,0x00000007be800000,0x00000007c0000000)
 ParOldGen       total 161792K, used 87230K [0x0000000790000000, 0x0000000799e00000, 0x00000007b0000000)
  object space 161792K, 53% used [0x0000000790000000,0x000000079552fad8,0x0000000799e00000)
 Metaspace       used 3442K, capacity 4728K, committed 4864K, reserved 1056768K
  class space    used 362K, capacity 424K, committed 512K, reserved 1048576K
}
Event: 3.458 GC heap before
{Heap before GC invocations=9 (full 1):
 PSYoungGen      total 237568K, used 213986K [0x00000007b0000000, 0x00000007c0000000, 0x00000007c0000000)
  eden space 212992K, 100% used [0x00000007b0000000,0x00000007bd000000,0x00000007bd000000)
  from space 24576K, 4% used [0x00000007bd000000,0x00000007bd0f89b8,0x00000007be800000)
  to   space 24576K, 0% used [0x00000007be800000,0x00000007be800000,0x00000007c0000000)
 ParOldGen       total 161792K, used 87230K [0x0000000790000000, 0x0000000799e00000, 0x00000007b0000000)
  object space 161792K, 53% used [0x0000000790000000,0x000000079552fad8,0x0000000799e00000)
 Metaspace       used 3602K, capacity 4792K, committed 5120K, reserved 1056768K
  class space    used 365K, capacity 424K, committed 512K, reserved 1048576K
Event: 3.527 GC heap after
Heap after GC invocations=9 (full 1):
 PSYoungGen      total 200704K, used 24544K [0x00000007b0000000, 0x00000007c0000000, 0x00000007c0000000)
  eden space 176128K, 0% used [0x00000007b0000000,0x00000007b0000000,0x00000007bac00000)
  from space 24576K, 99% used [0x00000007be800000,0x00000007bfff8010,0x00000007c0000000)
  to   space 43008K, 0% used [0x00000007bac00000,0x00000007bac00000,0x00000007bd600000)
 ParOldGen       total 161792K, used 92849K [0x0000000790000000, 0x0000000799e00000, 0x00000007b0000000)
  object space 161792K, 57% used [0x0000000790000000,0x0000000795aac488,0x0000000799e00000)
 Metaspace       used 3602K, capacity 4792K, committed 5120K, reserved 1056768K
  class space    used 365K, capacity 424K, committed 512K, reserved 1048576K
}

