# JRE version: Java(TM) SE Runtime Environment (8.0_144-b01) (build 1.8.0_144-b01)
# Java VM: Java HotSpot(TM) 64-Bit Server VM (25.144-b01 mixed mode bsd-amd64 compressed oops)
Heap:
 PSYoungGen      total 192000K, used 148356K [0x00000007b0000000, 0x00000007c0000000, 0x00000007c0000000)
  eden space 130048K, 70% used [0x00000007b0000000,0x00000007b59521f0,0x00000007b7f00000)
  from space 61952K, 91% used [0x00000007bc380000,0x00000007bfb0f008,0x00000007c0000000)
  to   space 66048K, 0% used [0x00000007b7f00000,0x00000007b7f00000,0x00000007bbf80000)
 ParOldGen       total 388096K, used 282604K [0x0000000790000000, 0x00000007a7b00000, 0x00000007b0000000)
  object space 388096K, 72% used [0x0000000790000000,0x00000007a13fb258,0x00000007a7b00000)
 Metaspace       used 10635K, capacity 10742K, committed 11136K, reserved 1058816K
  class space    used 1527K, capacity 1553K, committed 1664K, reserved 1048576K
GC Heap History (10 events):
Event: 8.283 GC heap before
{Heap before GC invocations=29 (full 3):
 PSYoungGen      total 190976K, used 165568K [0x00000007b0000000, 0x00000007c0000000, 0x00000007c0000000)
  eden space 123904K, 100% used [0x00000007b0000000,0x00000007b7900000,0x00000007b7900000)
  from space 67072K, 62% used [0x00000007b7900000,0x00000007ba1b0010,0x00000007bba80000)
  to   space 66048K, 0% used [0x00000007bbf80000,0x00000007bbf80000,0x00000007c0000000)
 ParOldGen       total 388096K, used 282588K [0x0000000790000000, 0x00000007a7b00000, 0x00000007b0000000)
  object space 388096K, 72% used [0x0000000790000000,0x00000007a13f7258,0x00000007a7b00000)
 Metaspace       used 4434K, capacity 4960K, committed 5120K, reserved 1056768K
  class space    used 443K, capacity 464K, committed 512K, reserved 1048576K
Event: 8.314 GC heap after
Heap after GC invocations=29 (full 3):
 PSYoungGen      total 192000K, used 41856K [0x00000007b0000000, 0x00000007bfd00000, 0x00000007c0000000)
  eden space 129024K, 0% used [0x00000007b0000000,0x00000007b0000000,0x00000007b7e00000)
  from space 62976K, 66% used [0x00000007bbf80000,0x00000007be860010,0x00000007bfd00000)
  to   space 65024K, 0% used [0x00000007b7e00000,0x00000007b7e00000,0x00000007bbd80000)
 ParOldGen       total 388096K, used 282588K [0x0000000790000000, 0x00000007a7b00000, 0x00000007b0000000)
  object space 388096K, 72% used [0x0000000790000000,0x00000007a13f7258,0x00000007a7b00000)
 Metaspace       used 4434K, capacity 4960K, committed 5120K, reserved 1056768K
  class space    used 443K, capacity 464K, committed 512K, reserved 1048576K
}
Event: 8.548 GC heap before
{Heap before GC invocations=30 (full 3):
 PSYoungGen      total 192000K, used 170880K [0x00000007b0000000, 0x00000007bfd00000, 0x00000007c0000000)
  eden space 129024K, 100% used [0x00000007b0000000,0x00000007b7e00000,0x00000007b7e00000)
  from space 62976K, 66% used [0x00000007bbf80000,0x00000007be860010,0x00000007bfd00000)
  to   space 65024K, 0% used [0x00000007b7e00000,0x00000007b7e00000,0x00000007bbd80000)
 ParOldGen       total 388096K, used 282588K [0x0000000790000000, 0x00000007a7b00000, 0x00000007b0000000)
  object space 388096K, 72% used [0x0000000790000000,0x00000007a13f7258,0x00000007a7b00000)
 Metaspace       used 4434K, capacity 4960K, committed 5120K, reserved 1056768K
  class space    used 443K, capacity 464K, committed 512K, reserved 1048576K
Event: 8.589 GC heap after
Heap after GC invocations=30 (full 3):
 PSYoungGen      total 194048K, used 42080K [0x00000007b0000000, 0x00000007c0000000, 0x00000007c0000000)
  eden space 129024K, 0% used [0x00000007b0000000,0x00000007b0000000,0x00000007b7e00000)
  from space 65024K, 64% used [0x00000007b7e00000,0x00000007ba718010,0x00000007bbd80000)
  to   space 64000K, 0% used [0x00000007bc180000,0x00000007bc180000,0x00000007c0000000)
 ParOldGen       total 388096K, used 282588K [0x0000000790000000, 0x00000007a7b00000, 0x00000007b0000000)
  object space 388096K, 72% used [0x0000000790000000,0x00000007a13f7258,0x00000007a7b00000)
 Metaspace       used 4434K, capacity 4960K, committed 5120K, reserved 1056768K
  class space    used 443K, capacity 464K, committed 512K, reserved 1048576K
}
Event: 8.763 GC heap before
{Heap before GC invocations=31 (full 3):
 PSYoungGen      total 194048K, used 171104K [0x00000007b0000000, 0x00000007c0000000, 0x00000007c0000000)
  eden space 129024K, 100% used [0x00000007b0000000,0x00000007b7e00000,0x00000007b7e00000)
  from space 65024K, 64% used [0x00000007b7e00000,0x00000007ba718010,0x00000007bbd80000)
  to   space 64000K, 0% used [0x00000007bc180000,0x00000007bc180000,0x00000007c0000000)
 ParOldGen       total 388096K, used 282588K [0x0000000790000000, 0x00000007a7b00000, 0x00000007b0000000)
  object space 388096K, 72% used [0x0000000790000000,0x00000007a13f7258,0x00000007a7b00000)
 Metaspace       used 4434K, capacity 4960K, committed 5120K, reserved 1056768K
  class space    used 443K, capacity 464K, committed 512K, reserved 1048576K
Event: 8.800 GC heap after
Heap after GC invocations=31 (full 3):
 PSYoungGen      total 194048K, used 42176K [0x00000007b0000000, 0x00000007bfd00000, 0x00000007c0000000)
  eden space 133120K, 0% used [0x00000007b0000000,0x00000007b0000000,0x00000007b8200000)
  from space 60928K, 69% used [0x00000007bc180000,0x00000007beab0010,0x00000007bfd00000)
  to   space 62976K, 0% used [0x00000007b8200000,0x00000007b8200000,0x00000007bbf80000)
 ParOldGen       total 388096K, used 282588K [0x0000000790000000, 0x00000007a7b00000, 0x00000007b0000000)
  object space 388096K, 72% used [0x0000000790000000,0x00000007a13f7258,0x00000007a7b00000)
 Metaspace       used 4434K, capacity 4960K, committed 5120K, reserved 1056768K
  class space    used 443K, capacity 464K, committed 512K, reserved 1048576K
}
Event: 8.945 GC heap before
{Heap before GC invocations=32 (full 3):
 PSYoungGen      total 194048K, used 175296K [0x00000007b0000000, 0x00000007bfd00000, 0x00000007c0000000)
  eden space 133120K, 100% used [0x00000007b0000000,0x00000007b8200000,0x00000007b8200000)
  from space 60928K, 69% used [0x00000007bc180000,0x00000007beab0010,0x00000007bfd00000)
  to   space 62976K, 0% used [0x00000007b8200000,0x00000007b8200000,0x00000007bbf80000)
 ParOldGen       total 388096K, used 282588K [0x0000000790000000, 0x00000007a7b00000, 0x00000007b0000000)
  object space 388096K, 72% used [0x0000000790000000,0x00000007a13f7258,0x00000007a7b00000)
 Metaspace       used 4434K, capacity 4960K, committed 5120K, reserved 1056768K
  class space    used 443K, capacity 464K, committed 512K, reserved 1048576K
Event: 8.977 GC heap after
Heap after GC invocations=32 (full 3):
 PSYoungGen      total 196096K, used 42368K [0x00000007b0000000, 0x00000007c0000000, 0x00000007c0000000)
  eden space 133120K, 0% used [0x00000007b0000000,0x00000007b0000000,0x00000007b8200000)
  from space 62976K, 67% used [0x00000007b8200000,0x00000007bab60010,0x00000007bbf80000)
  to   space 61952K, 0% used [0x00000007bc380000,0x00000007bc380000,0x00000007c0000000)
 ParOldGen       total 388096K, used 282596K [0x0000000790000000, 0x00000007a7b00000, 0x00000007b0000000)
  object space 388096K, 72% used [0x0000000790000000,0x00000007a13f9258,0x00000007a7b00000)
 Metaspace       used 4434K, capacity 4960K, committed 5120K, reserved 1056768K
  class space    used 443K, capacity 464K, committed 512K, reserved 1048576K
}
Event: 9.899 GC heap before
{Heap before GC invocations=33 (full 3):
 PSYoungGen      total 196096K, used 175488K [0x00000007b0000000, 0x00000007c0000000, 0x00000007c0000000)
  eden space 133120K, 100% used [0x00000007b0000000,0x00000007b8200000,0x00000007b8200000)
  from space 62976K, 67% used [0x00000007b8200000,0x00000007bab60010,0x00000007bbf80000)
  to   space 61952K, 0% used [0x00000007bc380000,0x00000007bc380000,0x00000007c0000000)
 ParOldGen       total 388096K, used 282596K [0x0000000790000000, 0x00000007a7b00000, 0x00000007b0000000)
  object space 388096K, 72% used [0x0000000790000000,0x00000007a13f9258,0x00000007a7b00000)
 Metaspace       used 9531K, capacity 9616K, committed 9856K, reserved 1058816K
  class space    used 1351K, capacity 1392K, committed 1408K, reserved 1048576K
Event: 9.941 GC heap after
Heap after GC invocations=33 (full 3):
 PSYoungGen      total 192000K, used 56892K [0x00000007b0000000, 0x00000007c0000000, 0x00000007c0000000)
  eden space 130048K, 0% used [0x00000007b0000000,0x00000007b0000000,0x00000007b7f00000)
  from space 61952K, 91% used [0x00000007bc380000,0x00000007bfb0f008,0x00000007c0000000)
  to   space 66048K, 0% used [0x00000007b7f00000,0x00000007b7f00000,0x00000007bbf80000)
 ParOldGen       total 388096K, used 282604K [0x0000000790000000, 0x00000007a7b00000, 0x00000007b0000000)
  object space 388096K, 72% used [0x0000000790000000,0x00000007a13fb258,0x00000007a7b00000)
 Metaspace       used 9531K, capacity 9616K, committed 9856K, reserved 1058816K
  class space    used 1351K, capacity 1392K, committed 1408K, reserved 1048576K
}

