# JRE version: Java(TM) SE Runtime Environment (8.0_144-b01) (build 1.8.0_144-b01)
# Java VM: Java HotSpot(TM) 64-Bit Server VM (25.144-b01 mixed mode bsd-amd64 compressed oops)
Heap:
 PSYoungGen      total 138240K, used 109056K [0x00000007b0000000, 0x00000007b8c00000, 0x00000007c0000000)
  eden space 133120K, 78% used [0x00000007b0000000,0x00000007b6584b08,0x00000007b8200000)
  from space 5120K, 99% used [0x00000007b8700000,0x00000007b8bfb800,0x00000007b8c00000)
  to   space 5120K, 0% used [0x00000007b8200000,0x00000007b8200000,0x00000007b8700000)
 ParOldGen       total 87552K, used 26323K [0x0000000790000000, 0x0000000795580000, 0x00000007b0000000)
  object space 87552K, 30% used [0x0000000790000000,0x00000007919b4f20,0x0000000795580000)
 Metaspace       used 3444K, capacity 4728K, committed 4864K, reserved 1056768K
  class space    used 362K, capacity 424K, committed 512K, reserved 1048576K
GC Heap History (8 events):
Event: 1.011 GC heap before
{Heap before GC invocations=1 (full 0):
 PSYoungGen      total 38400K, used 33280K [0x00000007b0000000, 0x00000007b2a80000, 0x00000007c0000000)
  eden space 33280K, 100% used [0x00000007b0000000,0x00000007b2080000,0x00000007b2080000)
  from space 5120K, 0% used [0x00000007b2580000,0x00000007b2580000,0x00000007b2a80000)
  to   space 5120K, 0% used [0x00000007b2080000,0x00000007b2080000,0x00000007b2580000)
 ParOldGen       total 87552K, used 0K [0x0000000790000000, 0x0000000795580000, 0x00000007b0000000)
  object space 87552K, 0% used [0x0000000790000000,0x0000000790000000,0x0000000795580000)
 Metaspace       used 3403K, capacity 4728K, committed 4864K, reserved 1056768K
  class space    used 362K, capacity 424K, committed 512K, reserved 1048576K
Event: 1.036 GC heap after
Heap after GC invocations=1 (full 0):
 PSYoungGen      total 38400K, used 5118K [0x00000007b0000000, 0x00000007b4b00000, 0x00000007c0000000)
  eden space 33280K, 0% used [0x00000007b0000000,0x00000007b0000000,0x00000007b2080000)
  from space 5120K, 99% used [0x00000007b2080000,0x00000007b257f890,0x00000007b2580000)
  to   space 5120K, 0% used [0x00000007b4600000,0x00000007b4600000,0x00000007b4b00000)
 ParOldGen       total 87552K, used 3475K [0x0000000790000000, 0x0000000795580000, 0x00000007b0000000)
  object space 87552K, 3% used [0x0000000790000000,0x0000000790364d68,0x0000000795580000)
 Metaspace       used 3403K, capacity 4728K, committed 4864K, reserved 1056768K
  class space    used 362K, capacity 424K, committed 512K, reserved 1048576K
}
Event: 1.161 GC heap before
{Heap before GC invocations=2 (full 0):
 PSYoungGen      total 38400K, used 38398K [0x00000007b0000000, 0x00000007b4b00000, 0x00000007c0000000)
  eden space 33280K, 100% used [0x00000007b0000000,0x00000007b2080000,0x00000007b2080000)
  from space 5120K, 99% used [0x00000007b2080000,0x00000007b257f890,0x00000007b2580000)
  to   space 5120K, 0% used [0x00000007b4600000,0x00000007b4600000,0x00000007b4b00000)
 ParOldGen       total 87552K, used 3475K [0x0000000790000000, 0x0000000795580000, 0x00000007b0000000)
  object space 87552K, 3% used [0x0000000790000000,0x0000000790364d68,0x0000000795580000)
 Metaspace       used 3424K, capacity 4728K, committed 4864K, reserved 1056768K
  class space    used 362K, capacity 424K, committed 512K, reserved 1048576K
Event: 1.175 GC heap after
Heap after GC invocations=2 (full 0):
 PSYoungGen      total 71680K, used 5095K [0x00000007b0000000, 0x00000007b4b00000, 0x00000007c0000000)
  eden space 66560K, 0% used [0x00000007b0000000,0x00000007b0000000,0x00000007b4100000)
  from space 5120K, 99% used [0x00000007b4600000,0x00000007b4af9d68,0x00000007b4b00000)
  to   space 5120K, 0% used [0x00000007b4100000,0x00000007b4100000,0x00000007b4600000)
 ParOldGen       total 87552K, used 7506K [0x0000000790000000, 0x0000000795580000, 0x00000007b0000000)
  object space 87552K, 8% used [0x0000000790000000,0x0000000790754a78,0x0000000795580000)
 Metaspace       used 3424K, capacity 4728K, committed 4864K, reserved 1056768K
  class space    used 362K, capacity 424K, committed 512K, reserved 1048576K
}
Event: 1.522 GC heap before
{Heap before GC invocations=3 (full 0):
 PSYoungGen      total 71680K, used 71655K [0x00000007b0000000, 0x00000007b4b00000, 0x00000007c0000000)
  eden space 66560K, 100% used [0x00000007b0000000,0x00000007b4100000,0x00000007b4100000)
  from space 5120K, 99% used [0x00000007b4600000,0x00000007b4af9d68,0x00000007b4b00000)
  to   space 5120K, 0% used [0x00000007b4100000,0x00000007b4100000,0x00000007b4600000)
 ParOldGen       total 87552K, used 7506K [0x0000000790000000, 0x0000000795580000, 0x00000007b0000000)
  object space 87552K, 8% used [0x0000000790000000,0x0000000790754a78,0x0000000795580000)
 Metaspace       used 3436K, capacity 4728K, committed 4864K, reserved 1056768K
  class space    used 362K, capacity 424K, committed 512K, reserved 1048576K
Event: 1.568 GC heap after
Heap after GC invocations=3 (full 0):
 PSYoungGen      total 71680K, used 5097K [0x00000007b0000000, 0x00000007b8c00000, 0x00000007c0000000)
  eden space 66560K, 0% used [0x00000007b0000000,0x00000007b0000000,0x00000007b4100000)
  from space 5120K, 99% used [0x00000007b4100000,0x00000007b45fa4f8,0x00000007b4600000)
  to   space 5120K, 0% used [0x00000007b8700000,0x00000007b8700000,0x00000007b8c00000)
 ParOldGen       total 87552K, used 17675K [0x0000000790000000, 0x0000000795580000, 0x00000007b0000000)
  object space 87552K, 20% used [0x0000000790000000,0x0000000791142f10,0x0000000795580000)
 Metaspace       used 3436K, capacity 4728K, committed 4864K, reserved 1056768K
  class space    used 362K, capacity 424K, committed 512K, reserved 1048576K
}
Event: 1.743 GC heap before
{Heap before GC invocations=4 (full 0):
 PSYoungGen      total 71680K, used 71657K [0x00000007b0000000, 0x00000007b8c00000, 0x00000007c0000000)
  eden space 66560K, 100% used [0x00000007b0000000,0x00000007b4100000,0x00000007b4100000)
  from space 5120K, 99% used [0x00000007b4100000,0x00000007b45fa4f8,0x00000007b4600000)
  to   space 5120K, 0% used [0x00000007b8700000,0x00000007b8700000,0x00000007b8c00000)
 ParOldGen       total 87552K, used 17675K [0x0000000790000000, 0x0000000795580000, 0x00000007b0000000)
  object space 87552K, 20% used [0x0000000790000000,0x0000000791142f10,0x0000000795580000)
 Metaspace       used 3440K, capacity 4728K, committed 4864K, reserved 1056768K
  class space    used 362K, capacity 424K, committed 512K, reserved 1048576K
Event: 1.772 GC heap after
Heap after GC invocations=4 (full 0):
 PSYoungGen      total 138240K, used 5102K [0x00000007b0000000, 0x00000007b8c00000, 0x00000007c0000000)
  eden space 133120K, 0% used [0x00000007b0000000,0x00000007b0000000,0x00000007b8200000)
  from space 5120K, 99% used [0x00000007b8700000,0x00000007b8bfb800,0x00000007b8c00000)
  to   space 5120K, 0% used [0x00000007b8200000,0x00000007b8200000,0x00000007b8700000)
 ParOldGen       total 87552K, used 26323K [0x0000000790000000, 0x0000000795580000, 0x00000007b0000000)
  object space 87552K, 30% used [0x0000000790000000,0x00000007919b4f20,0x0000000795580000)
 Metaspace       used 3440K, capacity 4728K, committed 4864K, reserved 1056768K
  class space    used 362K, capacity 424K, committed 512K, reserved 1048576K
}

