# JRE version: Java(TM) SE Runtime Environment (8.0_144-b01) (build 1.8.0_144-b01)
# Java VM: Java HotSpot(TM) 64-Bit Server VM (25.144-b01 mixed mode bsd-amd64 compressed oops)
Heap:
 PSYoungGen      total 202752K, used 98489K [0x00000007b0000000, 0x00000007c0000000, 0x00000007c0000000)
  eden space 148992K, 30% used [0x00000007b0000000,0x00000007b2bb2268,0x00000007b9180000)
  from space 53760K, 99% used [0x00000007b9180000,0x00000007bc5fc2e0,0x00000007bc600000)
  to   space 59392K, 0% used [0x00000007bc600000,0x00000007bc600000,0x00000007c0000000)
 ParOldGen       total 420352K, used 289445K [0x0000000790000000, 0x00000007a9a80000, 0x00000007b0000000)
  object space 420352K, 68% used [0x0000000790000000,0x00000007a1aa9670,0x00000007a9a80000)
 Metaspace       used 10634K, capacity 10742K, committed 11136K, reserved 1058816K
  class space    used 1527K, capacity 1553K, committed 1664K, reserved 1048576K
GC Heap History (10 events):
Event: 7.633 GC heap before
{Heap before GC invocations=30 (full 3):
 PSYoungGen      total 187392K, used 165984K [0x00000007b0000000, 0x00000007bf680000, 0x00000007c0000000)
  eden space 129536K, 100% used [0x00000007b0000000,0x00000007b7e80000,0x00000007b7e80000)
  from space 57856K, 62% used [0x00000007bbe00000,0x00000007be198010,0x00000007bf680000)
  to   space 61440K, 0% used [0x00000007b7e80000,0x00000007b7e80000,0x00000007bba80000)
 ParOldGen       total 420352K, used 287879K [0x0000000790000000, 0x00000007a9a80000, 0x00000007b0000000)
  object space 420352K, 68% used [0x0000000790000000,0x00000007a1921d68,0x00000007a9a80000)
 Metaspace       used 4433K, capacity 4960K, committed 5120K, reserved 1056768K
  class space    used 443K, capacity 464K, committed 512K, reserved 1048576K
Event: 7.660 GC heap after
Heap after GC invocations=30 (full 3):
 PSYoungGen      total 190976K, used 36640K [0x00000007b0000000, 0x00000007bff00000, 0x00000007c0000000)
  eden space 129536K, 0% used [0x00000007b0000000,0x00000007b0000000,0x00000007b7e80000)
  from space 61440K, 59% used [0x00000007b7e80000,0x00000007ba248010,0x00000007bba80000)
  to   space 59392K, 0% used [0x00000007bc500000,0x00000007bc500000,0x00000007bff00000)
 ParOldGen       total 420352K, used 287887K [0x0000000790000000, 0x00000007a9a80000, 0x00000007b0000000)
  object space 420352K, 68% used [0x0000000790000000,0x00000007a1923d68,0x00000007a9a80000)
 Metaspace       used 4433K, capacity 4960K, committed 5120K, reserved 1056768K
  class space    used 443K, capacity 464K, committed 512K, reserved 1048576K
}
Event: 7.849 GC heap before
{Heap before GC invocations=31 (full 3):
 PSYoungGen      total 190976K, used 166176K [0x00000007b0000000, 0x00000007bff00000, 0x00000007c0000000)
  eden space 129536K, 100% used [0x00000007b0000000,0x00000007b7e80000,0x00000007b7e80000)
  from space 61440K, 59% used [0x00000007b7e80000,0x00000007ba248010,0x00000007bba80000)
  to   space 59392K, 0% used [0x00000007bc500000,0x00000007bc500000,0x00000007bff00000)
 ParOldGen       total 420352K, used 287887K [0x0000000790000000, 0x00000007a9a80000, 0x00000007b0000000)
  object space 420352K, 68% used [0x0000000790000000,0x00000007a1923d68,0x00000007a9a80000)
 Metaspace       used 4433K, capacity 4960K, committed 5120K, reserved 1056768K
  class space    used 443K, capacity 464K, committed 512K, reserved 1048576K
Event: 7.875 GC heap after
Heap after GC invocations=31 (full 3):
 PSYoungGen      total 195584K, used 36832K [0x00000007b0000000, 0x00000007bfa00000, 0x00000007c0000000)
  eden space 141312K, 0% used [0x00000007b0000000,0x00000007b0000000,0x00000007b8a00000)
  from space 54272K, 67% used [0x00000007bc500000,0x00000007be8f8010,0x00000007bfa00000)
  to   space 57344K, 0% used [0x00000007b8a00000,0x00000007b8a00000,0x00000007bc200000)
 ParOldGen       total 420352K, used 287887K [0x0000000790000000, 0x00000007a9a80000, 0x00000007b0000000)
  object space 420352K, 68% used [0x0000000790000000,0x00000007a1923d68,0x00000007a9a80000)
 Metaspace       used 4433K, capacity 4960K, committed 5120K, reserved 1056768K
  class space    used 443K, capacity 464K, committed 512K, reserved 1048576K
}
Event: 8.027 GC heap before
{Heap before GC invocations=32 (full 3):
 PSYoungGen      total 195584K, used 178144K [0x00000007b0000000, 0x00000007bfa00000, 0x00000007c0000000)
  eden space 141312K, 100% used [0x00000007b0000000,0x00000007b8a00000,0x00000007b8a00000)
  from space 54272K, 67% used [0x00000007bc500000,0x00000007be8f8010,0x00000007bfa00000)
  to   space 57344K, 0% used [0x00000007b8a00000,0x00000007b8a00000,0x00000007bc200000)
 ParOldGen       total 420352K, used 287887K [0x0000000790000000, 0x00000007a9a80000, 0x00000007b0000000)
  object space 420352K, 68% used [0x0000000790000000,0x00000007a1923d68,0x00000007a9a80000)
 Metaspace       used 4433K, capacity 4960K, committed 5120K, reserved 1056768K
  class space    used 443K, capacity 464K, committed 512K, reserved 1048576K
Event: 8.058 GC heap after
Heap after GC invocations=32 (full 3):
 PSYoungGen      total 198656K, used 37024K [0x00000007b0000000, 0x00000007c0000000, 0x00000007c0000000)
  eden space 141312K, 0% used [0x00000007b0000000,0x00000007b0000000,0x00000007b8a00000)
  from space 57344K, 64% used [0x00000007b8a00000,0x00000007bae28010,0x00000007bc200000)
  to   space 55808K, 0% used [0x00000007bc980000,0x00000007bc980000,0x00000007c0000000)
 ParOldGen       total 420352K, used 287887K [0x0000000790000000, 0x00000007a9a80000, 0x00000007b0000000)
  object space 420352K, 68% used [0x0000000790000000,0x00000007a1923d68,0x00000007a9a80000)
 Metaspace       used 4433K, capacity 4960K, committed 5120K, reserved 1056768K
  class space    used 443K, capacity 464K, committed 512K, reserved 1048576K
}
Event: 8.191 GC heap before
{Heap before GC invocations=33 (full 3):
 PSYoungGen      total 198656K, used 178336K [0x00000007b0000000, 0x00000007c0000000, 0x00000007c0000000)
  eden space 141312K, 100% used [0x00000007b0000000,0x00000007b8a00000,0x00000007b8a00000)
  from space 57344K, 64% used [0x00000007b8a00000,0x00000007bae28010,0x00000007bc200000)
  to   space 55808K, 0% used [0x00000007bc980000,0x00000007bc980000,0x00000007c0000000)
 ParOldGen       total 420352K, used 287887K [0x0000000790000000, 0x00000007a9a80000, 0x00000007b0000000)
  object space 420352K, 68% used [0x0000000790000000,0x00000007a1923d68,0x00000007a9a80000)
 Metaspace       used 4437K, capacity 4960K, committed 5120K, reserved 1056768K
  class space    used 443K, capacity 464K, committed 512K, reserved 1048576K
Event: 8.224 GC heap after
Heap after GC invocations=33 (full 3):
 PSYoungGen      total 199168K, used 37024K [0x00000007b0000000, 0x00000007bfa80000, 0x00000007c0000000)
  eden space 148992K, 0% used [0x00000007b0000000,0x00000007b0000000,0x00000007b9180000)
  from space 50176K, 73% used [0x00000007bc980000,0x00000007beda8010,0x00000007bfa80000)
  to   space 53760K, 0% used [0x00000007b9180000,0x00000007b9180000,0x00000007bc600000)
 ParOldGen       total 420352K, used 287887K [0x0000000790000000, 0x00000007a9a80000, 0x00000007b0000000)
  object space 420352K, 68% used [0x0000000790000000,0x00000007a1923d68,0x00000007a9a80000)
 Metaspace       used 4437K, capacity 4960K, committed 5120K, reserved 1056768K
  class space    used 443K, capacity 464K, committed 512K, reserved 1048576K
}
Event: 8.960 GC heap before
{Heap before GC invocations=34 (full 3):
 PSYoungGen      total 199168K, used 186016K [0x00000007b0000000, 0x00000007bfa80000, 0x00000007c0000000)
  eden space 148992K, 100% used [0x00000007b0000000,0x00000007b9180000,0x00000007b9180000)
  from space 50176K, 73% used [0x00000007bc980000,0x00000007beda8010,0x00000007bfa80000)
  to   space 53760K, 0% used [0x00000007b9180000,0x00000007b9180000,0x00000007bc600000)
 ParOldGen       total 420352K, used 287887K [0x0000000790000000, 0x00000007a9a80000, 0x00000007b0000000)
  object space 420352K, 68% used [0x0000000790000000,0x00000007a1923d68,0x00000007a9a80000)
 Metaspace       used 10110K, capacity 10192K, committed 10240K, reserved 1058816K
  class space    used 1471K, capacity 1520K, committed 1536K, reserved 1048576K
Event: 8.998 GC heap after
Heap after GC invocations=34 (full 3):
 PSYoungGen      total 202752K, used 53744K [0x00000007b0000000, 0x00000007c0000000, 0x00000007c0000000)
  eden space 148992K, 0% used [0x00000007b0000000,0x00000007b0000000,0x00000007b9180000)
  from space 53760K, 99% used [0x00000007b9180000,0x00000007bc5fc2e0,0x00000007bc600000)
  to   space 59392K, 0% used [0x00000007bc600000,0x00000007bc600000,0x00000007c0000000)
 ParOldGen       total 420352K, used 289445K [0x0000000790000000, 0x00000007a9a80000, 0x00000007b0000000)
  object space 420352K, 68% used [0x0000000790000000,0x00000007a1aa9670,0x00000007a9a80000)
 Metaspace       used 10110K, capacity 10192K, committed 10240K, reserved 1058816K
  class space    used 1471K, capacity 1520K, committed 1536K, reserved 1048576K
}

