# JRE version: Java(TM) SE Runtime Environment (8.0_144-b01) (build 1.8.0_144-b01)
# Java VM: Java HotSpot(TM) 64-Bit Server VM (25.144-b01 mixed mode bsd-amd64 compressed oops)
Heap:
 PSYoungGen      total 190464K, used 28640K [0x00000007b0000000, 0x00000007bfd00000, 0x00000007c0000000)
  eden space 118784K, 0% used [0x00000007b0000000,0x00000007b0000000,0x00000007b7400000)
  from space 71680K, 39% used [0x00000007b7400000,0x00000007b8ff8010,0x00000007bba00000)
  to   space 68608K, 0% used [0x00000007bba00000,0x00000007bba00000,0x00000007bfd00000)
 ParOldGen       total 177664K, used 168861K [0x0000000790000000, 0x000000079ad80000, 0x00000007b0000000)
  object space 177664K, 95% used [0x0000000790000000,0x000000079a4e77a0,0x000000079ad80000)
 Metaspace       used 3637K, capacity 4856K, committed 5120K, reserved 1056768K
  class space    used 366K, capacity 424K, committed 512K, reserved 1048576K
GC Heap History (10 events):
Event: 2.871 GC heap after
Heap after GC invocations=10 (full 1):
 PSYoungGen      total 195072K, used 38110K [0x00000007b0000000, 0x00000007c0000000, 0x00000007c0000000)
  eden space 156672K, 0% used [0x00000007b0000000,0x00000007b0000000,0x00000007b9900000)
  from space 38400K, 99% used [0x00000007b9900000,0x00000007bbe37a28,0x00000007bbe80000)
  to   space 55296K, 0% used [0x00000007bca00000,0x00000007bca00000,0x00000007c0000000)
 ParOldGen       total 177664K, used 97487K [0x0000000790000000, 0x000000079ad80000, 0x00000007b0000000)
  object space 177664K, 54% used [0x0000000790000000,0x0000000795f33d78,0x000000079ad80000)
 Metaspace       used 3603K, capacity 4792K, committed 5120K, reserved 1056768K
  class space    used 365K, capacity 424K, committed 512K, reserved 1048576K
}
Event: 3.005 GC heap before
{Heap before GC invocations=11 (full 1):
 PSYoungGen      total 195072K, used 194782K [0x00000007b0000000, 0x00000007c0000000, 0x00000007c0000000)
  eden space 156672K, 100% used [0x00000007b0000000,0x00000007b9900000,0x00000007b9900000)
  from space 38400K, 99% used [0x00000007b9900000,0x00000007bbe37a28,0x00000007bbe80000)
  to   space 55296K, 0% used [0x00000007bca00000,0x00000007bca00000,0x00000007c0000000)
 ParOldGen       total 177664K, used 97487K [0x0000000790000000, 0x000000079ad80000, 0x00000007b0000000)
  object space 177664K, 54% used [0x0000000790000000,0x0000000795f33d78,0x000000079ad80000)
 Metaspace       used 3635K, capacity 4856K, committed 5120K, reserved 1056768K
  class space    used 366K, capacity 424K, committed 512K, reserved 1048576K
Event: 3.050 GC heap after
Heap after GC invocations=11 (full 1):
 PSYoungGen      total 189440K, used 55294K [0x00000007b0000000, 0x00000007c0000000, 0x00000007c0000000)
  eden space 134144K, 0% used [0x00000007b0000000,0x00000007b0000000,0x00000007b8300000)
  from space 55296K, 99% used [0x00000007bca00000,0x00000007bffffa28,0x00000007c0000000)
  to   space 64000K, 0% used [0x00000007b8300000,0x00000007b8300000,0x00000007bc180000)
 ParOldGen       total 177664K, used 98015K [0x0000000790000000, 0x000000079ad80000, 0x00000007b0000000)
  object space 177664K, 55% used [0x0000000790000000,0x0000000795fb7d78,0x000000079ad80000)
 Metaspace       used 3635K, capacity 4856K, committed 5120K, reserved 1056768K
  class space    used 366K, capacity 424K, committed 512K, reserved 1048576K
}
Event: 3.150 GC heap before
{Heap before GC invocations=12 (full 1):
 PSYoungGen      total 189440K, used 189438K [0x00000007b0000000, 0x00000007c0000000, 0x00000007c0000000)
  eden space 134144K, 100% used [0x00000007b0000000,0x00000007b8300000,0x00000007b8300000)
  from space 55296K, 99% used [0x00000007bca00000,0x00000007bffffa28,0x00000007c0000000)
  to   space 64000K, 0% used [0x00000007b8300000,0x00000007b8300000,0x00000007bc180000)
 ParOldGen       total 177664K, used 98015K [0x0000000790000000, 0x000000079ad80000, 0x00000007b0000000)
  object space 177664K, 55% used [0x0000000790000000,0x0000000795fb7d78,0x000000079ad80000)
 Metaspace       used 3635K, capacity 4856K, committed 5120K, reserved 1056768K
  class space    used 366K, capacity 424K, committed 512K, reserved 1048576K
Event: 3.219 GC heap after
Heap after GC invocations=12 (full 1):
 PSYoungGen      total 184832K, used 50496K [0x00000007b0000000, 0x00000007c0000000, 0x00000007c0000000)
  eden space 134144K, 0% used [0x00000007b0000000,0x00000007b0000000,0x00000007b8300000)
  from space 50688K, 99% used [0x00000007b8300000,0x00000007bb450000,0x00000007bb480000)
  to   space 68608K, 0% used [0x00000007bbd00000,0x00000007bbd00000,0x00000007c0000000)
 ParOldGen       total 177664K, used 118253K [0x0000000790000000, 0x000000079ad80000, 0x00000007b0000000)
  object space 177664K, 66% used [0x0000000790000000,0x000000079737b7a0,0x000000079ad80000)
 Metaspace       used 3635K, capacity 4856K, committed 5120K, reserved 1056768K
  class space    used 366K, capacity 424K, committed 512K, reserved 1048576K
}
Event: 3.311 GC heap before
{Heap before GC invocations=13 (full 1):
 PSYoungGen      total 184832K, used 184640K [0x00000007b0000000, 0x00000007c0000000, 0x00000007c0000000)
  eden space 134144K, 100% used [0x00000007b0000000,0x00000007b8300000,0x00000007b8300000)
  from space 50688K, 99% used [0x00000007b8300000,0x00000007bb450000,0x00000007bb480000)
  to   space 68608K, 0% used [0x00000007bbd00000,0x00000007bbd00000,0x00000007c0000000)
 ParOldGen       total 177664K, used 118253K [0x0000000790000000, 0x000000079ad80000, 0x00000007b0000000)
  object space 177664K, 66% used [0x0000000790000000,0x000000079737b7a0,0x000000079ad80000)
 Metaspace       used 3635K, capacity 4856K, committed 5120K, reserved 1056768K
  class space    used 366K, capacity 424K, committed 512K, reserved 1048576K
Event: 3.370 GC heap after
Heap after GC invocations=13 (full 1):
 PSYoungGen      total 187392K, used 49504K [0x00000007b0000000, 0x00000007c0000000, 0x00000007c0000000)
  eden space 118784K, 0% used [0x00000007b0000000,0x00000007b0000000,0x00000007b7400000)
  from space 68608K, 72% used [0x00000007bbd00000,0x00000007bed58000,0x00000007c0000000)
  to   space 71680K, 0% used [0x00000007b7400000,0x00000007b7400000,0x00000007bba00000)
 ParOldGen       total 177664K, used 135957K [0x0000000790000000, 0x000000079ad80000, 0x00000007b0000000)
  object space 177664K, 76% used [0x0000000790000000,0x00000007984c57a0,0x000000079ad80000)
 Metaspace       used 3635K, capacity 4856K, committed 5120K, reserved 1056768K
  class space    used 366K, capacity 424K, committed 512K, reserved 1048576K
}
Event: 3.492 GC heap before
{Heap before GC invocations=14 (full 1):
 PSYoungGen      total 187392K, used 168288K [0x00000007b0000000, 0x00000007c0000000, 0x00000007c0000000)
  eden space 118784K, 100% used [0x00000007b0000000,0x00000007b7400000,0x00000007b7400000)
  from space 68608K, 72% used [0x00000007bbd00000,0x00000007bed58000,0x00000007c0000000)
  to   space 71680K, 0% used [0x00000007b7400000,0x00000007b7400000,0x00000007bba00000)
 ParOldGen       total 177664K, used 135957K [0x0000000790000000, 0x000000079ad80000, 0x00000007b0000000)
  object space 177664K, 76% used [0x0000000790000000,0x00000007984c57a0,0x000000079ad80000)
 Metaspace       used 3637K, capacity 4856K, committed 5120K, reserved 1056768K
  class space    used 366K, capacity 424K, committed 512K, reserved 1048576K
Event: 3.552 GC heap after
Heap after GC invocations=14 (full 1):
 PSYoungGen      total 190464K, used 28640K [0x00000007b0000000, 0x00000007bfd00000, 0x00000007c0000000)
  eden space 118784K, 0% used [0x00000007b0000000,0x00000007b0000000,0x00000007b7400000)
  from space 71680K, 39% used [0x00000007b7400000,0x00000007b8ff8010,0x00000007bba00000)
  to   space 68608K, 0% used [0x00000007bba00000,0x00000007bba00000,0x00000007bfd00000)
 ParOldGen       total 177664K, used 168861K [0x0000000790000000, 0x000000079ad80000, 0x00000007b0000000)
  object space 177664K, 95% used [0x0000000790000000,0x000000079a4e77a0,0x000000079ad80000)
 Metaspace       used 3637K, capacity 4856K, committed 5120K, reserved 1056768K
  class space    used 366K, capacity 424K, committed 512K, reserved 1048576K
}
Event: 3.552 GC heap before
{Heap before GC invocations=15 (full 2):
 PSYoungGen      total 190464K, used 28640K [0x00000007b0000000, 0x00000007bfd00000, 0x00000007c0000000)
  eden space 118784K, 0% used [0x00000007b0000000,0x00000007b0000000,0x00000007b7400000)
  from space 71680K, 39% used [0x00000007b7400000,0x00000007b8ff8010,0x00000007bba00000)
  to   space 68608K, 0% used [0x00000007bba00000,0x00000007bba00000,0x00000007bfd00000)
 ParOldGen       total 177664K, used 168861K [0x0000000790000000, 0x000000079ad80000, 0x00000007b0000000)
  object space 177664K, 95% used [0x0000000790000000,0x000000079a4e77a0,0x000000079ad80000)
 Metaspace       used 3637K, capacity 4856K, committed 5120K, reserved 1056768K
  class space    used 366K, capacity 424K, committed 512K, reserved 1048576K

