# JRE version: Java(TM) SE Runtime Environment (8.0_144-b01) (build 1.8.0_144-b01)
# Java VM: Java HotSpot(TM) 64-Bit Server VM (25.144-b01 mixed mode bsd-amd64 compressed oops)
Heap:
 PSYoungGen      total 181248K, used 42560K [0x00000007b0000000, 0x00000007c0000000, 0x00000007c0000000)
  eden space 100352K, 0% used [0x00000007b0000000,0x00000007b0000000,0x00000007b6200000)
  from space 80896K, 52% used [0x00000007b6200000,0x00000007b8b90010,0x00000007bb100000)
  to   space 78848K, 0% used [0x00000007bb300000,0x00000007bb300000,0x00000007c0000000)
 ParOldGen       total 179712K, used 156282K [0x0000000790000000, 0x000000079af80000, 0x00000007b0000000)
  object space 179712K, 86% used [0x0000000790000000,0x000000079989eaf0,0x000000079af80000)
 Metaspace       used 3637K, capacity 4856K, committed 5120K, reserved 1056768K
  class space    used 366K, capacity 424K, committed 512K, reserved 1048576K
GC Heap History (10 events):
Event: 3.843 GC heap after
Heap after GC invocations=10 (full 1):
 PSYoungGen      total 194048K, used 36926K [0x00000007b0000000, 0x00000007c0000000, 0x00000007c0000000)
  eden space 156672K, 0% used [0x00000007b0000000,0x00000007b0000000,0x00000007b9900000)
  from space 37376K, 98% used [0x00000007b9900000,0x00000007bbd0fa18,0x00000007bbd80000)
  to   space 54784K, 0% used [0x00000007bca80000,0x00000007bca80000,0x00000007c0000000)
 ParOldGen       total 179712K, used 99140K [0x0000000790000000, 0x000000079af80000, 0x00000007b0000000)
  object space 179712K, 55% used [0x0000000790000000,0x00000007960d10d8,0x000000079af80000)
 Metaspace       used 3603K, capacity 4792K, committed 5120K, reserved 1056768K
  class space    used 365K, capacity 424K, committed 512K, reserved 1048576K
}
Event: 4.065 GC heap before
{Heap before GC invocations=11 (full 1):
 PSYoungGen      total 194048K, used 193598K [0x00000007b0000000, 0x00000007c0000000, 0x00000007c0000000)
  eden space 156672K, 100% used [0x00000007b0000000,0x00000007b9900000,0x00000007b9900000)
  from space 37376K, 98% used [0x00000007b9900000,0x00000007bbd0fa18,0x00000007bbd80000)
  to   space 54784K, 0% used [0x00000007bca80000,0x00000007bca80000,0x00000007c0000000)
 ParOldGen       total 179712K, used 99140K [0x0000000790000000, 0x000000079af80000, 0x00000007b0000000)
  object space 179712K, 55% used [0x0000000790000000,0x00000007960d10d8,0x000000079af80000)
 Metaspace       used 3635K, capacity 4856K, committed 5120K, reserved 1056768K
  class space    used 366K, capacity 424K, committed 512K, reserved 1048576K
Event: 4.124 GC heap after
Heap after GC invocations=11 (full 1):
 PSYoungGen      total 189952K, used 54782K [0x00000007b0000000, 0x00000007c0000000, 0x00000007c0000000)
  eden space 135168K, 0% used [0x00000007b0000000,0x00000007b0000000,0x00000007b8400000)
  from space 54784K, 99% used [0x00000007bca80000,0x00000007bffffa18,0x00000007c0000000)
  to   space 63488K, 0% used [0x00000007b8400000,0x00000007b8400000,0x00000007bc200000)
 ParOldGen       total 179712K, used 100540K [0x0000000790000000, 0x000000079af80000, 0x00000007b0000000)
  object space 179712K, 55% used [0x0000000790000000,0x000000079622f0d8,0x000000079af80000)
 Metaspace       used 3635K, capacity 4856K, committed 5120K, reserved 1056768K
  class space    used 366K, capacity 424K, committed 512K, reserved 1048576K
}
Event: 4.237 GC heap before
{Heap before GC invocations=12 (full 1):
 PSYoungGen      total 189952K, used 189950K [0x00000007b0000000, 0x00000007c0000000, 0x00000007c0000000)
  eden space 135168K, 100% used [0x00000007b0000000,0x00000007b8400000,0x00000007b8400000)
  from space 54784K, 99% used [0x00000007bca80000,0x00000007bffffa18,0x00000007c0000000)
  to   space 63488K, 0% used [0x00000007b8400000,0x00000007b8400000,0x00000007bc200000)
 ParOldGen       total 179712K, used 100540K [0x0000000790000000, 0x000000079af80000, 0x00000007b0000000)
  object space 179712K, 55% used [0x0000000790000000,0x000000079622f0d8,0x000000079af80000)
 Metaspace       used 3635K, capacity 4856K, committed 5120K, reserved 1056768K
  class space    used 366K, capacity 424K, committed 512K, reserved 1048576K
Event: 4.304 GC heap after
Heap after GC invocations=12 (full 1):
 PSYoungGen      total 189952K, used 54304K [0x00000007b0000000, 0x00000007c0000000, 0x00000007c0000000)
  eden space 135168K, 0% used [0x00000007b0000000,0x00000007b0000000,0x00000007b8400000)
  from space 54784K, 99% used [0x00000007b8400000,0x00000007bb908000,0x00000007bb980000)
  to   space 69632K, 0% used [0x00000007bbc00000,0x00000007bbc00000,0x00000007c0000000)
 ParOldGen       total 179712K, used 118106K [0x0000000790000000, 0x000000079af80000, 0x00000007b0000000)
  object space 179712K, 65% used [0x0000000790000000,0x0000000797356af0,0x000000079af80000)
 Metaspace       used 3635K, capacity 4856K, committed 5120K, reserved 1056768K
  class space    used 366K, capacity 424K, committed 512K, reserved 1048576K
}
Event: 4.424 GC heap before
{Heap before GC invocations=13 (full 1):
 PSYoungGen      total 189952K, used 189472K [0x00000007b0000000, 0x00000007c0000000, 0x00000007c0000000)
  eden space 135168K, 100% used [0x00000007b0000000,0x00000007b8400000,0x00000007b8400000)
  from space 54784K, 99% used [0x00000007b8400000,0x00000007bb908000,0x00000007bb980000)
  to   space 69632K, 0% used [0x00000007bbc00000,0x00000007bbc00000,0x00000007c0000000)
 ParOldGen       total 179712K, used 118106K [0x0000000790000000, 0x000000079af80000, 0x00000007b0000000)
  object space 179712K, 65% used [0x0000000790000000,0x0000000797356af0,0x000000079af80000)
 Metaspace       used 3637K, capacity 4856K, committed 5120K, reserved 1056768K
  class space    used 366K, capacity 424K, committed 512K, reserved 1048576K
Event: 4.493 GC heap after
Heap after GC invocations=13 (full 1):
 PSYoungGen      total 169984K, used 69632K [0x00000007b0000000, 0x00000007c0000000, 0x00000007c0000000)
  eden space 100352K, 0% used [0x00000007b0000000,0x00000007b0000000,0x00000007b6200000)
  from space 69632K, 100% used [0x00000007bbc00000,0x00000007c0000000,0x00000007c0000000)
  to   space 80896K, 0% used [0x00000007b6200000,0x00000007b6200000,0x00000007bb100000)
 ParOldGen       total 179712K, used 119314K [0x0000000790000000, 0x000000079af80000, 0x00000007b0000000)
  object space 179712K, 66% used [0x0000000790000000,0x0000000797484af0,0x000000079af80000)
 Metaspace       used 3637K, capacity 4856K, committed 5120K, reserved 1056768K
  class space    used 366K, capacity 424K, committed 512K, reserved 1048576K
}
Event: 4.641 GC heap before
{Heap before GC invocations=14 (full 1):
 PSYoungGen      total 169984K, used 169984K [0x00000007b0000000, 0x00000007c0000000, 0x00000007c0000000)
  eden space 100352K, 100% used [0x00000007b0000000,0x00000007b6200000,0x00000007b6200000)
  from space 69632K, 100% used [0x00000007bbc00000,0x00000007c0000000,0x00000007c0000000)
  to   space 80896K, 0% used [0x00000007b6200000,0x00000007b6200000,0x00000007bb100000)
 ParOldGen       total 179712K, used 119314K [0x0000000790000000, 0x000000079af80000, 0x00000007b0000000)
  object space 179712K, 66% used [0x0000000790000000,0x0000000797484af0,0x000000079af80000)
 Metaspace       used 3637K, capacity 4856K, committed 5120K, reserved 1056768K
  class space    used 366K, capacity 424K, committed 512K, reserved 1048576K
Event: 4.745 GC heap after
Heap after GC invocations=14 (full 1):
 PSYoungGen      total 181248K, used 42560K [0x00000007b0000000, 0x00000007c0000000, 0x00000007c0000000)
  eden space 100352K, 0% used [0x00000007b0000000,0x00000007b0000000,0x00000007b6200000)
  from space 80896K, 52% used [0x00000007b6200000,0x00000007b8b90010,0x00000007bb100000)
  to   space 78848K, 0% used [0x00000007bb300000,0x00000007bb300000,0x00000007c0000000)
 ParOldGen       total 179712K, used 156282K [0x0000000790000000, 0x000000079af80000, 0x00000007b0000000)
  object space 179712K, 86% used [0x0000000790000000,0x000000079989eaf0,0x000000079af80000)
 Metaspace       used 3637K, capacity 4856K, committed 5120K, reserved 1056768K
  class space    used 366K, capacity 424K, committed 512K, reserved 1048576K
}
Event: 4.745 GC heap before
{Heap before GC invocations=15 (full 2):
 PSYoungGen      total 181248K, used 42560K [0x00000007b0000000, 0x00000007c0000000, 0x00000007c0000000)
  eden space 100352K, 0% used [0x00000007b0000000,0x00000007b0000000,0x00000007b6200000)
  from space 80896K, 52% used [0x00000007b6200000,0x00000007b8b90010,0x00000007bb100000)
  to   space 78848K, 0% used [0x00000007bb300000,0x00000007bb300000,0x00000007c0000000)
 ParOldGen       total 179712K, used 156282K [0x0000000790000000, 0x000000079af80000, 0x00000007b0000000)
  object space 179712K, 86% used [0x0000000790000000,0x000000079989eaf0,0x000000079af80000)
 Metaspace       used 3637K, capacity 4856K, committed 5120K, reserved 1056768K
  class space    used 366K, capacity 424K, committed 512K, reserved 1048576K

